TAG: 01 09/17/2021 00:03:32.410 989.001040545144
MSG: 01 09/17/2021 00:25:58.100 Test Tag Single Shot Fired
TAG: 01 09/17/2021 00:25:58.130 999.000000007425
MSG: 01 09/17/2021 00:25:58.130 VTT Test Passed
INF: Start Of Full Status Report
 Reader:
  ID:                                         01
  Model:                                  IS1001
  S/N:                                 1929.3114
  Date:                               09/17/2021
  Time:                                 00:26:08
  Application Firmware Version:            1.7.0
  Operation Mode:                           Scan
  Network Mode:                IS1001 Standalone
  Exciter Sync. Mode:                 Standalone
  Date/Time Sync.:                      Disabled
  Beeper:                               Disabled
  Tag Display Format:                        DEC
  Initiation Delay:                     Disabled
  Reader Auto Standby Voltages:       16 V, 18 V
  Periodic Standby Start Time:              0:00
  Periodic Standby Duration:            Disabled
  Idling Time:                          Disabled
 Alarms:
  Antenna Current Low Alarm:               0.5 A
  Noise High Alarm:                          75%
  Tuning Capacit. High Alarm:                970
  Tuning Capacit. Low Alarm:                  50
  Alarms Unique Delay:                   600 sec
 Antenna/Tuning:
  Exciter Voltage Level:                       3
  Dynamic Tuning:                        Enabled
  Tuning Target Phase:                       382
  Tuning Target Phase Deviation Threshold:     4
 Communication:
  Local Port Speed:                       115200
  Tags To Local Port:                    Enabled
  Alarms To Local Port:                  Enabled
  Messages To Local Port:                Enabled
  Remote Port Protocol:                    ASCII
  Remote Port Transfer Rate:                Full
 Detection:
  HDX Tag Detection:                    Disabled
  Fastag Detection:                     Disabled
  FDXB Tag Signal Level Detection:      Disabled
  BioTherm Tag Temperature Detection:   Disabled
  Detection Counter Enabled:                 Yes
  Unique Mode:                             Delay
  Unique Delay:                           60 sec
  FDXB Detection Scan Time:               120 ms
  VTT Level:                                 128
  Auto VTT Delay:                        720 min
 Measurements:
  Antenna Current Gain:                       85
  Antenna Current Offset:                    110
 Memory:
  Tags Memory Size:                        78583
  Status Reports Memory Size:               1023
  Store Tags To Memory:                  Enabled
  Store VTT To Memory:                   Enabled
  Store Stat. Reports To Memory:         Enabled
 Reports:
  Auto Noise Report Delay:              Disabled
  Auto Status Report Delay:              720 min
 Diagnostics:
  Detection Counter:                        2442
  Tags In Memory:                      2941 (3%)
  Status Reports In Memory:            510 (49%)
  Input Voltage:                          23.5 V
  Exciter Voltage:                        15.9 V
  Antenna Tuning:                          Tuned
  Antenna Current:                         4.6 A
  Tuning Capacitors:                         282
  Tuning Phase:                              382
  Tuning Relative Phase:                       0
  FDXB Signal Level:                 95 mV (10%)
  Temperature:                            17.6 C
  Sync. Input Present:                       N/A
  Sec. Master Active:                        N/A
 Active Alarms:
  No Active Alarms
SRP: 01 09/17/2021 00:26:08.100 16,0,0,2,3,0,282,3,49,235,159,46,10,382,176,0,0,0,0,0
INF: End Of Full Status Report
MSG: 01 09/17/2021 00:50:39.360 Set Caps = 283, I = 4.5 A, PH = 381, dPH = 1
MSG: 01 09/17/2021 00:50:44.560 Set Caps = 284, I = 4.5 A, PH = 384, dPH = -2
MSG: 01 09/17/2021 00:50:57.060 Set Caps = 283, I = 4.5 A, PH = 383, dPH = -1
MSG: 01 09/17/2021 01:08:23.260 Set Caps = 282, I = 4.6 A, PH = 383, dPH = -1
MSG: 01 09/17/2021 03:36:37.560 Set Caps = 283, I = 4.5 A, PH = 382, dPH = 0
MSG: 01 09/17/2021 03:37:49.460 Set Caps = 282, I = 4.6 A, PH = 383, dPH = -1
MSG: 01 09/17/2021 03:38:03.160 Set Caps = 283, I = 4.5 A, PH = 381, dPH = 1
MSG: 01 09/17/2021 03:39:00.060 Set Caps = 284, I = 4.5 A, PH = 384, dPH = -2
MSG: 01 09/17/2021 03:39:14.260 Set Caps = 283, I = 4.5 A, PH = 383, dPH = -1
MSG: 01 09/17/2021 03:39:19.760 Set Caps = 282, I = 4.6 A, PH = 383, dPH = -1
MSG: 01 09/17/2021 03:40:50.160 Set Caps = 283, I = 4.5 A, PH = 381, dPH = 1
MSG: 01 09/17/2021 03:47:21.460 Set Caps = 282, I = 4.6 A, PH = 383, dPH = -1
MSG: 01 09/17/2021 03:47:44.460 Set Caps = 283, I = 4.5 A, PH = 381, dPH = 1
MSG: 01 09/17/2021 03:49:17.460 Set Caps = 284, I = 4.5 A, PH = 383, dPH = -1
MSG: 01 09/17/2021 03:50:15.460 Set Caps = 283, I = 4.5 A, PH = 382, dPH = 0
MSG: 01 09/17/2021 03:50:16.560 Set Caps = 282, I = 4.6 A, PH = 384, dPH = -2
MSG: 01 09/17/2021 03:50:26.660 Set Caps = 283, I = 4.5 A, PH = 381, dPH = 1
MSG: 01 09/17/2021 03:50:27.560 Set Caps = 284, I = 4.5 A, PH = 384, dPH = -2
MSG: 01 09/17/2021 03:50:34.760 Set Caps = 283, I = 4.5 A, PH = 382, dPH = 0
MSG: 01 09/17/2021 03:50:35.860 Set Caps = 282, I = 4.6 A, PH = 383, dPH = -1
MSG: 01 09/17/2021 03:50:54.660 Set Caps = 283, I = 4.5 A, PH = 380, dPH = 2
MSG: 01 09/17/2021 03:50:55.060 Set Caps = 284, I = 4.5 A, PH = 384, dPH = -2
MSG: 01 09/17/2021 03:51:42.260 Set Caps = 283, I = 4.5 A, PH = 383, dPH = -1
MSG: 01 09/17/2021 03:51:42.960 Set Caps = 282, I = 4.6 A, PH = 384, dPH = -2
MSG: 01 09/17/2021 03:51:49.260 Set Caps = 283, I = 4.5 A, PH = 380, dPH = 2
MSG: 01 09/17/2021 03:51:50.560 Set Caps = 284, I = 4.5 A, PH = 384, dPH = -2
MSG: 01 09/17/2021 03:54:10.360 Set Caps = 283, I = 4.5 A, PH = 382, dPH = 0
MSG: 01 09/17/2021 03:55:12.560 Set Caps = 282, I = 4.6 A, PH = 383, dPH = -1
MSG: 01 09/17/2021 03:55:21.160 Set Caps = 283, I = 4.5 A, PH = 380, dPH = 2
MSG: 01 09/17/2021 03:55:23.160 Set Caps = 284, I = 4.5 A, PH = 384, dPH = -2
MSG: 01 09/17/2021 03:56:06.160 Set Caps = 283, I = 4.5 A, PH = 382, dPH = 0
MSG: 01 09/17/2021 04:00:01.060 Set Caps = 282, I = 4.6 A, PH = 383, dPH = -1
MSG: 01 09/17/2021 04:00:19.460 Set Caps = 283, I = 4.5 A, PH = 381, dPH = 1
MSG: 01 09/17/2021 04:01:37.360 Set Caps = 282, I = 4.6 A, PH = 383, dPH = -1
MSG: 01 09/17/2021 04:11:46.960 Set Caps = 283, I = 4.5 A, PH = 381, dPH = 1
MSG: 01 09/17/2021 04:14:26.660 Set Caps = 282, I = 4.6 A, PH = 383, dPH = -1
MSG: 01 09/17/2021 04:19:43.460 Set Caps = 283, I = 4.5 A, PH = 381, dPH = 1
TAG: 01 09/17/2021 05:10:24.660 989.001040545140
TAG: 01 09/17/2021 05:11:24.020 989.001040545140
MSG: 01 09/17/2021 12:25:58.100 Test Tag Single Shot Fired
TAG: 01 09/17/2021 12:25:58.130 999.000000007425
MSG: 01 09/17/2021 12:25:58.130 VTT Test Passed
INF: Start Of Full Status Report
 Reader:
  ID:                                         01
  Model:                                  IS1001
  S/N:                                 1929.3114
  Date:                               09/17/2021
  Time:                                 12:26:08
  Application Firmware Version:            1.7.0
  Operation Mode:                           Scan
  Network Mode:                IS1001 Standalone
  Exciter Sync. Mode:                 Standalone
  Date/Time Sync.:                      Disabled
  Beeper:                               Disabled
  Tag Display Format:                        DEC
  Initiation Delay:                     Disabled
  Reader Auto Standby Voltages:       16 V, 18 V
  Periodic Standby Start Time:              0:00
  Periodic Standby Duration:            Disabled
  Idling Time:                          Disabled
 Alarms:
  Antenna Current Low Alarm:               0.5 A
  Noise High Alarm:                          75%
  Tuning Capacit. High Alarm:                970
  Tuning Capacit. Low Alarm:                  50
  Alarms Unique Delay:                   600 sec
 Antenna/Tuning:
  Exciter Voltage Level:                       3
  Dynamic Tuning:                        Enabled
  Tuning Target Phase:                       382
  Tuning Target Phase Deviation Threshold:     4
 Communication:
  Local Port Speed:                       115200
  Tags To Local Port:                    Enabled
  Alarms To Local Port:                  Enabled
  Messages To Local Port:                Enabled
  Remote Port Protocol:                    ASCII
  Remote Port Transfer Rate:                Full
 Detection:
  HDX Tag Detection:                    Disabled
  Fastag Detection:                     Disabled
  FDXB Tag Signal Level Detection:      Disabled
  BioTherm Tag Temperature Detection:   Disabled
  Detection Counter Enabled:                 Yes
  Unique Mode:                             Delay
  Unique Delay:                           60 sec
  FDXB Detection Scan Time:               120 ms
  VTT Level:                                 128
  Auto VTT Delay:                        720 min
 Measurements:
  Antenna Current Gain:                       85
  Antenna Current Offset:                    110
 Memory:
  Tags Memory Size:                        78583
  Status Reports Memory Size:               1023
  Store Tags To Memory:                  Enabled
  Store VTT To Memory:                   Enabled
  Store Stat. Reports To Memory:         Enabled
 Reports:
  Auto Noise Report Delay:              Disabled
  Auto Status Report Delay:              720 min
 Diagnostics:
  Detection Counter:                        2444
  Tags In Memory:                      2944 (3%)
  Status Reports In Memory:            511 (49%)
  Input Voltage:                          23.5 V
  Exciter Voltage:                        15.9 V
  Antenna Tuning:                          Tuned
  Antenna Current:                         4.5 A
  Tuning Capacitors:                         283
  Tuning Phase:                              382
  Tuning Relative Phase:                       0
  FDXB Signal Level:                212 mV (23%)
  Temperature:                            18.1 C
  Sync. Input Present:                       N/A
  Sec. Master Active:                        N/A
 Active Alarms:
  No Active Alarms
SRP: 01 09/17/2021 12:26:08.100 16,0,0,2,3,0,283,3,49,235,159,45,23,382,181,0,0,0,0,0
INF: End Of Full Status Report
TAG: 01 09/17/2021 19:59:51.680 989.001034179268
TAG: 01 09/17/2021 20:30:58.430 989.001040545144
TAG: 01 09/17/2021 20:54:58.240 989.001038204109
TAG: 01 09/17/2021 21:02:17.470 989.001038204102
TAG: 01 09/17/2021 21:15:51.520 989.001034179091
TAG: 01 09/17/2021 21:16:54.680 989.001038204116
TAG: 01 09/17/2021 21:23:16.460 989.001040545212
TAG: 01 09/17/2021 21:24:38.280 989.001040545212
TAG: 01 09/17/2021 21:28:39.460 989.001040545175
TAG: 01 09/17/2021 21:31:51.230 989.001040545175
TAG: 01 09/17/2021 21:33:13.050 989.001034179324
TAG: 01 09/17/2021 21:40:20.150 989.001040545146
TAG: 01 09/17/2021 21:40:29.130 989.001040545141
TAG: 01 09/17/2021 21:42:04.770 989.001040545146
TAG: 01 09/17/2021 21:49:11.790 989.001034179332
TAG: 01 09/17/2021 22:05:42.250 989.001034179106
TAG: 01 09/17/2021 22:19:03.210 989.001038204101
TAG: 01 09/17/2021 22:23:17.450 989.001038204118
TAG: 01 09/17/2021 22:27:23.920 989.001034179319
TAG: 01 09/17/2021 22:28:24.640 989.001034179319
TAG: 01 09/17/2021 22:28:38.380 989.001034179075
TAG: 01 09/17/2021 22:29:28.220 989.001034179319
TAG: 01 09/17/2021 22:30:33.810 989.001034179319
TAG: 01 09/17/2021 22:31:34.490 989.001034179319
TAG: 01 09/17/2021 22:35:38.800 989.001034179160
TAG: 01 09/17/2021 22:37:52.920 989.001034179160
TAG: 01 09/17/2021 22:38:52.020 989.001034179160
TAG: 01 09/17/2021 22:39:53.050 989.001034179160
TAG: 01 09/17/2021 22:40:53.160 989.001034179075
TAG: 01 09/17/2021 22:40:55.400 989.001034179160
TAG: 01 09/17/2021 22:42:20.440 989.001034179160
TAG: 01 09/17/2021 22:44:56.700 989.001034179160
TAG: 01 09/17/2021 22:50:00.930 989.001034179160
TAG: 01 09/17/2021 22:51:09.620 989.001034179160
TAG: 01 09/17/2021 22:52:13.730 989.001034179160
TAG: 01 09/17/2021 22:53:27.420 989.001034179160
TAG: 01 09/17/2021 22:54:29.380 989.001034179160
TAG: 01 09/17/2021 22:59:45.200 989.001040545202
TAG: 01 09/17/2021 23:00:45.000 989.001040545202
TAG: 01 09/17/2021 23:01:56.350 989.001040545202
TAG: 01 09/17/2021 23:03:01.140 989.001040545202
TAG: 01 09/17/2021 23:04:02.220 989.001040545202
TAG: 01 09/17/2021 23:17:30.450 989.001034179325
TAG: 01 09/17/2021 23:18:03.040 989.001038204048
TAG: 01 09/17/2021 23:24:40.950 989.001034179160
TAG: 01 09/17/2021 23:28:41.340 989.001034179030
TAG: 01 09/17/2021 23:29:48.400 989.001034179030
TAG: 01 09/17/2021 23:31:07.150 989.001034179030
TAG: 01 09/17/2021 23:32:17.560 989.001034179030
TAG: 01 09/17/2021 23:33:18.550 989.001034179030
TAG: 01 09/17/2021 23:56:50.730 989.001034179051
