MSG: 01 09/03/2021 00:25:58.100 Test Tag Single Shot Fired
TAG: 01 09/03/2021 00:25:58.130 999.000000007425
MSG: 01 09/03/2021 00:25:58.130 VTT Test Passed
INF: Start Of Full Status Report
 Reader:
  ID:                                         01
  Model:                                  IS1001
  S/N:                                 1929.3114
  Date:                               09/03/2021
  Time:                                 00:26:08
  Application Firmware Version:            1.7.0
  Operation Mode:                           Scan
  Network Mode:                IS1001 Standalone
  Exciter Sync. Mode:                 Standalone
  Date/Time Sync.:                      Disabled
  Beeper:                               Disabled
  Tag Display Format:                        DEC
  Initiation Delay:                     Disabled
  Reader Auto Standby Voltages:       16 V, 18 V
  Periodic Standby Start Time:              0:00
  Periodic Standby Duration:            Disabled
  Idling Time:                          Disabled
 Alarms:
  Antenna Current Low Alarm:               0.5 A
  Noise High Alarm:                          75%
  Tuning Capacit. High Alarm:                970
  Tuning Capacit. Low Alarm:                  50
  Alarms Unique Delay:                   600 sec
 Antenna/Tuning:
  Exciter Voltage Level:                       3
  Dynamic Tuning:                        Enabled
  Tuning Target Phase:                       382
  Tuning Target Phase Deviation Threshold:     3
 Communication:
  Local Port Speed:                       115200
  Tags To Local Port:                    Enabled
  Alarms To Local Port:                  Enabled
  Messages To Local Port:                Enabled
  Remote Port Protocol:                    ASCII
  Remote Port Transfer Rate:                Full
 Detection:
  HDX Tag Detection:                    Disabled
  Fastag Detection:                     Disabled
  FDXB Tag Signal Level Detection:      Disabled
  BioTherm Tag Temperature Detection:   Disabled
  Detection Counter Enabled:                 Yes
  Unique Mode:                             Delay
  Unique Delay:                           60 sec
  FDXB Detection Scan Time:               120 ms
  VTT Level:                                 128
  Auto VTT Delay:                        720 min
 Measurements:
  Antenna Current Gain:                       85
  Antenna Current Offset:                    110
 Memory:
  Tags Memory Size:                        78583
  Status Reports Memory Size:               1023
  Store Tags To Memory:                  Enabled
  Store VTT To Memory:                   Enabled
  Store Stat. Reports To Memory:         Enabled
 Reports:
  Auto Noise Report Delay:              Disabled
  Auto Status Report Delay:              720 min
 Diagnostics:
  Detection Counter:                        1989
  Tags In Memory:                      2460 (3%)
  Status Reports In Memory:            481 (47%)
  Input Voltage:                          23.5 V
  Exciter Voltage:                        15.9 V
  Antenna Tuning:                          Tuned
  Antenna Current:                         4.5 A
  Tuning Capacitors:                         284
  Tuning Phase:                              384
  Tuning Relative Phase:                      -2
  FDXB Signal Level:                  87 mV (9%)
  Temperature:                            17.6 C
  Sync. Input Present:                       N/A
  Sec. Master Active:                        N/A
 Active Alarms:
  No Active Alarms
SRP: 01 09/03/2021 00:26:08.100 16,0,0,2,3,-2,284,3,47,235,159,45,9,384,176,0,0,0,0,0
INF: End Of Full Status Report
TAG: 01 09/03/2021 02:22:09.850 989.001034179275
TAG: 01 09/03/2021 02:26:33.740 989.001034179275
MSG: 01 09/03/2021 02:42:44.850 Set Caps = 283, I = 4.5 A, PH = 380, dPH = 2
MSG: 01 09/03/2021 03:04:13.550 Set Caps = 284, I = 4.5 A, PH = 385, dPH = -3
MSG: 01 09/03/2021 03:35:21.550 Set Caps = 283, I = 4.5 A, PH = 381, dPH = 1
MSG: 01 09/03/2021 06:24:24.750 Set Caps = 284, I = 4.5 A, PH = 385, dPH = -3
MSG: 01 09/03/2021 06:30:53.750 Set Caps = 283, I = 4.5 A, PH = 381, dPH = 1
MSG: 01 09/03/2021 06:47:45.850 Set Caps = 284, I = 4.5 A, PH = 385, dPH = -3
MSG: 01 09/03/2021 06:54:23.350 Set Caps = 283, I = 4.5 A, PH = 381, dPH = 1
MSG: 01 09/03/2021 12:18:12.250 Set Caps = 284, I = 4.5 A, PH = 385, dPH = -3
MSG: 01 09/03/2021 12:25:58.100 Test Tag Single Shot Fired
TAG: 01 09/03/2021 12:25:58.130 999.000000007425
MSG: 01 09/03/2021 12:25:58.130 VTT Test Passed
INF: Start Of Full Status Report
 Reader:
  ID:                                         01
  Model:                                  IS1001
  S/N:                                 1929.3114
  Date:                               09/03/2021
  Time:                                 12:26:08
  Application Firmware Version:            1.7.0
  Operation Mode:                           Scan
  Network Mode:                IS1001 Standalone
  Exciter Sync. Mode:                 Standalone
  Date/Time Sync.:                      Disabled
  Beeper:                               Disabled
  Tag Display Format:                        DEC
  Initiation Delay:                     Disabled
  Reader Auto Standby Voltages:       16 V, 18 V
  Periodic Standby Start Time:              0:00
  Periodic Standby Duration:            Disabled
  Idling Time:                          Disabled
 Alarms:
  Antenna Current Low Alarm:               0.5 A
  Noise High Alarm:                          75%
  Tuning Capacit. High Alarm:                970
  Tuning Capacit. Low Alarm:                  50
  Alarms Unique Delay:                   600 sec
 Antenna/Tuning:
  Exciter Voltage Level:                       3
  Dynamic Tuning:                        Enabled
  Tuning Target Phase:                       382
  Tuning Target Phase Deviation Threshold:     3
 Communication:
  Local Port Speed:                       115200
  Tags To Local Port:                    Enabled
  Alarms To Local Port:                  Enabled
  Messages To Local Port:                Enabled
  Remote Port Protocol:                    ASCII
  Remote Port Transfer Rate:                Full
 Detection:
  HDX Tag Detection:                    Disabled
  Fastag Detection:                     Disabled
  FDXB Tag Signal Level Detection:      Disabled
  BioTherm Tag Temperature Detection:   Disabled
  Detection Counter Enabled:                 Yes
  Unique Mode:                             Delay
  Unique Delay:                           60 sec
  FDXB Detection Scan Time:               120 ms
  VTT Level:                                 128
  Auto VTT Delay:                        720 min
 Measurements:
  Antenna Current Gain:                       85
  Antenna Current Offset:                    110
 Memory:
  Tags Memory Size:                        78583
  Status Reports Memory Size:               1023
  Store Tags To Memory:                  Enabled
  Store VTT To Memory:                   Enabled
  Store Stat. Reports To Memory:         Enabled
 Reports:
  Auto Noise Report Delay:              Disabled
  Auto Status Report Delay:              720 min
 Diagnostics:
  Detection Counter:                        1991
  Tags In Memory:                      2463 (3%)
  Status Reports In Memory:            482 (47%)
  Input Voltage:                          23.5 V
  Exciter Voltage:                        15.9 V
  Antenna Tuning:                          Tuned
  Antenna Current:                         4.5 A
  Tuning Capacitors:                         284
  Tuning Phase:                              385
  Tuning Relative Phase:                      -3
  FDXB Signal Level:                112 mV (12%)
  Temperature:                            17.6 C
  Sync. Input Present:                       N/A
  Sec. Master Active:                        N/A
 Active Alarms:
  No Active Alarms
SRP: 01 09/03/2021 12:26:08.100 16,0,0,2,3,-3,284,3,47,235,159,45,12,385,176,0,0,0,0,0
INF: End Of Full Status Report
MSG: 01 09/03/2021 12:36:18.550 Set Caps = 283, I = 4.5 A, PH = 381, dPH = 1
TAG: 01 09/03/2021 21:19:15.950 989.001034179277
TAG: 01 09/03/2021 22:14:17.840 989.001034179091
TAG: 01 09/03/2021 22:19:41.100 989.001034179250
TAG: 01 09/03/2021 22:44:02.850 989.001034179106
TAG: 01 09/03/2021 23:08:01.310 989.001034179264
TAG: 01 09/03/2021 23:34:43.730 989.001034179253
TAG: 01 09/03/2021 23:35:59.780 989.001034179253
TAG: 01 09/03/2021 23:47:18.740 989.001034179044
TAG: 01 09/03/2021 23:48:18.000 989.001034179044
