TAG: 01 09/08/2021 00:06:59.940 989.001034179195
TAG: 01 09/08/2021 00:14:39.710 989.001034179330
TAG: 01 09/08/2021 00:24:23.690 989.001040545207
MSG: 01 09/08/2021 00:25:58.100 Test Tag Single Shot Fired
TAG: 01 09/08/2021 00:25:58.130 999.000000007425
MSG: 01 09/08/2021 00:25:58.130 VTT Test Passed
INF: Start Of Full Status Report
 Reader:
  ID:                                         01
  Model:                                  IS1001
  S/N:                                 1929.3114
  Date:                               09/08/2021
  Time:                                 00:26:08
  Application Firmware Version:            1.7.0
  Operation Mode:                           Scan
  Network Mode:                IS1001 Standalone
  Exciter Sync. Mode:                 Standalone
  Date/Time Sync.:                      Disabled
  Beeper:                               Disabled
  Tag Display Format:                        DEC
  Initiation Delay:                     Disabled
  Reader Auto Standby Voltages:       16 V, 18 V
  Periodic Standby Start Time:              0:00
  Periodic Standby Duration:            Disabled
  Idling Time:                          Disabled
 Alarms:
  Antenna Current Low Alarm:               0.5 A
  Noise High Alarm:                          75%
  Tuning Capacit. High Alarm:                970
  Tuning Capacit. Low Alarm:                  50
  Alarms Unique Delay:                   600 sec
 Antenna/Tuning:
  Exciter Voltage Level:                       3
  Dynamic Tuning:                        Enabled
  Tuning Target Phase:                       382
  Tuning Target Phase Deviation Threshold:     3
 Communication:
  Local Port Speed:                       115200
  Tags To Local Port:                    Enabled
  Alarms To Local Port:                  Enabled
  Messages To Local Port:                Enabled
  Remote Port Protocol:                    ASCII
  Remote Port Transfer Rate:                Full
 Detection:
  HDX Tag Detection:                    Disabled
  Fastag Detection:                     Disabled
  FDXB Tag Signal Level Detection:      Disabled
  BioTherm Tag Temperature Detection:   Disabled
  Detection Counter Enabled:                 Yes
  Unique Mode:                             Delay
  Unique Delay:                           60 sec
  FDXB Detection Scan Time:               120 ms
  VTT Level:                                 128
  Auto VTT Delay:                        720 min
 Measurements:
  Antenna Current Gain:                       85
  Antenna Current Offset:                    110
 Memory:
  Tags Memory Size:                        78583
  Status Reports Memory Size:               1023
  Store Tags To Memory:                  Enabled
  Store VTT To Memory:                   Enabled
  Store Stat. Reports To Memory:         Enabled
 Reports:
  Auto Noise Report Delay:              Disabled
  Auto Status Report Delay:              720 min
 Diagnostics:
  Detection Counter:                        2081
  Tags In Memory:                      2562 (3%)
  Status Reports In Memory:            491 (47%)
  Input Voltage:                          23.5 V
  Exciter Voltage:                        15.9 V
  Antenna Tuning:                          Tuned
  Antenna Current:                         4.6 A
  Tuning Capacitors:                         283
  Tuning Phase:                              380
  Tuning Relative Phase:                       2
  FDXB Signal Level:                  73 mV (8%)
  Temperature:                            17.7 C
  Sync. Input Present:                       N/A
  Sec. Master Active:                        N/A
 Active Alarms:
  No Active Alarms
SRP: 01 09/08/2021 00:26:08.100 16,0,0,2,3,2,283,3,47,235,159,46,8,380,177,0,0,0,0,0
INF: End Of Full Status Report
TAG: 01 09/08/2021 00:26:29.630 989.001038204116
TAG: 01 09/08/2021 00:32:46.110 989.001034179040
TAG: 01 09/08/2021 01:15:13.590 989.001034179253
TAG: 01 09/08/2021 01:42:04.100 989.001034179277
TAG: 01 09/08/2021 01:48:17.810 989.001038204118
TAG: 01 09/08/2021 01:57:32.130 989.001040545164
TAG: 01 09/08/2021 02:21:50.270 989.001034179045
TAG: 01 09/08/2021 02:22:51.220 989.001034179045
TAG: 01 09/08/2021 02:35:25.770 989.001034179275
TAG: 01 09/08/2021 02:35:34.140 989.001040545165
TAG: 01 09/08/2021 02:43:02.840 989.001040545184
TAG: 01 09/08/2021 02:51:34.690 989.001038204081
TAG: 01 09/08/2021 02:52:35.360 989.001034179106
TAG: 01 09/08/2021 02:53:47.800 989.001034179106
TAG: 01 09/08/2021 02:54:54.630 989.001034179106
TAG: 01 09/08/2021 03:28:11.980 989.001038204118
TAG: 01 09/08/2021 03:33:40.730 989.001040545146
TAG: 01 09/08/2021 03:34:40.520 989.001040545146
TAG: 01 09/08/2021 03:35:56.300 989.001040545146
TAG: 01 09/08/2021 04:36:24.300 989.001040545224
TAG: 01 09/08/2021 05:08:06.830 989.001040545198
TAG: 01 09/08/2021 05:21:35.540 989.001040545165
TAG: 01 09/08/2021 05:22:44.740 989.001040545165
TAG: 01 09/08/2021 05:26:43.020 989.001040545165
TAG: 01 09/08/2021 05:28:09.980 989.001040545165
TAG: 01 09/08/2021 05:31:46.920 989.001040545165
MSG: 01 09/08/2021 12:25:58.100 Test Tag Single Shot Fired
TAG: 01 09/08/2021 12:25:58.130 999.000000007425
MSG: 01 09/08/2021 12:25:58.130 VTT Test Passed
INF: Start Of Full Status Report
 Reader:
  ID:                                         01
  Model:                                  IS1001
  S/N:                                 1929.3114
  Date:                               09/08/2021
  Time:                                 12:26:08
  Application Firmware Version:            1.7.0
  Operation Mode:                           Scan
  Network Mode:                IS1001 Standalone
  Exciter Sync. Mode:                 Standalone
  Date/Time Sync.:                      Disabled
  Beeper:                               Disabled
  Tag Display Format:                        DEC
  Initiation Delay:                     Disabled
  Reader Auto Standby Voltages:       16 V, 18 V
  Periodic Standby Start Time:              0:00
  Periodic Standby Duration:            Disabled
  Idling Time:                          Disabled
 Alarms:
  Antenna Current Low Alarm:               0.5 A
  Noise High Alarm:                          75%
  Tuning Capacit. High Alarm:                970
  Tuning Capacit. Low Alarm:                  50
  Alarms Unique Delay:                   600 sec
 Antenna/Tuning:
  Exciter Voltage Level:                       3
  Dynamic Tuning:                        Enabled
  Tuning Target Phase:                       382
  Tuning Target Phase Deviation Threshold:     3
 Communication:
  Local Port Speed:                       115200
  Tags To Local Port:                    Enabled
  Alarms To Local Port:                  Enabled
  Messages To Local Port:                Enabled
  Remote Port Protocol:                    ASCII
  Remote Port Transfer Rate:                Full
 Detection:
  HDX Tag Detection:                    Disabled
  Fastag Detection:                     Disabled
  FDXB Tag Signal Level Detection:      Disabled
  BioTherm Tag Temperature Detection:   Disabled
  Detection Counter Enabled:                 Yes
  Unique Mode:                             Delay
  Unique Delay:                           60 sec
  FDXB Detection Scan Time:               120 ms
  VTT Level:                                 128
  Auto VTT Delay:                        720 min
 Measurements:
  Antenna Current Gain:                       85
  Antenna Current Offset:                    110
 Memory:
  Tags Memory Size:                        78583
  Status Reports Memory Size:               1023
  Store Tags To Memory:                  Enabled
  Store VTT To Memory:                   Enabled
  Store Stat. Reports To Memory:         Enabled
 Reports:
  Auto Noise Report Delay:              Disabled
  Auto Status Report Delay:              720 min
 Diagnostics:
  Detection Counter:                        2107
  Tags In Memory:                      2589 (3%)
  Status Reports In Memory:            492 (48%)
  Input Voltage:                          23.6 V
  Exciter Voltage:                        15.9 V
  Antenna Tuning:                          Tuned
  Antenna Current:                         4.6 A
  Tuning Capacitors:                         283
  Tuning Phase:                              381
  Tuning Relative Phase:                       1
  FDXB Signal Level:                205 mV (22%)
  Temperature:                            18.6 C
  Sync. Input Present:                       N/A
  Sec. Master Active:                        N/A
 Active Alarms:
  No Active Alarms
SRP: 01 09/08/2021 12:26:08.100 16,0,0,2,3,1,283,3,48,236,159,46,22,381,186,0,0,0,0,0
INF: End Of Full Status Report
MSG: 01 09/08/2021 17:58:49.850 Set Caps = 284, I = 4.6 A, PH = 385, dPH = -3
MSG: 01 09/08/2021 17:59:17.050 Set Caps = 283, I = 4.6 A, PH = 382, dPH = 0
TAG: 01 09/08/2021 20:05:07.390 989.001034179040
TAG: 01 09/08/2021 20:53:51.840 989.001034179030
TAG: 01 09/08/2021 21:11:11.240 989.001040545144
TAG: 01 09/08/2021 21:13:58.920 989.001040545146
TAG: 01 09/08/2021 21:14:11.920 989.001040545165
TAG: 01 09/08/2021 21:23:55.090 989.001034179277
TAG: 01 09/08/2021 21:28:35.880 989.001040545202
TAG: 01 09/08/2021 21:29:35.020 989.001040545202
TAG: 01 09/08/2021 21:30:41.810 989.001040545202
TAG: 01 09/08/2021 21:31:43.570 989.001040545202
TAG: 01 09/08/2021 22:27:54.920 989.001040545212
TAG: 01 09/08/2021 22:44:15.940 989.001034179268
TAG: 01 09/08/2021 22:44:59.820 989.001040545197
TAG: 01 09/08/2021 22:53:42.830 989.001040545192
TAG: 01 09/08/2021 22:54:42.530 989.001040545192
TAG: 01 09/08/2021 22:59:56.130 989.001034179253
TAG: 01 09/08/2021 23:01:06.520 989.001034179253
TAG: 01 09/08/2021 23:02:36.840 989.001034179253
TAG: 01 09/08/2021 23:03:55.760 989.001034179253
TAG: 01 09/08/2021 23:10:03.900 989.001038204118
TAG: 01 09/08/2021 23:25:56.880 989.001038204065
TAG: 01 09/08/2021 23:41:49.020 989.001034179076
