MSG: 01 09/24/2021 00:25:58.100 Test Tag Single Shot Fired
TAG: 01 09/24/2021 00:25:58.140 999.000000007425
MSG: 01 09/24/2021 00:25:58.140 VTT Test Passed
INF: Start Of Full Status Report
 Reader:
  ID:                                         01
  Model:                                  IS1001
  S/N:                                 1929.3114
  Date:                               09/24/2021
  Time:                                 00:26:08
  Application Firmware Version:            1.7.0
  Operation Mode:                           Scan
  Network Mode:                IS1001 Standalone
  Exciter Sync. Mode:                 Standalone
  Date/Time Sync.:                      Disabled
  Beeper:                               Disabled
  Tag Display Format:                        DEC
  Initiation Delay:                     Disabled
  Reader Auto Standby Voltages:       16 V, 18 V
  Periodic Standby Start Time:              0:00
  Periodic Standby Duration:            Disabled
  Idling Time:                          Disabled
 Alarms:
  Antenna Current Low Alarm:               0.5 A
  Noise High Alarm:                          75%
  Tuning Capacit. High Alarm:                970
  Tuning Capacit. Low Alarm:                  50
  Alarms Unique Delay:                   600 sec
 Antenna/Tuning:
  Exciter Voltage Level:                       3
  Dynamic Tuning:                        Enabled
  Tuning Target Phase:                       382
  Tuning Target Phase Deviation Threshold:     4
 Communication:
  Local Port Speed:                       115200
  Tags To Local Port:                    Enabled
  Alarms To Local Port:                  Enabled
  Messages To Local Port:                Enabled
  Remote Port Protocol:                    ASCII
  Remote Port Transfer Rate:                Full
 Detection:
  HDX Tag Detection:                    Disabled
  Fastag Detection:                     Disabled
  FDXB Tag Signal Level Detection:      Disabled
  BioTherm Tag Temperature Detection:   Disabled
  Detection Counter Enabled:                 Yes
  Unique Mode:                             Delay
  Unique Delay:                           60 sec
  FDXB Detection Scan Time:               120 ms
  VTT Level:                                 128
  Auto VTT Delay:                        720 min
 Measurements:
  Antenna Current Gain:                       85
  Antenna Current Offset:                    110
 Memory:
  Tags Memory Size:                        78583
  Status Reports Memory Size:               1023
  Store Tags To Memory:                  Enabled
  Store VTT To Memory:                   Enabled
  Store Stat. Reports To Memory:         Enabled
 Reports:
  Auto Noise Report Delay:              Disabled
  Auto Status Report Delay:              720 min
 Diagnostics:
  Detection Counter:                        2565
  Tags In Memory:                      3078 (3%)
  Status Reports In Memory:            524 (51%)
  Input Voltage:                          23.5 V
  Exciter Voltage:                        15.9 V
  Antenna Tuning:                          Tuned
  Antenna Current:                         4.7 A
  Tuning Capacitors:                         381
  Tuning Phase:                              381
  Tuning Relative Phase:                       1
  FDXB Signal Level:                228 mV (25%)
  Temperature:                            18.2 C
  Sync. Input Present:                       N/A
  Sec. Master Active:                        N/A
 Active Alarms:
  No Active Alarms
SRP: 01 09/24/2021 00:26:08.100 16,0,0,2,3,1,381,3,51,235,159,47,25,381,182,0,0,0,0,0
INF: End Of Full Status Report
ALM: 01 09/24/2021 07:19:32.230 Noise High
MSG: 01 09/24/2021 07:19:34.630 Noise In Spec.
ALM: 01 09/24/2021 07:19:35.430 Noise High
MSG: 01 09/24/2021 07:19:38.230 Noise In Spec.
ALM: 01 09/24/2021 07:20:15.930 Noise High
MSG: 01 09/24/2021 07:20:17.130 Noise In Spec.
ALM: 01 09/24/2021 07:20:17.630 Noise High
MSG: 01 09/24/2021 07:20:18.830 Noise In Spec.
ALM: 01 09/24/2021 07:20:55.030 Noise High
MSG: 01 09/24/2021 07:20:56.330 Noise In Spec.
ALM: 01 09/24/2021 07:21:34.030 Noise High
MSG: 01 09/24/2021 07:21:35.130 Noise In Spec.
ALM: 01 09/24/2021 07:21:35.730 Noise High
MSG: 01 09/24/2021 07:21:36.430 Noise In Spec.
ALM: 01 09/24/2021 07:22:12.930 Noise High
MSG: 01 09/24/2021 07:22:15.630 Noise In Spec.
ALM: 01 09/24/2021 07:22:51.930 Noise High
MSG: 01 09/24/2021 07:22:54.530 Noise In Spec.
ALM: 01 09/24/2021 07:23:30.830 Noise High
MSG: 01 09/24/2021 07:23:33.330 Noise In Spec.
ALM: 01 09/24/2021 07:24:09.930 Noise High
MSG: 01 09/24/2021 07:24:12.630 Noise In Spec.
ALM: 01 09/24/2021 07:24:22.630 Noise High
MSG: 01 09/24/2021 07:24:25.130 Noise In Spec.
ALM: 01 09/24/2021 07:24:41.430 Noise High
MSG: 01 09/24/2021 07:24:44.030 Noise In Spec.
ALM: 01 09/24/2021 07:25:03.030 Noise High
MSG: 01 09/24/2021 07:25:05.430 Noise In Spec.
ALM: 01 09/24/2021 07:25:12.830 Noise High
MSG: 01 09/24/2021 07:25:15.130 Noise In Spec.
ALM: 01 09/24/2021 07:39:25.030 Noise High
MSG: 01 09/24/2021 07:39:25.430 Noise In Spec.
ALM: 01 09/24/2021 07:39:46.130 Noise High
MSG: 01 09/24/2021 07:39:46.830 Noise In Spec.
ALM: 01 09/24/2021 07:39:57.930 Noise High
MSG: 01 09/24/2021 07:39:58.730 Noise In Spec.
ALM: 01 09/24/2021 07:49:53.030 Noise High
MSG: 01 09/24/2021 07:49:53.430 Noise In Spec.
ALM: 01 09/24/2021 07:50:21.130 Noise High
MSG: 01 09/24/2021 07:50:21.530 Noise In Spec.
ALM: 01 09/24/2021 07:58:10.130 Noise High
MSG: 01 09/24/2021 07:58:10.530 Noise In Spec.
ALM: 01 09/24/2021 07:58:11.430 Noise High
MSG: 01 09/24/2021 07:58:11.830 Noise In Spec.
ALM: 01 09/24/2021 07:59:50.930 Noise High
MSG: 01 09/24/2021 07:59:51.630 Noise In Spec.
ALM: 01 09/24/2021 08:00:05.630 Noise High
MSG: 01 09/24/2021 08:00:06.030 Noise In Spec.
ALM: 01 09/24/2021 08:00:07.430 Noise High
MSG: 01 09/24/2021 08:00:07.830 Noise In Spec.
ALM: 01 09/24/2021 08:00:19.730 Noise High
MSG: 01 09/24/2021 08:00:20.330 Noise In Spec.
ALM: 01 09/24/2021 08:00:21.830 Noise High
MSG: 01 09/24/2021 08:00:22.230 Noise In Spec.
ALM: 01 09/24/2021 08:09:41.530 Noise High
MSG: 01 09/24/2021 08:09:42.830 Noise In Spec.
ALM: 01 09/24/2021 08:09:44.530 Noise High
MSG: 01 09/24/2021 08:09:45.730 Noise In Spec.
ALM: 01 09/24/2021 08:09:56.330 Noise High
MSG: 01 09/24/2021 08:09:57.230 Noise In Spec.
ALM: 01 09/24/2021 08:10:10.830 Noise High
MSG: 01 09/24/2021 08:10:11.730 Noise In Spec.
ALM: 01 09/24/2021 08:10:13.430 Noise High
MSG: 01 09/24/2021 08:10:14.430 Noise In Spec.
ALM: 01 09/24/2021 08:19:40.630 Noise High
MSG: 01 09/24/2021 08:19:41.730 Noise In Spec.
ALM: 01 09/24/2021 08:19:54.730 Noise High
MSG: 01 09/24/2021 08:19:55.730 Noise In Spec.
ALM: 01 09/24/2021 08:19:57.430 Noise High
MSG: 01 09/24/2021 08:19:58.430 Noise In Spec.
ALM: 01 09/24/2021 08:20:08.830 Noise High
MSG: 01 09/24/2021 08:20:09.830 Noise In Spec.
ALM: 01 09/24/2021 08:29:46.230 Noise High
MSG: 01 09/24/2021 08:29:47.430 Noise In Spec.
ALM: 01 09/24/2021 08:29:48.330 Noise High
MSG: 01 09/24/2021 08:29:49.730 Noise In Spec.
ALM: 01 09/24/2021 08:30:00.230 Noise High
MSG: 01 09/24/2021 08:30:01.330 Noise In Spec.
ALM: 01 09/24/2021 08:30:02.830 Noise High
MSG: 01 09/24/2021 08:30:03.530 Noise In Spec.
ALM: 01 09/24/2021 08:30:14.330 Noise High
MSG: 01 09/24/2021 08:30:15.430 Noise In Spec.
ALM: 01 09/24/2021 08:30:16.730 Noise High
MSG: 01 09/24/2021 08:30:17.930 Noise In Spec.
ALM: 01 09/24/2021 08:34:50.230 Noise High
MSG: 01 09/24/2021 08:34:50.630 Noise In Spec.
ALM: 01 09/24/2021 08:34:55.730 Noise High
MSG: 01 09/24/2021 08:34:56.130 Noise In Spec.
ALM: 01 09/24/2021 08:34:59.130 Noise High
MSG: 01 09/24/2021 08:34:59.530 Noise In Spec.
ALM: 01 09/24/2021 08:35:46.930 Noise High
MSG: 01 09/24/2021 08:35:47.330 Noise In Spec.
ALM: 01 09/24/2021 08:37:16.930 Noise High
MSG: 01 09/24/2021 08:37:17.330 Noise In Spec.
ALM: 01 09/24/2021 08:38:15.730 Noise High
MSG: 01 09/24/2021 08:38:16.130 Noise In Spec.
ALM: 01 09/24/2021 08:38:17.530 Noise High
MSG: 01 09/24/2021 08:38:17.930 Noise In Spec.
ALM: 01 09/24/2021 08:38:23.830 Noise High
MSG: 01 09/24/2021 08:38:24.230 Noise In Spec.
ALM: 01 09/24/2021 08:39:31.730 Noise High
MSG: 01 09/24/2021 08:39:32.130 Noise In Spec.
ALM: 01 09/24/2021 08:39:45.230 Noise High
MSG: 01 09/24/2021 08:39:46.330 Noise In Spec.
ALM: 01 09/24/2021 08:39:59.330 Noise High
MSG: 01 09/24/2021 08:40:00.330 Noise In Spec.
ALM: 01 09/24/2021 08:40:02.130 Noise High
MSG: 01 09/24/2021 08:40:02.930 Noise In Spec.
ALM: 01 09/24/2021 08:40:30.130 Noise High
MSG: 01 09/24/2021 08:40:30.530 Noise In Spec.
ALM: 01 09/24/2021 08:49:36.230 Noise High
MSG: 01 09/24/2021 08:49:37.430 Noise In Spec.
ALM: 01 09/24/2021 08:49:51.130 Noise High
MSG: 01 09/24/2021 08:49:52.130 Noise In Spec.
ALM: 01 09/24/2021 08:49:53.930 Noise High
MSG: 01 09/24/2021 08:49:54.430 Noise In Spec.
ALM: 01 09/24/2021 08:50:07.030 Noise High
MSG: 01 09/24/2021 08:50:08.130 Noise In Spec.
ALM: 01 09/24/2021 08:53:42.630 Noise High
MSG: 01 09/24/2021 08:53:43.030 Noise In Spec.
ALM: 01 09/24/2021 08:59:34.930 Noise High
MSG: 01 09/24/2021 08:59:35.830 Noise In Spec.
ALM: 01 09/24/2021 08:59:48.730 Noise High
MSG: 01 09/24/2021 08:59:49.730 Noise In Spec.
ALM: 01 09/24/2021 09:00:02.730 Noise High
MSG: 01 09/24/2021 09:00:03.730 Noise In Spec.
ALM: 01 09/24/2021 09:09:39.830 Noise High
MSG: 01 09/24/2021 09:09:41.330 Noise In Spec.
ALM: 01 09/24/2021 09:09:43.130 Noise High
MSG: 01 09/24/2021 09:09:44.430 Noise In Spec.
ALM: 01 09/24/2021 09:09:53.930 Noise High
MSG: 01 09/24/2021 09:09:55.430 Noise In Spec.
ALM: 01 09/24/2021 09:19:40.130 Noise High
MSG: 01 09/24/2021 09:19:41.130 Noise In Spec.
ALM: 01 09/24/2021 09:19:42.330 Noise High
MSG: 01 09/24/2021 09:19:43.630 Noise In Spec.
ALM: 01 09/24/2021 09:19:53.430 Noise High
MSG: 01 09/24/2021 09:19:55.030 Noise In Spec.
ALM: 01 09/24/2021 09:19:56.730 Noise High
MSG: 01 09/24/2021 09:19:58.030 Noise In Spec.
ALM: 01 09/24/2021 09:20:08.030 Noise High
MSG: 01 09/24/2021 09:20:09.030 Noise In Spec.
ALM: 01 09/24/2021 09:29:39.530 Noise High
MSG: 01 09/24/2021 09:29:41.030 Noise In Spec.
ALM: 01 09/24/2021 09:29:54.030 Noise High
MSG: 01 09/24/2021 09:29:55.430 Noise In Spec.
ALM: 01 09/24/2021 09:29:57.530 Noise High
MSG: 01 09/24/2021 09:29:58.930 Noise In Spec.
ALM: 01 09/24/2021 09:30:08.530 Noise High
MSG: 01 09/24/2021 09:30:09.930 Noise In Spec.
ALM: 01 09/24/2021 09:30:11.730 Noise High
MSG: 01 09/24/2021 09:30:13.230 Noise In Spec.
ALM: 01 09/24/2021 09:39:43.530 Noise High
MSG: 01 09/24/2021 09:39:45.030 Noise In Spec.
ALM: 01 09/24/2021 09:39:53.830 Noise High
MSG: 01 09/24/2021 09:39:55.430 Noise In Spec.
ALM: 01 09/24/2021 09:49:35.930 Noise High
MSG: 01 09/24/2021 09:49:37.130 Noise In Spec.
ALM: 01 09/24/2021 09:49:38.930 Noise High
MSG: 01 09/24/2021 09:49:40.230 Noise In Spec.
ALM: 01 09/24/2021 09:49:50.630 Noise High
MSG: 01 09/24/2021 09:49:51.630 Noise In Spec.
ALM: 01 09/24/2021 09:49:53.430 Noise High
MSG: 01 09/24/2021 09:49:54.330 Noise In Spec.
ALM: 01 09/24/2021 09:59:34.830 Noise High
MSG: 01 09/24/2021 09:59:36.530 Noise In Spec.
ALM: 01 09/24/2021 09:59:39.430 Noise High
MSG: 01 09/24/2021 09:59:39.830 Noise In Spec.
ALM: 01 09/24/2021 09:59:50.430 Noise High
MSG: 01 09/24/2021 09:59:51.730 Noise In Spec.
ALM: 01 09/24/2021 09:59:53.830 Noise High
MSG: 01 09/24/2021 09:59:55.330 Noise In Spec.
ALM: 01 09/24/2021 10:00:06.030 Noise High
MSG: 01 09/24/2021 10:00:07.530 Noise In Spec.
ALM: 01 09/24/2021 10:00:10.130 Noise High
MSG: 01 09/24/2021 10:00:11.630 Noise In Spec.
ALM: 01 09/24/2021 10:09:29.230 Noise High
MSG: 01 09/24/2021 10:09:30.530 Noise In Spec.
ALM: 01 09/24/2021 10:09:32.330 Noise High
MSG: 01 09/24/2021 10:09:33.430 Noise In Spec.
ALM: 01 09/24/2021 10:09:44.030 Noise High
MSG: 01 09/24/2021 10:09:45.530 Noise In Spec.
ALM: 01 09/24/2021 10:09:46.630 Noise High
MSG: 01 09/24/2021 10:09:48.030 Noise In Spec.
ALM: 01 09/24/2021 10:10:00.230 Noise High
MSG: 01 09/24/2021 10:10:02.330 Noise In Spec.
ALM: 01 09/24/2021 10:19:32.230 Noise High
MSG: 01 09/24/2021 10:19:33.630 Noise In Spec.
ALM: 01 09/24/2021 10:19:35.230 Noise High
MSG: 01 09/24/2021 10:19:35.730 Noise In Spec.
ALM: 01 09/24/2021 10:19:46.530 Noise High
MSG: 01 09/24/2021 10:19:48.030 Noise In Spec.
ALM: 01 09/24/2021 10:19:48.530 Noise High
MSG: 01 09/24/2021 10:19:49.830 Noise In Spec.
ALM: 01 09/24/2021 10:20:00.430 Noise High
MSG: 01 09/24/2021 10:20:01.630 Noise In Spec.
ALM: 01 09/24/2021 10:29:39.330 Noise High
MSG: 01 09/24/2021 10:29:40.930 Noise In Spec.
ALM: 01 09/24/2021 10:29:42.730 Noise High
MSG: 01 09/24/2021 10:29:44.330 Noise In Spec.
ALM: 01 09/24/2021 10:30:05.130 Noise High
MSG: 01 09/24/2021 10:30:06.730 Noise In Spec.
ALM: 01 09/24/2021 10:30:29.930 Noise High
MSG: 01 09/24/2021 10:30:31.430 Noise In Spec.
ALM: 01 09/24/2021 10:34:54.330 Noise High
MSG: 01 09/24/2021 10:34:54.930 Noise In Spec.
ALM: 01 09/24/2021 10:34:55.330 Noise High
MSG: 01 09/24/2021 10:34:55.930 Noise In Spec.
ALM: 01 09/24/2021 10:34:57.730 Noise High
MSG: 01 09/24/2021 10:34:59.630 Noise In Spec.
ALM: 01 09/24/2021 10:35:00.730 Noise High
MSG: 01 09/24/2021 10:35:01.430 Noise In Spec.
ALM: 01 09/24/2021 10:35:09.830 Noise High
MSG: 01 09/24/2021 10:35:10.530 Noise In Spec.
ALM: 01 09/24/2021 10:35:32.430 Noise High
MSG: 01 09/24/2021 10:35:34.130 Noise In Spec.
ALM: 01 09/24/2021 10:35:34.530 Noise High
MSG: 01 09/24/2021 10:35:35.130 Noise In Spec.
ALM: 01 09/24/2021 10:35:35.530 Noise High
MSG: 01 09/24/2021 10:35:36.030 Noise In Spec.
ALM: 01 09/24/2021 10:35:36.630 Noise High
MSG: 01 09/24/2021 10:35:37.030 Noise In Spec.
ALM: 01 09/24/2021 10:35:38.730 Noise High
MSG: 01 09/24/2021 10:35:39.130 Noise In Spec.
ALM: 01 09/24/2021 10:35:39.530 Noise High
MSG: 01 09/24/2021 10:35:42.530 Noise In Spec.
ALM: 01 09/24/2021 10:35:43.130 Noise High
MSG: 01 09/24/2021 10:35:45.330 Noise In Spec.
ALM: 01 09/24/2021 10:35:45.730 Noise High
MSG: 01 09/24/2021 10:35:51.330 Noise In Spec.
ALM: 01 09/24/2021 10:35:51.730 Noise High
MSG: 01 09/24/2021 10:35:59.130 Noise In Spec.
ALM: 01 09/24/2021 10:36:00.130 Noise High
MSG: 01 09/24/2021 10:36:03.130 Noise In Spec.
ALM: 01 09/24/2021 10:36:17.330 Noise High
MSG: 01 09/24/2021 10:36:18.130 Noise In Spec.
ALM: 01 09/24/2021 10:36:18.530 Noise High
MSG: 01 09/24/2021 10:36:18.930 Noise In Spec.
ALM: 01 09/24/2021 10:36:21.530 Noise High
MSG: 01 09/24/2021 10:36:21.930 Noise In Spec.
ALM: 01 09/24/2021 10:36:22.630 Noise High
MSG: 01 09/24/2021 10:36:23.030 Noise In Spec.
ALM: 01 09/24/2021 10:36:23.630 Noise High
MSG: 01 09/24/2021 10:36:24.130 Noise In Spec.
ALM: 01 09/24/2021 10:36:24.530 Noise High
MSG: 01 09/24/2021 10:36:24.930 Noise In Spec.
ALM: 01 09/24/2021 10:36:25.430 Noise High
MSG: 01 09/24/2021 10:36:26.030 Noise In Spec.
ALM: 01 09/24/2021 10:36:26.430 Noise High
MSG: 01 09/24/2021 10:36:30.530 Noise In Spec.
ALM: 01 09/24/2021 10:36:31.830 Noise High
MSG: 01 09/24/2021 10:36:32.230 Noise In Spec.
ALM: 01 09/24/2021 10:36:33.430 Noise High
MSG: 01 09/24/2021 10:36:33.930 Noise In Spec.
ALM: 01 09/24/2021 10:37:22.830 Noise High
MSG: 01 09/24/2021 10:37:24.230 Noise In Spec.
ALM: 01 09/24/2021 10:37:27.730 Noise High
MSG: 01 09/24/2021 10:37:28.130 Noise In Spec.
ALM: 01 09/24/2021 10:39:04.030 Noise High
MSG: 01 09/24/2021 10:39:05.330 Noise In Spec.
ALM: 01 09/24/2021 10:39:06.130 Noise High
MSG: 01 09/24/2021 10:39:06.630 Noise In Spec.
ALM: 01 09/24/2021 10:39:07.030 Noise High
MSG: 01 09/24/2021 10:39:07.430 Noise In Spec.
ALM: 01 09/24/2021 10:39:13.830 Noise High
MSG: 01 09/24/2021 10:39:16.330 Noise In Spec.
ALM: 01 09/24/2021 10:39:16.830 Noise High
MSG: 01 09/24/2021 10:39:17.330 Noise In Spec.
ALM: 01 09/24/2021 10:39:31.930 Noise High
MSG: 01 09/24/2021 10:39:33.330 Noise In Spec.
ALM: 01 09/24/2021 10:39:45.930 Noise High
MSG: 01 09/24/2021 10:39:47.730 Noise In Spec.
ALM: 01 09/24/2021 10:39:49.930 Noise High
MSG: 01 09/24/2021 10:39:51.630 Noise In Spec.
ALM: 01 09/24/2021 10:39:59.830 Noise High
MSG: 01 09/24/2021 10:40:01.030 Noise In Spec.
ALM: 01 09/24/2021 10:40:02.930 Noise High
MSG: 01 09/24/2021 10:40:03.330 Noise In Spec.
ALM: 01 09/24/2021 10:40:05.630 Noise High
MSG: 01 09/24/2021 10:40:16.330 Noise In Spec.
ALM: 01 09/24/2021 10:40:17.530 Noise High
MSG: 01 09/24/2021 10:40:40.930 Noise In Spec.
ALM: 01 09/24/2021 10:40:42.130 Noise High
MSG: 01 09/24/2021 10:40:45.230 Noise In Spec.
ALM: 01 09/24/2021 10:40:51.930 Noise High
MSG: 01 09/24/2021 10:40:52.430 Noise In Spec.
ALM: 01 09/24/2021 10:40:54.130 Noise High
MSG: 01 09/24/2021 10:41:00.230 Noise In Spec.
ALM: 01 09/24/2021 10:41:00.630 Noise High
MSG: 01 09/24/2021 10:41:03.130 Noise In Spec.
ALM: 01 09/24/2021 10:41:03.630 Noise High
MSG: 01 09/24/2021 10:41:04.130 Noise In Spec.
ALM: 01 09/24/2021 10:41:07.630 Noise High
MSG: 01 09/24/2021 10:41:12.530 Noise In Spec.
ALM: 01 09/24/2021 10:41:13.930 Noise High
MSG: 01 09/24/2021 10:41:19.330 Noise In Spec.
ALM: 01 09/24/2021 10:41:19.730 Noise High
MSG: 01 09/24/2021 10:41:23.130 Noise In Spec.
ALM: 01 09/24/2021 10:41:26.930 Noise High
MSG: 01 09/24/2021 10:41:27.730 Noise In Spec.
ALM: 01 09/24/2021 10:41:33.830 Noise High
MSG: 01 09/24/2021 10:41:34.230 Noise In Spec.
ALM: 01 09/24/2021 10:41:35.630 Noise High
MSG: 01 09/24/2021 10:41:37.230 Noise In Spec.
ALM: 01 09/24/2021 10:41:38.830 Noise High
MSG: 01 09/24/2021 10:41:39.230 Noise In Spec.
ALM: 01 09/24/2021 10:41:40.030 Noise High
MSG: 01 09/24/2021 10:41:40.530 Noise In Spec.
ALM: 01 09/24/2021 10:41:41.030 Noise High
MSG: 01 09/24/2021 10:41:41.530 Noise In Spec.
ALM: 01 09/24/2021 10:41:44.830 Noise High
MSG: 01 09/24/2021 10:41:45.230 Noise In Spec.
ALM: 01 09/24/2021 10:41:49.530 Noise High
MSG: 01 09/24/2021 10:41:50.130 Noise In Spec.
ALM: 01 09/24/2021 10:41:50.930 Noise High
MSG: 01 09/24/2021 10:41:52.930 Noise In Spec.
ALM: 01 09/24/2021 10:41:53.530 Noise High
MSG: 01 09/24/2021 10:41:54.830 Noise In Spec.
ALM: 01 09/24/2021 10:41:55.730 Noise High
MSG: 01 09/24/2021 10:41:56.130 Noise In Spec.
ALM: 01 09/24/2021 11:36:23.830 Noise High
MSG: 01 09/24/2021 11:36:25.030 Noise In Spec.
ALM: 01 09/24/2021 11:36:25.430 Noise High
MSG: 01 09/24/2021 11:36:25.830 Noise In Spec.
ALM: 01 09/24/2021 11:36:26.730 Noise High
MSG: 01 09/24/2021 11:36:27.530 Noise In Spec.
ALM: 01 09/24/2021 11:36:30.130 Noise High
MSG: 01 09/24/2021 11:36:30.530 Noise In Spec.
ALM: 01 09/24/2021 11:53:50.830 Noise High
MSG: 01 09/24/2021 11:53:53.330 Noise In Spec.
ALM: 01 09/24/2021 11:53:54.430 Noise High
MSG: 01 09/24/2021 11:53:56.030 Noise In Spec.
ALM: 01 09/24/2021 11:54:06.830 Noise High
MSG: 01 09/24/2021 11:54:08.030 Noise In Spec.
ALM: 01 09/24/2021 11:55:45.530 Noise High
MSG: 01 09/24/2021 11:55:45.930 Noise In Spec.
ALM: 01 09/24/2021 11:56:28.030 Noise High
MSG: 01 09/24/2021 11:56:29.030 Noise In Spec.
ALM: 01 09/24/2021 11:56:29.430 Noise High
MSG: 01 09/24/2021 11:56:30.330 Noise In Spec.
ALM: 01 09/24/2021 11:58:04.430 Noise High
MSG: 01 09/24/2021 11:58:05.030 Noise In Spec.
ALM: 01 09/24/2021 11:58:25.230 Noise High
MSG: 01 09/24/2021 11:58:26.130 Noise In Spec.
MSG: 01 09/24/2021 12:01:33.460 Set Caps = 382, I = 4.7 A, PH = 380, dPH = 2
MSG: 01 09/24/2021 12:01:35.760 Set Caps = 381, I = 4.7 A, PH = 385, dPH = -3
ALM: 01 09/24/2021 12:02:13.030 Noise High
MSG: 01 09/24/2021 12:02:15.030 Noise In Spec.
MSG: 01 09/24/2021 12:25:58.100 Test Tag Single Shot Fired
TAG: 01 09/24/2021 12:25:58.130 999.000000007425
MSG: 01 09/24/2021 12:25:58.130 VTT Test Passed
INF: Start Of Full Status Report
 Reader:
  ID:                                         01
  Model:                                  IS1001
  S/N:                                 1929.3114
  Date:                               09/24/2021
  Time:                                 12:26:08
  Application Firmware Version:            1.7.0
  Operation Mode:                           Scan
  Network Mode:                IS1001 Standalone
  Exciter Sync. Mode:                 Standalone
  Date/Time Sync.:                      Disabled
  Beeper:                               Disabled
  Tag Display Format:                        DEC
  Initiation Delay:                     Disabled
  Reader Auto Standby Voltages:       16 V, 18 V
  Periodic Standby Start Time:              0:00
  Periodic Standby Duration:            Disabled
  Idling Time:                          Disabled
 Alarms:
  Antenna Current Low Alarm:               0.5 A
  Noise High Alarm:                          75%
  Tuning Capacit. High Alarm:                970
  Tuning Capacit. Low Alarm:                  50
  Alarms Unique Delay:                   600 sec
 Antenna/Tuning:
  Exciter Voltage Level:                       3
  Dynamic Tuning:                        Enabled
  Tuning Target Phase:                       382
  Tuning Target Phase Deviation Threshold:     4
 Communication:
  Local Port Speed:                       115200
  Tags To Local Port:                    Enabled
  Alarms To Local Port:                  Enabled
  Messages To Local Port:                Enabled
  Remote Port Protocol:                    ASCII
  Remote Port Transfer Rate:                Full
 Detection:
  HDX Tag Detection:                    Disabled
  Fastag Detection:                     Disabled
  FDXB Tag Signal Level Detection:      Disabled
  BioTherm Tag Temperature Detection:   Disabled
  Detection Counter Enabled:                 Yes
  Unique Mode:                             Delay
  Unique Delay:                           60 sec
  FDXB Detection Scan Time:               120 ms
  VTT Level:                                 128
  Auto VTT Delay:                        720 min
 Measurements:
  Antenna Current Gain:                       85
  Antenna Current Offset:                    110
 Memory:
  Tags Memory Size:                        78583
  Status Reports Memory Size:               1023
  Store Tags To Memory:                  Enabled
  Store VTT To Memory:                   Enabled
  Store Stat. Reports To Memory:         Enabled
 Reports:
  Auto Noise Report Delay:              Disabled
  Auto Status Report Delay:              720 min
 Diagnostics:
  Detection Counter:                        2565
  Tags In Memory:                      3079 (3%)
  Status Reports In Memory:            525 (51%)
  Input Voltage:                          23.5 V
  Exciter Voltage:                        15.9 V
  Antenna Tuning:                          Tuned
  Antenna Current:                         4.7 A
  Tuning Capacitors:                         381
  Tuning Phase:                              382
  Tuning Relative Phase:                       0
  FDXB Signal Level:                618 mV (68%)
  Temperature:                            19.2 C
  Sync. Input Present:                       N/A
  Sec. Master Active:                        N/A
 Active Alarms:
  No Active Alarms
SRP: 01 09/24/2021 12:26:08.100 16,0,0,2,3,0,381,3,51,235,159,47,68,382,192,0,0,0,0,0
INF: End Of Full Status Report
ALM: 01 09/24/2021 12:31:52.330 Noise High
MSG: 01 09/24/2021 12:31:52.730 Noise In Spec.
ALM: 01 09/24/2021 12:31:53.330 Noise High
MSG: 01 09/24/2021 12:31:53.730 Noise In Spec.
ALM: 01 09/24/2021 12:31:54.430 Noise High
MSG: 01 09/24/2021 12:31:54.830 Noise In Spec.
ALM: 01 09/24/2021 13:04:47.130 Noise High
MSG: 01 09/24/2021 13:04:47.530 Noise In Spec.
ALM: 01 09/24/2021 13:04:48.630 Noise High
MSG: 01 09/24/2021 13:04:49.130 Noise In Spec.
ALM: 01 09/24/2021 13:13:10.430 Noise High
MSG: 01 09/24/2021 13:13:13.330 Noise In Spec.
ALM: 01 09/24/2021 13:13:26.830 Noise High
MSG: 01 09/24/2021 13:13:27.830 Noise In Spec.
ALM: 01 09/24/2021 13:13:43.830 Noise High
MSG: 01 09/24/2021 13:13:46.630 Noise In Spec.
ALM: 01 09/24/2021 13:23:09.230 Noise High
MSG: 01 09/24/2021 13:23:10.230 Noise In Spec.
ALM: 01 09/24/2021 13:23:25.230 Noise High
MSG: 01 09/24/2021 13:23:26.530 Noise In Spec.
ALM: 01 09/24/2021 13:23:42.530 Noise High
MSG: 01 09/24/2021 13:23:43.030 Noise In Spec.
ALM: 01 09/24/2021 13:33:09.630 Noise High
MSG: 01 09/24/2021 13:33:12.030 Noise In Spec.
ALM: 01 09/24/2021 13:33:24.330 Noise High
MSG: 01 09/24/2021 13:33:25.430 Noise In Spec.
ALM: 01 09/24/2021 13:33:26.030 Noise High
MSG: 01 09/24/2021 13:33:27.330 Noise In Spec.
ALM: 01 09/24/2021 13:33:38.930 Noise High
MSG: 01 09/24/2021 13:33:41.630 Noise In Spec.
MSG: 01 09/24/2021 13:33:53.760 Set Caps = 382, I = 4.7 A, PH = 380, dPH = 2
ALM: 01 09/24/2021 13:43:05.830 Noise High
MSG: 01 09/24/2021 13:43:07.230 Noise In Spec.
ALM: 01 09/24/2021 13:43:20.330 Noise High
MSG: 01 09/24/2021 13:43:21.430 Noise In Spec.
ALM: 01 09/24/2021 13:53:03.830 Noise High
MSG: 01 09/24/2021 13:53:05.030 Noise In Spec.
ALM: 01 09/24/2021 13:53:06.030 Noise High
MSG: 01 09/24/2021 13:53:06.930 Noise In Spec.
ALM: 01 09/24/2021 13:53:18.030 Noise High
MSG: 01 09/24/2021 13:53:19.130 Noise In Spec.
ALM: 01 09/24/2021 13:53:19.830 Noise High
MSG: 01 09/24/2021 13:53:21.130 Noise In Spec.
ALM: 01 09/24/2021 13:53:32.030 Noise High
MSG: 01 09/24/2021 13:53:33.130 Noise In Spec.
ALM: 01 09/24/2021 14:03:08.330 Noise High
MSG: 01 09/24/2021 14:03:09.830 Noise In Spec.
ALM: 01 09/24/2021 14:03:11.330 Noise High
MSG: 01 09/24/2021 14:03:12.430 Noise In Spec.
ALM: 01 09/24/2021 14:03:23.030 Noise High
MSG: 01 09/24/2021 14:03:23.930 Noise In Spec.
ALM: 01 09/24/2021 14:03:26.130 Noise High
MSG: 01 09/24/2021 14:03:27.130 Noise In Spec.
ALM: 01 09/24/2021 14:03:37.630 Noise High
MSG: 01 09/24/2021 14:03:38.630 Noise In Spec.
ALM: 01 09/24/2021 14:03:40.830 Noise High
MSG: 01 09/24/2021 14:03:41.330 Noise In Spec.
ALM: 01 09/24/2021 14:13:02.630 Noise High
MSG: 01 09/24/2021 14:13:03.930 Noise In Spec.
ALM: 01 09/24/2021 14:13:17.530 Noise High
MSG: 01 09/24/2021 14:13:18.430 Noise In Spec.
ALM: 01 09/24/2021 14:23:07.330 Noise High
MSG: 01 09/24/2021 14:23:09.130 Noise In Spec.
ALM: 01 09/24/2021 14:23:22.230 Noise High
MSG: 01 09/24/2021 14:23:22.630 Noise In Spec.
ALM: 01 09/24/2021 14:23:23.130 Noise High
MSG: 01 09/24/2021 14:23:23.630 Noise In Spec.
ALM: 01 09/24/2021 14:23:36.230 Noise High
MSG: 01 09/24/2021 14:23:36.730 Noise In Spec.
ALM: 01 09/24/2021 14:23:37.430 Noise High
MSG: 01 09/24/2021 14:23:38.030 Noise In Spec.
ALM: 01 09/24/2021 14:33:05.330 Noise High
MSG: 01 09/24/2021 14:33:06.530 Noise In Spec.
ALM: 01 09/24/2021 14:33:07.830 Noise High
MSG: 01 09/24/2021 14:33:09.130 Noise In Spec.
ALM: 01 09/24/2021 14:33:20.030 Noise High
MSG: 01 09/24/2021 14:33:21.230 Noise In Spec.
ALM: 01 09/24/2021 14:43:04.930 Noise High
MSG: 01 09/24/2021 14:43:05.730 Noise In Spec.
ALM: 01 09/24/2021 14:43:18.930 Noise High
MSG: 01 09/24/2021 14:43:19.830 Noise In Spec.
ALM: 01 09/24/2021 14:43:20.830 Noise High
MSG: 01 09/24/2021 14:43:22.130 Noise In Spec.
ALM: 01 09/24/2021 14:43:33.430 Noise High
MSG: 01 09/24/2021 14:43:34.430 Noise In Spec.
ALM: 01 09/24/2021 14:43:35.430 Noise High
MSG: 01 09/24/2021 14:43:36.130 Noise In Spec.
ALM: 01 09/24/2021 14:53:02.630 Noise High
MSG: 01 09/24/2021 14:53:03.830 Noise In Spec.
ALM: 01 09/24/2021 14:53:17.330 Noise High
MSG: 01 09/24/2021 14:53:18.530 Noise In Spec.
ALM: 01 09/24/2021 14:53:32.030 Noise High
MSG: 01 09/24/2021 14:53:33.130 Noise In Spec.
ALM: 01 09/24/2021 14:53:34.230 Noise High
MSG: 01 09/24/2021 14:53:35.530 Noise In Spec.
ALM: 01 09/24/2021 15:02:55.330 Noise High
MSG: 01 09/24/2021 15:02:56.130 Noise In Spec.
ALM: 01 09/24/2021 15:02:56.830 Noise High
MSG: 01 09/24/2021 15:02:57.730 Noise In Spec.
ALM: 01 09/24/2021 15:03:09.330 Noise High
MSG: 01 09/24/2021 15:03:10.230 Noise In Spec.
ALM: 01 09/24/2021 15:03:11.330 Noise High
MSG: 01 09/24/2021 15:03:12.130 Noise In Spec.
ALM: 01 09/24/2021 15:03:23.930 Noise High
MSG: 01 09/24/2021 15:03:24.730 Noise In Spec.
ALM: 01 09/24/2021 15:03:25.630 Noise High
MSG: 01 09/24/2021 15:03:26.830 Noise In Spec.
ALM: 01 09/24/2021 15:13:00.030 Noise High
MSG: 01 09/24/2021 15:13:01.330 Noise In Spec.
ALM: 01 09/24/2021 15:13:02.730 Noise High
MSG: 01 09/24/2021 15:13:04.130 Noise In Spec.
ALM: 01 09/24/2021 15:13:14.730 Noise High
MSG: 01 09/24/2021 15:13:15.930 Noise In Spec.
ALM: 01 09/24/2021 15:13:29.830 Noise High
MSG: 01 09/24/2021 15:13:30.830 Noise In Spec.
ALM: 01 09/24/2021 15:13:31.630 Noise High
MSG: 01 09/24/2021 15:13:32.930 Noise In Spec.
ALM: 01 09/24/2021 15:22:58.930 Noise High
MSG: 01 09/24/2021 15:23:00.130 Noise In Spec.
ALM: 01 09/24/2021 15:23:01.330 Noise High
MSG: 01 09/24/2021 15:23:02.430 Noise In Spec.
ALM: 01 09/24/2021 15:23:13.730 Noise High
MSG: 01 09/24/2021 15:23:14.630 Noise In Spec.
ALM: 01 09/24/2021 15:23:15.230 Noise High
MSG: 01 09/24/2021 15:23:16.230 Noise In Spec.
ALM: 01 09/24/2021 15:32:57.430 Noise High
MSG: 01 09/24/2021 15:32:58.630 Noise In Spec.
ALM: 01 09/24/2021 15:32:59.830 Noise High
MSG: 01 09/24/2021 15:33:01.030 Noise In Spec.
ALM: 01 09/24/2021 15:33:12.230 Noise High
MSG: 01 09/24/2021 15:33:13.230 Noise In Spec.
ALM: 01 09/24/2021 15:33:14.030 Noise High
MSG: 01 09/24/2021 15:33:15.130 Noise In Spec.
ALM: 01 09/24/2021 15:33:26.330 Noise High
MSG: 01 09/24/2021 15:33:27.430 Noise In Spec.
ALM: 01 09/24/2021 15:42:50.930 Noise High
MSG: 01 09/24/2021 15:42:52.130 Noise In Spec.
ALM: 01 09/24/2021 15:42:54.030 Noise High
MSG: 01 09/24/2021 15:42:54.530 Noise In Spec.
ALM: 01 09/24/2021 15:43:05.330 Noise High
MSG: 01 09/24/2021 15:43:06.730 Noise In Spec.
ALM: 01 09/24/2021 15:43:08.030 Noise High
MSG: 01 09/24/2021 15:43:09.330 Noise In Spec.
ALM: 01 09/24/2021 15:52:54.730 Noise High
MSG: 01 09/24/2021 15:52:55.730 Noise In Spec.
ALM: 01 09/24/2021 15:52:57.630 Noise High
MSG: 01 09/24/2021 15:52:58.630 Noise In Spec.
ALM: 01 09/24/2021 15:53:09.730 Noise High
MSG: 01 09/24/2021 15:53:10.630 Noise In Spec.
ALM: 01 09/24/2021 15:53:24.630 Noise High
MSG: 01 09/24/2021 15:53:25.630 Noise In Spec.
ALM: 01 09/24/2021 15:53:27.230 Noise High
MSG: 01 09/24/2021 15:53:28.430 Noise In Spec.
ALM: 01 09/24/2021 16:02:47.530 Noise High
MSG: 01 09/24/2021 16:02:48.630 Noise In Spec.
ALM: 01 09/24/2021 16:03:01.530 Noise High
MSG: 01 09/24/2021 16:03:02.630 Noise In Spec.
ALM: 01 09/24/2021 16:03:03.930 Noise High
MSG: 01 09/24/2021 16:03:05.230 Noise In Spec.
ALM: 01 09/24/2021 16:03:15.530 Noise High
MSG: 01 09/24/2021 16:03:16.830 Noise In Spec.
ALM: 01 09/24/2021 16:03:18.430 Noise High
MSG: 01 09/24/2021 16:03:19.730 Noise In Spec.
ALM: 01 09/24/2021 16:12:46.630 Noise High
MSG: 01 09/24/2021 16:12:48.230 Noise In Spec.
ALM: 01 09/24/2021 16:12:50.030 Noise High
MSG: 01 09/24/2021 16:12:51.330 Noise In Spec.
ALM: 01 09/24/2021 16:13:03.230 Noise High
MSG: 01 09/24/2021 16:13:04.530 Noise In Spec.
ALM: 01 09/24/2021 16:13:05.330 Noise High
MSG: 01 09/24/2021 16:13:06.830 Noise In Spec.
ALM: 01 09/24/2021 16:13:19.130 Noise High
MSG: 01 09/24/2021 16:13:20.330 Noise In Spec.
ALM: 01 09/24/2021 16:13:21.430 Noise High
MSG: 01 09/24/2021 16:13:22.930 Noise In Spec.
ALM: 01 09/24/2021 16:22:48.530 Noise High
MSG: 01 09/24/2021 16:22:50.130 Noise In Spec.
ALM: 01 09/24/2021 16:22:51.530 Noise High
MSG: 01 09/24/2021 16:22:52.930 Noise In Spec.
ALM: 01 09/24/2021 16:23:07.330 Noise High
MSG: 01 09/24/2021 16:23:08.830 Noise In Spec.
ALM: 01 09/24/2021 16:32:50.930 Noise High
MSG: 01 09/24/2021 16:32:52.230 Noise In Spec.
ALM: 01 09/24/2021 16:33:07.730 Noise High
MSG: 01 09/24/2021 16:33:08.830 Noise In Spec.
ALM: 01 09/24/2021 16:33:10.930 Noise High
MSG: 01 09/24/2021 16:33:11.630 Noise In Spec.
ALM: 01 09/24/2021 16:33:24.630 Noise High
MSG: 01 09/24/2021 16:33:25.830 Noise In Spec.
ALM: 01 09/24/2021 16:33:26.530 Noise High
MSG: 01 09/24/2021 16:33:28.130 Noise In Spec.
ALM: 01 09/24/2021 16:42:44.230 Noise High
MSG: 01 09/24/2021 16:42:47.230 Noise In Spec.
ALM: 01 09/24/2021 16:43:01.530 Noise High
MSG: 01 09/24/2021 16:43:02.730 Noise In Spec.
ALM: 01 09/24/2021 16:43:04.330 Noise High
MSG: 01 09/24/2021 16:43:05.230 Noise In Spec.
ALM: 01 09/24/2021 16:43:19.630 Noise High
MSG: 01 09/24/2021 16:43:20.930 Noise In Spec.
ALM: 01 09/24/2021 16:52:47.930 Noise High
MSG: 01 09/24/2021 16:52:50.230 Noise In Spec.
ALM: 01 09/24/2021 16:53:02.930 Noise High
MSG: 01 09/24/2021 16:53:05.230 Noise In Spec.
ALM: 01 09/24/2021 17:02:46.430 Noise High
MSG: 01 09/24/2021 17:02:47.530 Noise In Spec.
ALM: 01 09/24/2021 17:03:02.530 Noise High
MSG: 01 09/24/2021 17:03:03.530 Noise In Spec.
ALM: 01 09/24/2021 17:03:05.430 Noise High
MSG: 01 09/24/2021 17:03:06.630 Noise In Spec.
ALM: 01 09/24/2021 17:03:19.130 Noise High
MSG: 01 09/24/2021 17:03:20.430 Noise In Spec.
ALM: 01 09/24/2021 17:12:45.130 Noise High
MSG: 01 09/24/2021 17:12:46.530 Noise In Spec.
ALM: 01 09/24/2021 17:13:01.030 Noise High
MSG: 01 09/24/2021 17:13:02.230 Noise In Spec.
ALM: 01 09/24/2021 17:13:17.130 Noise High
MSG: 01 09/24/2021 17:13:18.430 Noise In Spec.
ALM: 01 09/24/2021 17:13:20.130 Noise High
MSG: 01 09/24/2021 17:13:21.430 Noise In Spec.
ALM: 01 09/24/2021 17:22:38.130 Noise High
MSG: 01 09/24/2021 17:22:39.130 Noise In Spec.
ALM: 01 09/24/2021 17:22:41.730 Noise High
MSG: 01 09/24/2021 17:22:42.230 Noise In Spec.
ALM: 01 09/24/2021 17:22:54.130 Noise High
MSG: 01 09/24/2021 17:22:55.030 Noise In Spec.
ALM: 01 09/24/2021 17:22:56.630 Noise High
MSG: 01 09/24/2021 17:22:57.830 Noise In Spec.
ALM: 01 09/24/2021 17:23:09.730 Noise High
MSG: 01 09/24/2021 17:23:10.730 Noise In Spec.
ALM: 01 09/24/2021 17:23:12.530 Noise High
MSG: 01 09/24/2021 17:23:13.630 Noise In Spec.
ALM: 01 09/24/2021 17:32:43.830 Noise High
MSG: 01 09/24/2021 17:32:45.130 Noise In Spec.
ALM: 01 09/24/2021 17:33:02.530 Noise High
MSG: 01 09/24/2021 17:33:03.630 Noise In Spec.
ALM: 01 09/24/2021 17:33:04.230 Noise High
MSG: 01 09/24/2021 17:33:05.430 Noise In Spec.
ALM: 01 09/24/2021 17:42:35.330 Noise High
MSG: 01 09/24/2021 17:42:36.430 Noise In Spec.
ALM: 01 09/24/2021 17:42:49.630 Noise High
MSG: 01 09/24/2021 17:42:50.830 Noise In Spec.
ALM: 01 09/24/2021 17:43:04.630 Noise High
MSG: 01 09/24/2021 17:43:05.830 Noise In Spec.
ALM: 01 09/24/2021 17:43:06.730 Noise High
MSG: 01 09/24/2021 17:43:08.030 Noise In Spec.
ALM: 01 09/24/2021 17:52:38.230 Noise High
MSG: 01 09/24/2021 17:52:39.130 Noise In Spec.
ALM: 01 09/24/2021 17:52:54.630 Noise High
MSG: 01 09/24/2021 17:52:55.330 Noise In Spec.
ALM: 01 09/24/2021 17:52:56.030 Noise High
MSG: 01 09/24/2021 17:52:56.930 Noise In Spec.
ALM: 01 09/24/2021 17:53:10.630 Noise High
MSG: 01 09/24/2021 17:53:11.230 Noise In Spec.
ALM: 01 09/24/2021 18:02:39.730 Noise High
MSG: 01 09/24/2021 18:02:40.730 Noise In Spec.
ALM: 01 09/24/2021 18:02:41.530 Noise High
MSG: 01 09/24/2021 18:02:42.730 Noise In Spec.
ALM: 01 09/24/2021 18:02:54.730 Noise High
MSG: 01 09/24/2021 18:02:55.830 Noise In Spec.
ALM: 01 09/24/2021 18:02:56.730 Noise High
MSG: 01 09/24/2021 18:02:57.730 Noise In Spec.
ALM: 01 09/24/2021 18:03:09.630 Noise High
MSG: 01 09/24/2021 18:03:10.830 Noise In Spec.
ALM: 01 09/24/2021 18:03:12.030 Noise High
MSG: 01 09/24/2021 18:03:13.230 Noise In Spec.
ALM: 01 09/24/2021 18:12:46.930 Noise High
MSG: 01 09/24/2021 18:12:47.630 Noise In Spec.
ALM: 01 09/24/2021 18:12:48.430 Noise High
MSG: 01 09/24/2021 18:12:49.330 Noise In Spec.
ALM: 01 09/24/2021 18:13:03.230 Noise High
MSG: 01 09/24/2021 18:13:03.830 Noise In Spec.
ALM: 01 09/24/2021 18:27:03.530 Noise High
MSG: 01 09/24/2021 18:27:04.130 Noise In Spec.
ALM: 01 09/24/2021 18:34:53.030 Noise High
MSG: 01 09/24/2021 18:34:53.730 Noise In Spec.
ALM: 01 09/24/2021 18:40:12.530 Noise High
MSG: 01 09/24/2021 18:40:13.230 Noise In Spec.
ALM: 01 09/24/2021 18:40:16.330 Noise High
MSG: 01 09/24/2021 18:40:17.030 Noise In Spec.
ALM: 01 09/24/2021 18:40:26.630 Noise High
MSG: 01 09/24/2021 18:40:27.330 Noise In Spec.
ALM: 01 09/24/2021 18:40:34.530 Noise High
MSG: 01 09/24/2021 18:40:35.230 Noise In Spec.
ALM: 01 09/24/2021 18:40:46.430 Noise High
MSG: 01 09/24/2021 18:40:47.230 Noise In Spec.
ALM: 01 09/24/2021 18:41:15.630 Noise High
MSG: 01 09/24/2021 18:41:16.030 Noise In Spec.
ALM: 01 09/24/2021 18:41:22.530 Noise High
MSG: 01 09/24/2021 18:41:23.230 Noise In Spec.
ALM: 01 09/24/2021 18:41:35.030 Noise High
MSG: 01 09/24/2021 18:41:35.930 Noise In Spec.
ALM: 01 09/24/2021 18:41:39.030 Noise High
MSG: 01 09/24/2021 18:41:39.630 Noise In Spec.
ALM: 01 09/24/2021 18:41:46.230 Noise High
MSG: 01 09/24/2021 18:41:46.730 Noise In Spec.
ALM: 01 09/24/2021 18:41:49.530 Noise High
MSG: 01 09/24/2021 18:41:50.030 Noise In Spec.
ALM: 01 09/24/2021 18:41:53.230 Noise High
MSG: 01 09/24/2021 18:41:54.130 Noise In Spec.
ALM: 01 09/24/2021 18:42:40.430 Noise High
MSG: 01 09/24/2021 18:42:41.130 Noise In Spec.
ALM: 01 09/24/2021 18:43:24.730 Noise High
MSG: 01 09/24/2021 18:43:25.530 Noise In Spec.
ALM: 01 09/24/2021 18:43:45.030 Noise High
MSG: 01 09/24/2021 18:43:45.930 Noise In Spec.
ALM: 01 09/24/2021 18:44:03.030 Noise High
MSG: 01 09/24/2021 18:44:03.430 Noise In Spec.
ALM: 01 09/24/2021 18:44:14.130 Noise High
MSG: 01 09/24/2021 18:44:14.530 Noise In Spec.
ALM: 01 09/24/2021 18:44:41.530 Noise High
MSG: 01 09/24/2021 18:44:42.330 Noise In Spec.
ALM: 01 09/24/2021 18:44:52.330 Noise High
MSG: 01 09/24/2021 18:44:53.030 Noise In Spec.
ALM: 01 09/24/2021 18:45:19.830 Noise High
MSG: 01 09/24/2021 18:45:20.630 Noise In Spec.
ALM: 01 09/24/2021 18:45:30.230 Noise High
MSG: 01 09/24/2021 18:45:30.830 Noise In Spec.
ALM: 01 09/24/2021 18:45:40.430 Noise High
MSG: 01 09/24/2021 18:45:41.030 Noise In Spec.
ALM: 01 09/24/2021 18:45:50.830 Noise High
MSG: 01 09/24/2021 18:45:51.430 Noise In Spec.
ALM: 01 09/24/2021 18:46:17.730 Noise High
MSG: 01 09/24/2021 18:46:18.330 Noise In Spec.
ALM: 01 09/24/2021 18:46:38.230 Noise High
MSG: 01 09/24/2021 18:46:38.730 Noise In Spec.
ALM: 01 09/24/2021 18:46:48.730 Noise High
MSG: 01 09/24/2021 18:46:49.130 Noise In Spec.
ALM: 01 09/24/2021 18:46:59.630 Noise High
MSG: 01 09/24/2021 18:47:00.230 Noise In Spec.
ALM: 01 09/24/2021 18:47:20.130 Noise High
MSG: 01 09/24/2021 18:47:20.730 Noise In Spec.
ALM: 01 09/24/2021 18:47:34.730 Noise High
MSG: 01 09/24/2021 18:47:35.230 Noise In Spec.
ALM: 01 09/24/2021 18:47:44.730 Noise High
MSG: 01 09/24/2021 18:47:45.330 Noise In Spec.
ALM: 01 09/24/2021 18:47:55.030 Noise High
MSG: 01 09/24/2021 18:47:55.630 Noise In Spec.
ALM: 01 09/24/2021 18:48:08.030 Noise High
MSG: 01 09/24/2021 18:48:10.830 Noise In Spec.
ALM: 01 09/24/2021 18:48:59.930 Noise High
MSG: 01 09/24/2021 18:49:02.830 Noise In Spec.
ALM: 01 09/24/2021 18:49:39.030 Noise High
MSG: 01 09/24/2021 18:49:41.930 Noise In Spec.
ALM: 01 09/24/2021 18:50:18.130 Noise High
MSG: 01 09/24/2021 18:50:20.730 Noise In Spec.
ALM: 01 09/24/2021 18:50:57.230 Noise High
MSG: 01 09/24/2021 18:51:00.030 Noise In Spec.
ALM: 01 09/24/2021 18:51:36.430 Noise High
MSG: 01 09/24/2021 18:51:39.330 Noise In Spec.
ALM: 01 09/24/2021 18:52:15.530 Noise High
MSG: 01 09/24/2021 18:52:16.730 Noise In Spec.
ALM: 01 09/24/2021 18:52:54.430 Noise High
MSG: 01 09/24/2021 18:52:57.530 Noise In Spec.
ALM: 01 09/24/2021 18:53:33.230 Noise High
MSG: 01 09/24/2021 18:53:35.830 Noise In Spec.
ALM: 01 09/24/2021 18:53:47.530 Noise High
MSG: 01 09/24/2021 18:53:49.130 Noise In Spec.
ALM: 01 09/24/2021 18:54:18.030 Noise High
MSG: 01 09/24/2021 18:54:20.930 Noise In Spec.
ALM: 01 09/24/2021 18:54:57.030 Noise High
MSG: 01 09/24/2021 18:54:58.230 Noise In Spec.
ALM: 01 09/24/2021 18:55:36.030 Noise High
MSG: 01 09/24/2021 18:55:37.230 Noise In Spec.
ALM: 01 09/24/2021 18:55:37.830 Noise High
MSG: 01 09/24/2021 18:55:38.930 Noise In Spec.
ALM: 01 09/24/2021 18:56:15.030 Noise High
MSG: 01 09/24/2021 18:56:16.230 Noise In Spec.
ALM: 01 09/24/2021 18:56:16.730 Noise High
MSG: 01 09/24/2021 18:56:17.930 Noise In Spec.
ALM: 01 09/24/2021 18:56:54.030 Noise High
MSG: 01 09/24/2021 18:56:55.130 Noise In Spec.
ALM: 01 09/24/2021 18:56:55.730 Noise High
MSG: 01 09/24/2021 18:56:56.930 Noise In Spec.
ALM: 01 09/24/2021 18:57:33.030 Noise High
MSG: 01 09/24/2021 18:57:34.130 Noise In Spec.
ALM: 01 09/24/2021 18:57:34.730 Noise High
MSG: 01 09/24/2021 18:57:35.630 Noise In Spec.
ALM: 01 09/24/2021 18:58:11.930 Noise High
MSG: 01 09/24/2021 18:58:13.130 Noise In Spec.
ALM: 01 09/24/2021 18:58:50.930 Noise High
MSG: 01 09/24/2021 18:58:52.030 Noise In Spec.
ALM: 01 09/24/2021 18:58:52.730 Noise High
MSG: 01 09/24/2021 18:58:53.530 Noise In Spec.
ALM: 01 09/24/2021 18:59:06.830 Noise High
MSG: 01 09/24/2021 18:59:07.930 Noise In Spec.
ALM: 01 09/24/2021 18:59:08.630 Noise High
MSG: 01 09/24/2021 18:59:09.530 Noise In Spec.
ALM: 01 09/24/2021 18:59:21.030 Noise High
MSG: 01 09/24/2021 18:59:21.530 Noise In Spec.
ALM: 01 09/24/2021 18:59:21.930 Noise High
MSG: 01 09/24/2021 18:59:22.630 Noise In Spec.
ALM: 01 09/24/2021 18:59:59.030 Noise High
MSG: 01 09/24/2021 19:00:00.130 Noise In Spec.
ALM: 01 09/24/2021 19:00:00.730 Noise High
MSG: 01 09/24/2021 19:00:01.630 Noise In Spec.
ALM: 01 09/24/2021 19:00:38.030 Noise High
MSG: 01 09/24/2021 19:00:39.130 Noise In Spec.
ALM: 01 09/24/2021 19:00:39.730 Noise High
MSG: 01 09/24/2021 19:00:40.730 Noise In Spec.
ALM: 01 09/24/2021 19:01:17.030 Noise High
MSG: 01 09/24/2021 19:01:18.130 Noise In Spec.
ALM: 01 09/24/2021 19:01:18.630 Noise High
MSG: 01 09/24/2021 19:01:19.830 Noise In Spec.
ALM: 01 09/24/2021 19:01:55.930 Noise High
MSG: 01 09/24/2021 19:01:57.130 Noise In Spec.
ALM: 01 09/24/2021 19:01:58.330 Noise High
MSG: 01 09/24/2021 19:01:58.730 Noise In Spec.
ALM: 01 09/24/2021 19:02:34.930 Noise High
MSG: 01 09/24/2021 19:02:36.030 Noise In Spec.
TAG: 01 09/24/2021 20:40:37.460 989.001040545144
TAG: 01 09/24/2021 20:41:01.920 989.001038204018
TAG: 01 09/24/2021 20:50:53.180 989.001038204109
TAG: 01 09/24/2021 21:17:31.240 989.001040545212
TAG: 01 09/24/2021 21:17:33.140 989.001038204112
TAG: 01 09/24/2021 21:17:38.550 989.001040545235
TAG: 01 09/24/2021 21:18:33.120 989.001040545212
TAG: 01 09/24/2021 21:19:11.930 989.001040545235
TAG: 01 09/24/2021 21:20:11.020 989.001040545235
TAG: 01 09/24/2021 21:22:12.170 989.001040545235
TAG: 01 09/24/2021 21:25:17.260 989.001040545235
MSG: 01 09/24/2021 22:49:58.260 Set Caps = 383, I = 4.7 A, PH = 379, dPH = 3
MSG: 01 09/24/2021 22:49:59.260 Set Caps = 382, I = 4.7 A, PH = 384, dPH = -2
