TAG: 01 09/10/2021 00:20:45.600 989.001034179253
MSG: 01 09/10/2021 00:25:58.100 Test Tag Single Shot Fired
TAG: 01 09/10/2021 00:25:58.130 999.000000007425
MSG: 01 09/10/2021 00:25:58.130 VTT Test Passed
INF: Start Of Full Status Report
 Reader:
  ID:                                         01
  Model:                                  IS1001
  S/N:                                 1929.3114
  Date:                               09/10/2021
  Time:                                 00:26:08
  Application Firmware Version:            1.7.0
  Operation Mode:                           Scan
  Network Mode:                IS1001 Standalone
  Exciter Sync. Mode:                 Standalone
  Date/Time Sync.:                      Disabled
  Beeper:                               Disabled
  Tag Display Format:                        DEC
  Initiation Delay:                     Disabled
  Reader Auto Standby Voltages:       16 V, 18 V
  Periodic Standby Start Time:              0:00
  Periodic Standby Duration:            Disabled
  Idling Time:                          Disabled
 Alarms:
  Antenna Current Low Alarm:               0.5 A
  Noise High Alarm:                          75%
  Tuning Capacit. High Alarm:                970
  Tuning Capacit. Low Alarm:                  50
  Alarms Unique Delay:                   600 sec
 Antenna/Tuning:
  Exciter Voltage Level:                       3
  Dynamic Tuning:                        Enabled
  Tuning Target Phase:                       382
  Tuning Target Phase Deviation Threshold:     4
 Communication:
  Local Port Speed:                       115200
  Tags To Local Port:                    Enabled
  Alarms To Local Port:                  Enabled
  Messages To Local Port:                Enabled
  Remote Port Protocol:                    ASCII
  Remote Port Transfer Rate:                Full
 Detection:
  HDX Tag Detection:                    Disabled
  Fastag Detection:                     Disabled
  FDXB Tag Signal Level Detection:      Disabled
  BioTherm Tag Temperature Detection:   Disabled
  Detection Counter Enabled:                 Yes
  Unique Mode:                             Delay
  Unique Delay:                           60 sec
  FDXB Detection Scan Time:               120 ms
  VTT Level:                                 128
  Auto VTT Delay:                        720 min
 Measurements:
  Antenna Current Gain:                       85
  Antenna Current Offset:                    110
 Memory:
  Tags Memory Size:                        78583
  Status Reports Memory Size:               1023
  Store Tags To Memory:                  Enabled
  Store VTT To Memory:                   Enabled
  Store Stat. Reports To Memory:         Enabled
 Reports:
  Auto Noise Report Delay:              Disabled
  Auto Status Report Delay:              720 min
 Diagnostics:
  Detection Counter:                        2157
  Tags In Memory:                      2642 (3%)
  Status Reports In Memory:            496 (48%)
  Input Voltage:                          23.5 V
  Exciter Voltage:                        15.9 V
  Antenna Tuning:                          Tuned
  Antenna Current:                         4.6 A
  Tuning Capacitors:                         283
  Tuning Phase:                              380
  Tuning Relative Phase:                       2
  FDXB Signal Level:                  60 mV (6%)
  Temperature:                            17.6 C
  Sync. Input Present:                       N/A
  Sec. Master Active:                        N/A
 Active Alarms:
  No Active Alarms
SRP: 01 09/10/2021 00:26:08.100 16,0,0,2,3,2,283,3,48,235,159,46,6,380,176,0,0,0,0,0
INF: End Of Full Status Report
TAG: 01 09/10/2021 00:39:00.670 989.001034179379
TAG: 01 09/10/2021 00:50:02.430 989.001034179045
TAG: 01 09/10/2021 01:17:23.260 989.001038204118
TAG: 01 09/10/2021 01:22:38.450 989.001034179321
TAG: 01 09/10/2021 01:23:44.070 989.001034179321
TAG: 01 09/10/2021 01:38:58.750 989.001040545144
TAG: 01 09/10/2021 02:47:21.810 989.001038204028
TAG: 01 09/10/2021 02:48:28.760 989.001038204028
TAG: 01 09/10/2021 02:49:41.180 989.001038204028
TAG: 01 09/10/2021 02:50:52.710 989.001038204028
TAG: 01 09/10/2021 03:08:09.650 989.001040545219
TAG: 01 09/10/2021 03:12:52.520 989.001040545219
TAG: 01 09/10/2021 03:15:03.680 989.001034179379
TAG: 01 09/10/2021 03:15:58.040 989.001040545219
TAG: 01 09/10/2021 03:16:15.010 989.001034179379
TAG: 01 09/10/2021 03:17:15.030 989.001034179379
TAG: 01 09/10/2021 03:34:48.010 989.001032567391
TAG: 01 09/10/2021 03:45:27.280 989.001034179045
TAG: 01 09/10/2021 04:20:44.760 989.001034179008
TAG: 01 09/10/2021 04:21:14.630 989.001040545146
TAG: 01 09/10/2021 04:22:18.140 989.001034179008
TAG: 01 09/10/2021 04:44:35.920 989.001040545165
TAG: 01 09/10/2021 04:45:37.820 989.001040545165
TAG: 01 09/10/2021 05:10:15.610 989.001038204118
MSG: 01 09/10/2021 12:25:58.100 Test Tag Single Shot Fired
TAG: 01 09/10/2021 12:25:58.130 999.000000007425
MSG: 01 09/10/2021 12:25:58.130 VTT Test Passed
INF: Start Of Full Status Report
 Reader:
  ID:                                         01
  Model:                                  IS1001
  S/N:                                 1929.3114
  Date:                               09/10/2021
  Time:                                 12:26:08
  Application Firmware Version:            1.7.0
  Operation Mode:                           Scan
  Network Mode:                IS1001 Standalone
  Exciter Sync. Mode:                 Standalone
  Date/Time Sync.:                      Disabled
  Beeper:                               Disabled
  Tag Display Format:                        DEC
  Initiation Delay:                     Disabled
  Reader Auto Standby Voltages:       16 V, 18 V
  Periodic Standby Start Time:              0:00
  Periodic Standby Duration:            Disabled
  Idling Time:                          Disabled
 Alarms:
  Antenna Current Low Alarm:               0.5 A
  Noise High Alarm:                          75%
  Tuning Capacit. High Alarm:                970
  Tuning Capacit. Low Alarm:                  50
  Alarms Unique Delay:                   600 sec
 Antenna/Tuning:
  Exciter Voltage Level:                       3
  Dynamic Tuning:                        Enabled
  Tuning Target Phase:                       382
  Tuning Target Phase Deviation Threshold:     4
 Communication:
  Local Port Speed:                       115200
  Tags To Local Port:                    Enabled
  Alarms To Local Port:                  Enabled
  Messages To Local Port:                Enabled
  Remote Port Protocol:                    ASCII
  Remote Port Transfer Rate:                Full
 Detection:
  HDX Tag Detection:                    Disabled
  Fastag Detection:                     Disabled
  FDXB Tag Signal Level Detection:      Disabled
  BioTherm Tag Temperature Detection:   Disabled
  Detection Counter Enabled:                 Yes
  Unique Mode:                             Delay
  Unique Delay:                           60 sec
  FDXB Detection Scan Time:               120 ms
  VTT Level:                                 128
  Auto VTT Delay:                        720 min
 Measurements:
  Antenna Current Gain:                       85
  Antenna Current Offset:                    110
 Memory:
  Tags Memory Size:                        78583
  Status Reports Memory Size:               1023
  Store Tags To Memory:                  Enabled
  Store VTT To Memory:                   Enabled
  Store Stat. Reports To Memory:         Enabled
 Reports:
  Auto Noise Report Delay:              Disabled
  Auto Status Report Delay:              720 min
 Diagnostics:
  Detection Counter:                        2181
  Tags In Memory:                      2667 (3%)
  Status Reports In Memory:            497 (48%)
  Input Voltage:                          23.6 V
  Exciter Voltage:                        15.9 V
  Antenna Tuning:                          Tuned
  Antenna Current:                         4.6 A
  Tuning Capacitors:                         283
  Tuning Phase:                              382
  Tuning Relative Phase:                       0
  FDXB Signal Level:                189 mV (21%)
  Temperature:                            18.6 C
  Sync. Input Present:                       N/A
  Sec. Master Active:                        N/A
 Active Alarms:
  No Active Alarms
SRP: 01 09/10/2021 12:26:08.100 16,0,0,2,3,-1,283,3,48,236,159,46,21,383,186,0,0,0,0,0
INF: End Of Full Status Report
TAG: 01 09/10/2021 20:02:00.160 989.001034179106
TAG: 01 09/10/2021 20:55:39.900 989.001034179392
TAG: 01 09/10/2021 21:05:05.170 989.001040545144
TAG: 01 09/10/2021 21:08:10.740 989.001034179277
TAG: 01 09/10/2021 21:09:12.430 989.001034179277
TAG: 01 09/10/2021 21:23:46.440 989.001040545224
TAG: 01 09/10/2021 21:31:56.850 989.001038204018
TAG: 01 09/10/2021 21:34:27.980 989.001038204109
TAG: 01 09/10/2021 21:36:18.580 989.001034179325
TAG: 01 09/10/2021 21:43:07.590 989.001034179332
TAG: 01 09/10/2021 21:50:31.150 989.001038204122
TAG: 01 09/10/2021 21:53:49.320 989.001038204122
TAG: 01 09/10/2021 22:03:04.840 989.001034179379
TAG: 01 09/10/2021 22:10:54.220 989.001040545144
TAG: 01 09/10/2021 22:13:25.890 989.001034179324
TAG: 01 09/10/2021 22:13:34.680 989.001038204024
TAG: 01 09/10/2021 22:32:18.960 989.001034179045
TAG: 01 09/10/2021 22:50:27.830 989.001040545212
TAG: 01 09/10/2021 22:51:05.570 989.001040545197
TAG: 01 09/10/2021 22:54:17.410 989.001040545202
TAG: 01 09/10/2021 23:01:43.340 989.001034179268
TAG: 01 09/10/2021 23:03:02.770 989.001034179253
TAG: 01 09/10/2021 23:15:07.820 989.001040545152
TAG: 01 09/10/2021 23:16:51.510 989.001034179181
TAG: 01 09/10/2021 23:22:56.490 989.001038204079
TAG: 01 09/10/2021 23:24:38.320 989.001040545200
TAG: 01 09/10/2021 23:27:34.130 989.001040545200
TAG: 01 09/10/2021 23:31:05.850 989.001038204104
TAG: 01 09/10/2021 23:38:04.980 989.001040545221
TAG: 01 09/10/2021 23:39:15.590 989.001034179392
TAG: 01 09/10/2021 23:46:03.100 989.001040545144
TAG: 01 09/10/2021 23:54:21.660 989.001038204036
TAG: 01 09/10/2021 23:59:00.770 989.001034179319
