TAG: 01 09/07/2021 00:07:14.830 989.001034179253
MSG: 01 09/07/2021 00:25:58.100 Test Tag Single Shot Fired
TAG: 01 09/07/2021 00:25:58.130 999.000000007425
MSG: 01 09/07/2021 00:25:58.130 VTT Test Passed
INF: Start Of Full Status Report
 Reader:
  ID:                                         01
  Model:                                  IS1001
  S/N:                                 1929.3114
  Date:                               09/07/2021
  Time:                                 00:26:08
  Application Firmware Version:            1.7.0
  Operation Mode:                           Scan
  Network Mode:                IS1001 Standalone
  Exciter Sync. Mode:                 Standalone
  Date/Time Sync.:                      Disabled
  Beeper:                               Disabled
  Tag Display Format:                        DEC
  Initiation Delay:                     Disabled
  Reader Auto Standby Voltages:       16 V, 18 V
  Periodic Standby Start Time:              0:00
  Periodic Standby Duration:            Disabled
  Idling Time:                          Disabled
 Alarms:
  Antenna Current Low Alarm:               0.5 A
  Noise High Alarm:                          75%
  Tuning Capacit. High Alarm:                970
  Tuning Capacit. Low Alarm:                  50
  Alarms Unique Delay:                   600 sec
 Antenna/Tuning:
  Exciter Voltage Level:                       3
  Dynamic Tuning:                        Enabled
  Tuning Target Phase:                       382
  Tuning Target Phase Deviation Threshold:     3
 Communication:
  Local Port Speed:                       115200
  Tags To Local Port:                    Enabled
  Alarms To Local Port:                  Enabled
  Messages To Local Port:                Enabled
  Remote Port Protocol:                    ASCII
  Remote Port Transfer Rate:                Full
 Detection:
  HDX Tag Detection:                    Disabled
  Fastag Detection:                     Disabled
  FDXB Tag Signal Level Detection:      Disabled
  BioTherm Tag Temperature Detection:   Disabled
  Detection Counter Enabled:                 Yes
  Unique Mode:                             Delay
  Unique Delay:                           60 sec
  FDXB Detection Scan Time:               120 ms
  VTT Level:                                 128
  Auto VTT Delay:                        720 min
 Measurements:
  Antenna Current Gain:                       85
  Antenna Current Offset:                    110
 Memory:
  Tags Memory Size:                        78583
  Status Reports Memory Size:               1023
  Store Tags To Memory:                  Enabled
  Store VTT To Memory:                   Enabled
  Store Stat. Reports To Memory:         Enabled
 Reports:
  Auto Noise Report Delay:              Disabled
  Auto Status Report Delay:              720 min
 Diagnostics:
  Detection Counter:                        2056
  Tags In Memory:                      2535 (3%)
  Status Reports In Memory:            489 (47%)
  Input Voltage:                          23.5 V
  Exciter Voltage:                        15.9 V
  Antenna Tuning:                          Tuned
  Antenna Current:                         4.6 A
  Tuning Capacitors:                         283
  Tuning Phase:                              381
  Tuning Relative Phase:                       1
  FDXB Signal Level:                  60 mV (6%)
  Temperature:                            17.6 C
  Sync. Input Present:                       N/A
  Sec. Master Active:                        N/A
 Active Alarms:
  No Active Alarms
SRP: 01 09/07/2021 00:26:08.100 16,0,0,2,3,1,283,3,47,235,159,46,6,381,176,0,0,0,0,0
INF: End Of Full Status Report
MSG: 01 09/07/2021 01:48:31.850 Set Caps = 284, I = 4.5 A, PH = 385, dPH = -3
MSG: 01 09/07/2021 01:49:03.750 Set Caps = 283, I = 4.5 A, PH = 381, dPH = 1
TAG: 01 09/07/2021 01:58:21.210 989.001034179275
TAG: 01 09/07/2021 03:34:54.950 989.001034179253
TAG: 01 09/07/2021 03:52:12.260 989.001034179106
TAG: 01 09/07/2021 03:57:00.570 989.001034179106
TAG: 01 09/07/2021 03:58:02.390 989.001034179106
TAG: 01 09/07/2021 03:59:14.480 989.001034179106
TAG: 01 09/07/2021 04:25:13.650 989.001034179277
TAG: 01 09/07/2021 05:22:17.680 989.001034179253
TAG: 01 09/07/2021 05:23:26.650 989.001034179253
MSG: 01 09/07/2021 12:25:58.100 Test Tag Single Shot Fired
TAG: 01 09/07/2021 12:25:58.130 999.000000007425
MSG: 01 09/07/2021 12:25:58.130 VTT Test Passed
INF: Start Of Full Status Report
 Reader:
  ID:                                         01
  Model:                                  IS1001
  S/N:                                 1929.3114
  Date:                               09/07/2021
  Time:                                 12:26:08
  Application Firmware Version:            1.7.0
  Operation Mode:                           Scan
  Network Mode:                IS1001 Standalone
  Exciter Sync. Mode:                 Standalone
  Date/Time Sync.:                      Disabled
  Beeper:                               Disabled
  Tag Display Format:                        DEC
  Initiation Delay:                     Disabled
  Reader Auto Standby Voltages:       16 V, 18 V
  Periodic Standby Start Time:              0:00
  Periodic Standby Duration:            Disabled
  Idling Time:                          Disabled
 Alarms:
  Antenna Current Low Alarm:               0.5 A
  Noise High Alarm:                          75%
  Tuning Capacit. High Alarm:                970
  Tuning Capacit. Low Alarm:                  50
  Alarms Unique Delay:                   600 sec
 Antenna/Tuning:
  Exciter Voltage Level:                       3
  Dynamic Tuning:                        Enabled
  Tuning Target Phase:                       382
  Tuning Target Phase Deviation Threshold:     3
 Communication:
  Local Port Speed:                       115200
  Tags To Local Port:                    Enabled
  Alarms To Local Port:                  Enabled
  Messages To Local Port:                Enabled
  Remote Port Protocol:                    ASCII
  Remote Port Transfer Rate:                Full
 Detection:
  HDX Tag Detection:                    Disabled
  Fastag Detection:                     Disabled
  FDXB Tag Signal Level Detection:      Disabled
  BioTherm Tag Temperature Detection:   Disabled
  Detection Counter Enabled:                 Yes
  Unique Mode:                             Delay
  Unique Delay:                           60 sec
  FDXB Detection Scan Time:               120 ms
  VTT Level:                                 128
  Auto VTT Delay:                        720 min
 Measurements:
  Antenna Current Gain:                       85
  Antenna Current Offset:                    110
 Memory:
  Tags Memory Size:                        78583
  Status Reports Memory Size:               1023
  Store Tags To Memory:                  Enabled
  Store VTT To Memory:                   Enabled
  Store Stat. Reports To Memory:         Enabled
 Reports:
  Auto Noise Report Delay:              Disabled
  Auto Status Report Delay:              720 min
 Diagnostics:
  Detection Counter:                        2065
  Tags In Memory:                      2545 (3%)
  Status Reports In Memory:            490 (47%)
  Input Voltage:                          23.5 V
  Exciter Voltage:                        15.9 V
  Antenna Tuning:                          Tuned
  Antenna Current:                         4.5 A
  Tuning Capacitors:                         283
  Tuning Phase:                              382
  Tuning Relative Phase:                       0
  FDXB Signal Level:                172 mV (19%)
  Temperature:                            18.6 C
  Sync. Input Present:                       N/A
  Sec. Master Active:                        N/A
 Active Alarms:
  No Active Alarms
SRP: 01 09/07/2021 12:26:08.100 16,0,0,2,3,0,283,3,47,235,159,45,19,382,186,0,0,0,0,0
INF: End Of Full Status Report
ALM: 01 09/07/2021 12:56:53.530 Noise High
MSG: 01 09/07/2021 12:56:55.530 Noise In Spec.
MSG: 01 09/07/2021 16:05:24.050 Set Caps = 284, I = 4.6 A, PH = 385, dPH = -3
MSG: 01 09/07/2021 16:05:27.150 Set Caps = 283, I = 4.6 A, PH = 381, dPH = 1
MSG: 01 09/07/2021 16:05:29.850 Set Caps = 284, I = 4.6 A, PH = 385, dPH = -3
MSG: 01 09/07/2021 16:09:02.950 Set Caps = 283, I = 4.6 A, PH = 381, dPH = 1
TAG: 01 09/07/2021 20:12:39.470 989.001034179268
TAG: 01 09/07/2021 20:13:51.090 989.001034179268
TAG: 01 09/07/2021 20:15:35.290 989.001034179268
TAG: 01 09/07/2021 20:16:42.960 989.001034179268
TAG: 01 09/07/2021 22:18:32.190 989.001034179044
TAG: 01 09/07/2021 22:49:57.040 989.001034179275
TAG: 01 09/07/2021 22:51:13.330 989.001034179275
TAG: 01 09/07/2021 22:53:44.630 989.001034179106
TAG: 01 09/07/2021 23:07:51.390 989.001034179045
TAG: 01 09/07/2021 23:22:00.280 989.001034179030
TAG: 01 09/07/2021 23:30:54.160 989.001038204101
TAG: 01 09/07/2021 23:33:28.940 989.001034179189
TAG: 01 09/07/2021 23:51:05.940 989.001040545202
