TAG: 01 09/11/2021 00:12:00.900 989.001034179030
TAG: 01 09/11/2021 00:13:02.790 989.001034179030
TAG: 01 09/11/2021 00:13:08.440 989.001040545195
TAG: 01 09/11/2021 00:15:51.190 989.001038204118
MSG: 01 09/11/2021 00:25:58.100 Test Tag Single Shot Fired
TAG: 01 09/11/2021 00:25:58.130 999.000000007425
MSG: 01 09/11/2021 00:25:58.130 VTT Test Passed
INF: Start Of Full Status Report
 Reader:
  ID:                                         01
  Model:                                  IS1001
  S/N:                                 1929.3114
  Date:                               09/11/2021
  Time:                                 00:26:08
  Application Firmware Version:            1.7.0
  Operation Mode:                           Scan
  Network Mode:                IS1001 Standalone
  Exciter Sync. Mode:                 Standalone
  Date/Time Sync.:                      Disabled
  Beeper:                               Disabled
  Tag Display Format:                        DEC
  Initiation Delay:                     Disabled
  Reader Auto Standby Voltages:       16 V, 18 V
  Periodic Standby Start Time:              0:00
  Periodic Standby Duration:            Disabled
  Idling Time:                          Disabled
 Alarms:
  Antenna Current Low Alarm:               0.5 A
  Noise High Alarm:                          75%
  Tuning Capacit. High Alarm:                970
  Tuning Capacit. Low Alarm:                  50
  Alarms Unique Delay:                   600 sec
 Antenna/Tuning:
  Exciter Voltage Level:                       3
  Dynamic Tuning:                        Enabled
  Tuning Target Phase:                       382
  Tuning Target Phase Deviation Threshold:     4
 Communication:
  Local Port Speed:                       115200
  Tags To Local Port:                    Enabled
  Alarms To Local Port:                  Enabled
  Messages To Local Port:                Enabled
  Remote Port Protocol:                    ASCII
  Remote Port Transfer Rate:                Full
 Detection:
  HDX Tag Detection:                    Disabled
  Fastag Detection:                     Disabled
  FDXB Tag Signal Level Detection:      Disabled
  BioTherm Tag Temperature Detection:   Disabled
  Detection Counter Enabled:                 Yes
  Unique Mode:                             Delay
  Unique Delay:                           60 sec
  FDXB Detection Scan Time:               120 ms
  VTT Level:                                 128
  Auto VTT Delay:                        720 min
 Measurements:
  Antenna Current Gain:                       85
  Antenna Current Offset:                    110
 Memory:
  Tags Memory Size:                        78583
  Status Reports Memory Size:               1023
  Store Tags To Memory:                  Enabled
  Store VTT To Memory:                   Enabled
  Store Stat. Reports To Memory:         Enabled
 Reports:
  Auto Noise Report Delay:              Disabled
  Auto Status Report Delay:              720 min
 Diagnostics:
  Detection Counter:                        2218
  Tags In Memory:                      2705 (3%)
  Status Reports In Memory:            498 (48%)
  Input Voltage:                          23.5 V
  Exciter Voltage:                        15.9 V
  Antenna Tuning:                          Tuned
  Antenna Current:                         4.6 A
  Tuning Capacitors:                         283
  Tuning Phase:                              383
  Tuning Relative Phase:                      -1
  FDXB Signal Level:                  78 mV (8%)
  Temperature:                            17.6 C
  Sync. Input Present:                       N/A
  Sec. Master Active:                        N/A
 Active Alarms:
  No Active Alarms
SRP: 01 09/11/2021 00:26:08.100 16,0,0,2,3,-2,283,3,48,235,159,46,8,384,176,0,0,0,0,0
INF: End Of Full Status Report
TAG: 01 09/11/2021 00:50:44.130 989.001034179030
TAG: 01 09/11/2021 01:14:35.770 989.001038204026
TAG: 01 09/11/2021 01:16:08.170 989.001038204026
TAG: 01 09/11/2021 01:39:36.280 989.001034179242
TAG: 01 09/11/2021 01:41:10.750 989.001034179242
TAG: 01 09/11/2021 02:09:20.580 989.001034179045
TAG: 01 09/11/2021 02:19:27.540 989.001034179045
TAG: 01 09/11/2021 02:23:31.360 989.001040545224
TAG: 01 09/11/2021 02:25:06.030 989.001040545144
TAG: 01 09/11/2021 02:33:11.150 989.001034179253
TAG: 01 09/11/2021 02:34:48.430 989.001034179253
TAG: 01 09/11/2021 03:05:06.130 989.001034179325
TAG: 01 09/11/2021 03:14:35.820 989.001034179253
TAG: 01 09/11/2021 03:16:59.840 989.001034179253
TAG: 01 09/11/2021 03:19:36.990 989.001034179332
TAG: 01 09/11/2021 03:46:56.320 989.001040545146
TAG: 01 09/11/2021 03:47:59.760 989.001040545146
TAG: 01 09/11/2021 03:49:03.960 989.001040545146
TAG: 01 09/11/2021 03:53:44.740 989.001040545165
TAG: 01 09/11/2021 04:00:40.710 989.001034179172
TAG: 01 09/11/2021 04:01:51.620 989.001034179172
TAG: 01 09/11/2021 04:15:36.750 989.001038204118
TAG: 01 09/11/2021 04:16:49.920 989.001038204118
MSG: 01 09/11/2021 12:25:58.100 Test Tag Single Shot Fired
TAG: 01 09/11/2021 12:25:58.130 999.000000007425
MSG: 01 09/11/2021 12:25:58.130 VTT Test Passed
INF: Start Of Full Status Report
 Reader:
  ID:                                         01
  Model:                                  IS1001
  S/N:                                 1929.3114
  Date:                               09/11/2021
  Time:                                 12:26:08
  Application Firmware Version:            1.7.0
  Operation Mode:                           Scan
  Network Mode:                IS1001 Standalone
  Exciter Sync. Mode:                 Standalone
  Date/Time Sync.:                      Disabled
  Beeper:                               Disabled
  Tag Display Format:                        DEC
  Initiation Delay:                     Disabled
  Reader Auto Standby Voltages:       16 V, 18 V
  Periodic Standby Start Time:              0:00
  Periodic Standby Duration:            Disabled
  Idling Time:                          Disabled
 Alarms:
  Antenna Current Low Alarm:               0.5 A
  Noise High Alarm:                          75%
  Tuning Capacit. High Alarm:                970
  Tuning Capacit. Low Alarm:                  50
  Alarms Unique Delay:                   600 sec
 Antenna/Tuning:
  Exciter Voltage Level:                       3
  Dynamic Tuning:                        Enabled
  Tuning Target Phase:                       382
  Tuning Target Phase Deviation Threshold:     4
 Communication:
  Local Port Speed:                       115200
  Tags To Local Port:                    Enabled
  Alarms To Local Port:                  Enabled
  Messages To Local Port:                Enabled
  Remote Port Protocol:                    ASCII
  Remote Port Transfer Rate:                Full
 Detection:
  HDX Tag Detection:                    Disabled
  Fastag Detection:                     Disabled
  FDXB Tag Signal Level Detection:      Disabled
  BioTherm Tag Temperature Detection:   Disabled
  Detection Counter Enabled:                 Yes
  Unique Mode:                             Delay
  Unique Delay:                           60 sec
  FDXB Detection Scan Time:               120 ms
  VTT Level:                                 128
  Auto VTT Delay:                        720 min
 Measurements:
  Antenna Current Gain:                       85
  Antenna Current Offset:                    110
 Memory:
  Tags Memory Size:                        78583
  Status Reports Memory Size:               1023
  Store Tags To Memory:                  Enabled
  Store VTT To Memory:                   Enabled
  Store Stat. Reports To Memory:         Enabled
 Reports:
  Auto Noise Report Delay:              Disabled
  Auto Status Report Delay:              720 min
 Diagnostics:
  Detection Counter:                        2241
  Tags In Memory:                      2729 (3%)
  Status Reports In Memory:            499 (48%)
  Input Voltage:                          23.5 V
  Exciter Voltage:                        15.9 V
  Antenna Tuning:                          Tuned
  Antenna Current:                         4.6 A
  Tuning Capacitors:                         283
  Tuning Phase:                              385
  Tuning Relative Phase:                      -3
  FDXB Signal Level:                168 mV (18%)
  Temperature:                            18.6 C
  Sync. Input Present:                       N/A
  Sec. Master Active:                        N/A
 Active Alarms:
  No Active Alarms
SRP: 01 09/11/2021 12:26:08.100 16,0,0,2,3,-3,283,3,48,235,159,46,18,385,186,0,0,0,0,0
INF: End Of Full Status Report
TAG: 01 09/11/2021 19:46:17.170 989.001040545235
TAG: 01 09/11/2021 19:56:32.220 989.001034179268
TAG: 01 09/11/2021 19:58:11.620 989.001040545235
TAG: 01 09/11/2021 19:58:54.830 989.001040545221
TAG: 01 09/11/2021 19:59:11.480 989.001040545235
TAG: 01 09/11/2021 20:00:16.600 989.001034179268
TAG: 01 09/11/2021 20:02:15.240 989.001034179268
TAG: 01 09/11/2021 20:03:17.940 989.001034179268
TAG: 01 09/11/2021 20:04:19.890 989.001034179268
TAG: 01 09/11/2021 20:13:08.810 989.001040545198
TAG: 01 09/11/2021 20:14:11.360 989.001040545198
TAG: 01 09/11/2021 20:15:11.270 989.001040545198
TAG: 01 09/11/2021 20:15:29.890 989.001034179030
TAG: 01 09/11/2021 20:54:31.370 989.001040545144
TAG: 01 09/11/2021 21:17:17.000 989.001034179277
TAG: 01 09/11/2021 21:18:25.760 989.001034179277
TAG: 01 09/11/2021 21:19:25.940 989.001034179277
TAG: 01 09/11/2021 21:38:52.750 989.001034179181
TAG: 01 09/11/2021 21:45:41.380 989.001034179332
TAG: 01 09/11/2021 21:52:24.720 989.001034179379
TAG: 01 09/11/2021 21:53:47.300 989.001034179379
TAG: 01 09/11/2021 21:56:47.390 989.001038204102
TAG: 01 09/11/2021 21:57:48.760 989.001038204102
TAG: 01 09/11/2021 21:59:29.120 989.001038204102
TAG: 01 09/11/2021 22:08:11.590 989.001040545146
TAG: 01 09/11/2021 22:10:02.820 989.001038204114
TAG: 01 09/11/2021 22:10:25.370 989.001040545225
TAG: 01 09/11/2021 22:12:27.720 989.001038204114
TAG: 01 09/11/2021 22:24:33.160 989.001034179044
TAG: 01 09/11/2021 22:25:35.090 989.001034179044
TAG: 01 09/11/2021 22:34:20.270 989.001040545212
TAG: 01 09/11/2021 22:35:25.110 989.001040545212
TAG: 01 09/11/2021 22:38:31.690 989.001038204109
TAG: 01 09/11/2021 22:45:56.410 989.001038204079
TAG: 01 09/11/2021 22:48:53.950 989.001034179253
TAG: 01 09/11/2021 23:02:36.980 989.001040545197
TAG: 01 09/11/2021 23:03:47.950 989.001040545197
TAG: 01 09/11/2021 23:11:13.830 989.001034179314
TAG: 01 09/11/2021 23:11:33.520 989.001034179319
TAG: 01 09/11/2021 23:12:15.180 989.001034179314
TAG: 01 09/11/2021 23:28:06.100 989.001040545202
TAG: 01 09/11/2021 23:35:48.810 989.001038204034
TAG: 01 09/11/2021 23:38:11.090 989.001040545189
TAG: 01 09/11/2021 23:39:45.110 989.001040545189
TAG: 01 09/11/2021 23:53:19.600 989.001038204048
TAG: 01 09/11/2021 23:54:39.980 989.001034178998
TAG: 01 09/11/2021 23:58:11.560 989.001034178998
