
LOGGER: USB Device Attached
MSG: 01 09/09/2021 18:48:41.850 Set Caps = 285, I = 4.5 A, PH = 382, dPH = 0
MSG: 01 09/09/2021 18:48:42.550 Set Caps = 284, I = 4.5 A, PH = 384, dPH = -2
ALM: 01 09/09/2021 18:48:45.230 Noise High
MSG: 01 09/09/2021 18:48:46.050 Set Caps = 283, I = 4.5 A, PH = 384, dPH = -2
MSG: 01 09/09/2021 18:48:46.330 Noise In Spec.
MSG: 01 09/09/2021 18:51:32.850 Set Caps = 282, I = 4.7 A, PH = 382, dPH = 0
MSG: 01 09/09/2021 18:53:16.470 Antenna Full Tuning...
 Caps = 0 PH = 179 Current = 1.1 A
 Caps = 1 PH = 179 Current = 1.1 A
 Caps = 2 PH = 180 Current = 1.1 A
 Caps = 3 PH = 181 Current = 1.1 A
 Caps = 4 PH = 183 Current = 1.1 A
 Caps = 5 PH = 183 Current = 1.1 A
 Caps = 6 PH = 183 Current = 1.1 A
 Caps = 7 PH = 184 Current = 1.1 A
 Caps = 8 PH = 185 Current = 1.1 A
 Caps = 9 PH = 186 Current = 1.1 A
 Caps = 10 PH = 187 Current = 1.1 A
 Caps = 11 PH = 187 Current = 1.1 A
 Caps = 12 PH = 189 Current = 1.1 A
 Caps = 13 PH = 188 Current = 1.1 A
 Caps = 14 PH = 189 Current = 1.1 A
 Caps = 15 PH = 189 Current = 1.1 A
 Caps = 16 PH = 191 Current = 1.1 A
 Caps = 17 PH = 191 Current = 1.1 A
 Caps = 18 PH = 191 Current = 1.1 A
 Caps = 19 PH = 192 Current = 1.1 A
 Caps = 20 PH = 193 Current = 1.1 A
 Caps = 21 PH = 194 Current = 1.1 A
 Caps = 22 PH = 194 Current = 1.1 A
 Caps = 23 PH = 194 Current = 1.1 A
 Caps = 24 PH = 196 Current = 1.1 A
 Caps = 25 PH = 196 Current = 1.1 A
 Caps = 26 PH = 197 Current = 1.1 A
 Caps = 27 PH = 197 Current = 1.1 A
 Caps = 28 PH = 198 Current = 1.1 A
 Caps = 29 PH = 198 Current = 1.2 A
 Caps = 30 PH = 198 Current = 1.2 A
 Caps = 31 PH = 199 Current = 1.2 A
 Caps = 32 PH = 202 Current = 1.2 A
 Caps = 33 PH = 202 Current = 1.2 A
 Caps = 34 PH = 203 Current = 1.2 A
 Caps = 35 PH = 203 Current = 1.2 A
 Caps = 36 PH = 204 Current = 1.2 A
 Caps = 37 PH = 204 Current = 1.2 A
 Caps = 38 PH = 204 Current = 1.2 A
 Caps = 39 PH = 204 Current = 1.2 A
 Caps = 40 PH = 205 Current = 1.2 A
 Caps = 41 PH = 206 Current = 1.2 A
 Caps = 42 PH = 206 Current = 1.2 A
 Caps = 43 PH = 206 Current = 1.2 A
 Caps = 44 PH = 207 Current = 1.2 A
 Caps = 45 PH = 207 Current = 1.2 A
 Caps = 46 PH = 208 Current = 1.2 A
 Caps = 47 PH = 208 Current = 1.2 A
 Caps = 48 PH = 209 Current = 1.2 A
 Caps = 49 PH = 209 Current = 1.2 A
 Caps = 50 PH = 209 Current = 1.2 A
 Caps = 51 PH = 210 Current = 1.2 A
 Caps = 52 PH = 210 Current = 1.2 A
 Caps = 53 PH = 211 Current = 1.2 A
 Caps = 54 PH = 211 Current = 1.2 A
 Caps = 55 PH = 212 Current = 1.2 A
 Caps = 56 PH = 212 Current = 1.2 A
 Caps = 57 PH = 212 Current = 1.2 A
 Caps = 58 PH = 213 Current = 1.2 A
 Caps = 59 PH = 212 Current = 1.2 A
 Caps = 60 PH = 213 Current = 1.2 A
 Caps = 61 PH = 214 Current = 1.2 A
 Caps = 62 PH = 214 Current = 1.2 A
 Caps = 63 PH = 215 Current = 1.2 A
 Caps = 64 PH = 212 Current = 1.2 A
 Caps = 65 PH = 213 Current = 1.2 A
 Caps = 66 PH = 213 Current = 1.2 A
 Caps = 67 PH = 213 Current = 1.2 A
 Caps = 68 PH = 214 Current = 1.2 A
 Caps = 69 PH = 214 Current = 1.2 A
 Caps = 70 PH = 215 Current = 1.2 A
 Caps = 71 PH = 215 Current = 1.2 A
 Caps = 72 PH = 216 Current = 1.2 A
 Caps = 73 PH = 216 Current = 1.2 A
 Caps = 74 PH = 216 Current = 1.2 A
 Caps = 75 PH = 217 Current = 1.2 A
 Caps = 76 PH = 217 Current = 1.2 A
 Caps = 77 PH = 218 Current = 1.2 A
 Caps = 78 PH = 218 Current = 1.2 A
 Caps = 79 PH = 218 Current = 1.2 A
 Caps = 80 PH = 218 Current = 1.2 A
 Caps = 81 PH = 218 Current = 1.2 A
 Caps = 82 PH = 219 Current = 1.2 A
 Caps = 83 PH = 219 Current = 1.2 A
 Caps = 84 PH = 220 Current = 1.2 A
 Caps = 85 PH = 220 Current = 1.2 A
 Caps = 86 PH = 220 Current = 1.2 A
 Caps = 87 PH = 221 Current = 1.2 A
 Caps = 88 PH = 221 Current = 1.2 A
 Caps = 89 PH = 221 Current = 1.2 A
 Caps = 90 PH = 221 Current = 1.2 A
 Caps = 91 PH = 222 Current = 1.2 A
 Caps = 92 PH = 223 Current = 1.2 A
 Caps = 93 PH = 223 Current = 1.2 A
 Caps = 94 PH = 223 Current = 1.2 A
 Caps = 95 PH = 223 Current = 1.2 A
 Caps = 96 PH = 225 Current = 1.2 A
 Caps = 97 PH = 225 Current = 1.2 A
 Caps = 98 PH = 224 Current = 1.2 A
 Caps = 99 PH = 226 Current = 1.2 A
 Caps = 100 PH = 226 Current = 1.2 A
 Caps = 101 PH = 226 Current = 1.2 A
 Caps = 102 PH = 226 Current = 1.2 A
 Caps = 103 PH = 226 Current = 1.2 A
 Caps = 104 PH = 227 Current = 1.2 A
 Caps = 105 PH = 227 Current = 1.2 A
 Caps = 106 PH = 227 Current = 1.2 A
 Caps = 107 PH = 228 Current = 1.2 A
 Caps = 108 PH = 228 Current = 1.2 A
 Caps = 109 PH = 229 Current = 1.2 A
 Caps = 110 PH = 229 Current = 1.2 A
 Caps = 111 PH = 229 Current = 1.2 A
 Caps = 112 PH = 229 Current = 1.2 A
 Caps = 113 PH = 230 Current = 1.2 A
 Caps = 114 PH = 231 Current = 1.2 A
 Caps = 115 PH = 230 Current = 1.2 A
 Caps = 116 PH = 231 Current = 1.3 A
 Caps = 117 PH = 231 Current = 1.3 A
 Caps = 118 PH = 232 Current = 1.3 A
 Caps = 119 PH = 232 Current = 1.3 A
 Caps = 120 PH = 233 Current = 1.3 A
 Caps = 121 PH = 233 Current = 1.3 A
 Caps = 122 PH = 233 Current = 1.3 A
 Caps = 123 PH = 233 Current = 1.3 A
 Caps = 124 PH = 234 Current = 1.3 A
 Caps = 125 PH = 234 Current = 1.3 A
 Caps = 126 PH = 235 Current = 1.3 A
 Caps = 127 PH = 235 Current = 1.3 A
 Caps = 128 PH = 235 Current = 1.3 A
 Caps = 129 PH = 234 Current = 1.3 A
 Caps = 130 PH = 234 Current = 1.3 A
 Caps = 131 PH = 235 Current = 1.3 A
 Caps = 132 PH = 235 Current = 1.3 A
 Caps = 133 PH = 236 Current = 1.3 A
 Caps = 134 PH = 236 Current = 1.3 A
 Caps = 135 PH = 236 Current = 1.3 A
 Caps = 136 PH = 237 Current = 1.3 A
 Caps = 137 PH = 237 Current = 1.3 A
 Caps = 138 PH = 237 Current = 1.3 A
 Caps = 139 PH = 238 Current = 1.3 A
 Caps = 140 PH = 238 Current = 1.3 A
 Caps = 141 PH = 238 Current = 1.3 A
 Caps = 142 PH = 239 Current = 1.3 A
 Caps = 143 PH = 240 Current = 1.3 A
 Caps = 144 PH = 240 Current = 1.3 A
 Caps = 145 PH = 240 Current = 1.3 A
 Caps = 146 PH = 240 Current = 1.3 A
 Caps = 147 PH = 241 Current = 1.3 A
 Caps = 148 PH = 241 Current = 1.3 A
 Caps = 149 PH = 241 Current = 1.3 A
 Caps = 150 PH = 242 Current = 1.3 A
 Caps = 151 PH = 242 Current = 1.4 A
 Caps = 152 PH = 243 Current = 1.4 A
 Caps = 153 PH = 243 Current = 1.4 A
 Caps = 154 PH = 244 Current = 1.4 A
 Caps = 155 PH = 244 Current = 1.4 A
 Caps = 156 PH = 245 Current = 1.4 A
 Caps = 157 PH = 245 Current = 1.4 A
 Caps = 158 PH = 246 Current = 1.4 A
 Caps = 159 PH = 246 Current = 1.4 A
 Caps = 160 PH = 247 Current = 1.4 A
 Caps = 161 PH = 247 Current = 1.4 A
 Caps = 162 PH = 248 Current = 1.4 A
 Caps = 163 PH = 248 Current = 1.4 A
 Caps = 164 PH = 249 Current = 1.4 A
 Caps = 165 PH = 249 Current = 1.5 A
 Caps = 166 PH = 250 Current = 1.5 A
 Caps = 167 PH = 250 Current = 1.5 A
 Caps = 168 PH = 251 Current = 1.5 A
 Caps = 169 PH = 251 Current = 1.5 A
 Caps = 170 PH = 252 Current = 1.5 A
 Caps = 171 PH = 252 Current = 1.5 A
 Caps = 172 PH = 253 Current = 1.5 A
 Caps = 173 PH = 254 Current = 1.5 A
 Caps = 174 PH = 254 Current = 1.5 A
 Caps = 175 PH = 255 Current = 1.5 A
 Caps = 176 PH = 255 Current = 1.6 A
 Caps = 177 PH = 255 Current = 1.6 A
 Caps = 178 PH = 256 Current = 1.6 A
 Caps = 179 PH = 257 Current = 1.6 A
 Caps = 180 PH = 258 Current = 1.6 A
 Caps = 181 PH = 258 Current = 1.6 A
 Caps = 182 PH = 259 Current = 1.6 A
 Caps = 183 PH = 259 Current = 1.6 A
 Caps = 184 PH = 260 Current = 1.7 A
 Caps = 185 PH = 261 Current = 1.7 A
 Caps = 186 PH = 261 Current = 1.7 A
 Caps = 187 PH = 262 Current = 1.7 A
 Caps = 188 PH = 263 Current = 1.7 A
 Caps = 189 PH = 264 Current = 1.8 A
 Caps = 190 PH = 265 Current = 1.8 A
 Caps = 191 PH = 265 Current = 1.8 A
 Caps = 192 PH = 259 Current = 1.6 A
 Caps = 193 PH = 260 Current = 1.7 A
 Caps = 194 PH = 260 Current = 1.7 A
 Caps = 195 PH = 261 Current = 1.7 A
 Caps = 196 PH = 263 Current = 1.7 A
 Caps = 197 PH = 263 Current = 1.7 A
 Caps = 198 PH = 264 Current = 1.7 A
 Caps = 199 PH = 265 Current = 1.8 A
 Caps = 200 PH = 266 Current = 1.8 A
 Caps = 201 PH = 266 Current = 1.8 A
 Caps = 202 PH = 267 Current = 1.8 A
 Caps = 203 PH = 268 Current = 1.8 A
 Caps = 204 PH = 269 Current = 1.9 A
 Caps = 205 PH = 270 Current = 1.9 A
 Caps = 206 PH = 271 Current = 1.9 A
 Caps = 207 PH = 272 Current = 2.0 A
 Caps = 208 PH = 272 Current = 2.0 A
 Caps = 209 PH = 273 Current = 2.0 A
 Caps = 210 PH = 274 Current = 2.0 A
 Caps = 211 PH = 275 Current = 2.0 A
 Caps = 212 PH = 277 Current = 2.1 A
 Caps = 213 PH = 278 Current = 2.1 A
 Caps = 214 PH = 279 Current = 2.2 A
 Caps = 215 PH = 280 Current = 2.2 A
 Caps = 216 PH = 282 Current = 2.2 A
 Caps = 217 PH = 283 Current = 2.3 A
 Caps = 218 PH = 284 Current = 2.3 A
 Caps = 219 PH = 286 Current = 2.3 A
 Caps = 220 PH = 288 Current = 2.4 A
 Caps = 221 PH = 289 Current = 2.5 A
 Caps = 222 PH = 290 Current = 2.5 A
 Caps = 223 PH = 292 Current = 2.6 A
 Caps = 224 PH = 293 Current = 2.6 A
 Caps = 225 PH = 295 Current = 2.7 A
 Caps = 226 PH = 296 Current = 2.7 A
 Caps = 227 PH = 298 Current = 2.8 A
 Caps = 228 PH = 302 Current = 2.9 A
 Caps = 229 PH = 303 Current = 2.9 A
 Caps = 230 PH = 305 Current = 3.0 A
 Caps = 231 PH = 307 Current = 3.1 A
 Caps = 232 PH = 310 Current = 3.2 A
 Caps = 233 PH = 312 Current = 3.2 A
 Caps = 234 PH = 314 Current = 3.3 A
 Caps = 235 PH = 316 Current = 3.4 A
 Caps = 236 PH = 320 Current = 3.5 A
 Caps = 237 PH = 323 Current = 3.6 A
 Caps = 238 PH = 325 Current = 3.7 A
 Caps = 239 PH = 328 Current = 3.7 A
 Caps = 240 PH = 327 Current = 3.7 A
 Caps = 241 PH = 331 Current = 3.8 A
 Caps = 242 PH = 333 Current = 3.9 A
 Caps = 243 PH = 336 Current = 4.0 A
 Caps = 244 PH = 340 Current = 4.1 A
 Caps = 245 PH = 343 Current = 4.2 A
 Caps = 246 PH = 346 Current = 4.2 A
 Caps = 247 PH = 350 Current = 4.3 A
 Caps = 248 PH = 354 Current = 4.4 A
 Caps = 249 PH = 357 Current = 4.4 A
 Caps = 250 PH = 360 Current = 4.5 A
 Caps = 251 PH = 363 Current = 4.6 A
 Caps = 252 PH = 369 Current = 4.6 A
 Caps = 253 PH = 372 Current = 4.6 A
 Caps = 254 PH = 376 Current = 4.7 A
 Caps = 255 PH = 379 Current = 4.7 A
 Caps = 256 PH = 307 Current = 3.0 A
 Caps = 257 PH = 309 Current = 3.1 A
 Caps = 258 PH = 310 Current = 3.1 A
 Caps = 259 PH = 312 Current = 3.2 A
 Caps = 260 PH = 316 Current = 3.3 A
 Caps = 261 PH = 319 Current = 3.4 A
 Caps = 262 PH = 320 Current = 3.4 A
 Caps = 263 PH = 323 Current = 3.5 A
 Caps = 264 PH = 326 Current = 3.6 A
 Caps = 265 PH = 329 Current = 3.7 A
 Caps = 266 PH = 331 Current = 3.7 A
 Caps = 267 PH = 333 Current = 3.8 A
 Caps = 268 PH = 338 Current = 4.0 A
 Caps = 269 PH = 342 Current = 4.0 A
 Caps = 270 PH = 344 Current = 4.1 A
 Caps = 271 PH = 347 Current = 4.2 A
 Caps = 272 PH = 346 Current = 4.1 A
 Caps = 273 PH = 350 Current = 4.2 A
 Caps = 274 PH = 353 Current = 4.3 A
 Caps = 275 PH = 356 Current = 4.3 A
 Caps = 276 PH = 361 Current = 4.4 A
 Caps = 277 PH = 364 Current = 4.5 A
 Caps = 278 PH = 367 Current = 4.5 A
 Caps = 279 PH = 371 Current = 4.5 A
 Caps = 280 PH = 375 Current = 4.6 A
 Caps = 281 PH = 378 Current = 4.6 A
 Caps = 282 PH = 381 Current = 4.6 A
 Caps = 283 PH = 385 Current = 4.6 A
 Caps = 284 PH = 390 Current = 4.6 A
 Caps = 285 PH = 394 Current = 4.6 A
 Caps = 286 PH = 396 Current = 4.6 A
 Caps = 287 PH = 400 Current = 4.5 A
 Caps = 288 PH = 402 Current = 4.5 A
 Caps = 289 PH = 406 Current = 4.5 A
 Caps = 290 PH = 408 Current = 4.4 A
 Caps = 291 PH = 412 Current = 4.4 A
 Caps = 292 PH = 417 Current = 4.3 A
 Caps = 293 PH = 420 Current = 4.2 A
 Caps = 294 PH = 422 Current = 4.2 A
 Caps = 295 PH = 425 Current = 4.1 A
 Caps = 296 PH = 429 Current = 4.0 A
 Caps = 297 PH = 431 Current = 4.0 A
 Caps = 298 PH = 433 Current = 3.9 A
 Caps = 299 PH = 436 Current = 3.8 A
 Caps = 300 PH = 439 Current = 3.7 A
 Caps = 301 PH = 442 Current = 3.7 A
 Caps = 302 PH = 443 Current = 3.6 A
 Caps = 303 PH = 445 Current = 3.5 A
 Caps = 304 PH = 445 Current = 3.5 A
 Caps = 305 PH = 447 Current = 3.5 A
 Caps = 306 PH = 449 Current = 3.4 A
 Caps = 307 PH = 451 Current = 3.4 A
 Caps = 308 PH = 453 Current = 3.3 A
 Caps = 309 PH = 455 Current = 3.2 A
 Caps = 310 PH = 457 Current = 3.2 A
 Caps = 311 PH = 458 Current = 3.1 A
 Caps = 312 PH = 460 Current = 3.0 A
 Caps = 313 PH = 462 Current = 3.0 A
 Caps = 314 PH = 463 Current = 2.9 A
 Caps = 315 PH = 464 Current = 2.9 A
 Caps = 316 PH = 467 Current = 2.8 A
 Caps = 317 PH = 468 Current = 2.8 A
 Caps = 318 PH = 469 Current = 2.7 A
 Caps = 319 PH = 470 Current = 2.7 A
 Caps = 320 PH = 459 Current = 3.1 A
 Caps = 321 PH = 460 Current = 3.0 A
 Caps = 322 PH = 462 Current = 3.0 A
 Caps = 323 PH = 463 Current = 2.9 A
 Caps = 324 PH = 465 Current = 2.9 A
 Caps = 325 PH = 466 Current = 2.8 A
 Caps = 326 PH = 468 Current = 2.8 A
 Caps = 327 PH = 468 Current = 2.7 A
 Caps = 328 PH = 471 Current = 2.7 A
 Caps = 329 PH = 471 Current = 2.6 A
 Caps = 330 PH = 473 Current = 2.6 A
 Caps = 331 PH = 473 Current = 2.6 A
 Caps = 332 PH = 475 Current = 2.5 A
 Caps = 333 PH = 476 Current = 2.5 A
 Caps = 334 PH = 477 Current = 2.5 A
 Caps = 335 PH = 477 Current = 2.4 A
 Caps = 336 PH = 478 Current = 2.4 A
 Caps = 337 PH = 479 Current = 2.4 A
 Caps = 338 PH = 479 Current = 2.4 A
 Caps = 339 PH = 480 Current = 2.3 A
 Caps = 340 PH = 481 Current = 2.3 A
 Caps = 341 PH = 482 Current = 2.3 A
 Caps = 342 PH = 483 Current = 2.2 A
 Caps = 343 PH = 483 Current = 2.2 A
 Caps = 344 PH = 485 Current = 2.2 A
 Caps = 345 PH = 485 Current = 2.2 A
 Caps = 346 PH = 486 Current = 2.2 A
 Caps = 347 PH = 486 Current = 2.1 A
 Caps = 348 PH = 488 Current = 2.1 A
 Caps = 349 PH = 488 Current = 2.1 A
 Caps = 350 PH = 489 Current = 2.1 A
 Caps = 351 PH = 489 Current = 2.1 A
 Caps = 352 PH = 490 Current = 2.0 A
 Caps = 353 PH = 490 Current = 2.0 A
 Caps = 354 PH = 491 Current = 2.0 A
 Caps = 355 PH = 491 Current = 2.0 A
 Caps = 356 PH = 492 Current = 1.9 A
 Caps = 357 PH = 492 Current = 1.9 A
 Caps = 358 PH = 493 Current = 1.9 A
 Caps = 359 PH = 493 Current = 1.9 A
 Caps = 360 PH = 494 Current = 1.9 A
 Caps = 361 PH = 494 Current = 1.9 A
 Caps = 362 PH = 494 Current = 1.9 A
 Caps = 363 PH = 495 Current = 1.9 A
 Caps = 364 PH = 496 Current = 1.8 A
 Caps = 365 PH = 496 Current = 1.8 A
 Caps = 366 PH = 496 Current = 1.8 A
 Caps = 367 PH = 497 Current = 1.8 A
 Caps = 368 PH = 497 Current = 1.8 A
 Caps = 369 PH = 497 Current = 1.8 A
 Caps = 370 PH = 497 Current = 1.8 A
 Caps = 371 PH = 497 Current = 1.8 A
 Caps = 372 PH = 498 Current = 1.8 A
 Caps = 373 PH = 499 Current = 1.8 A
 Caps = 374 PH = 499 Current = 1.7 A
 Caps = 375 PH = 499 Current = 1.7 A
 Caps = 376 PH = 500 Current = 1.7 A
 Caps = 377 PH = 500 Current = 1.7 A
 Caps = 378 PH = 500 Current = 1.7 A
 Caps = 379 PH = 500 Current = 1.7 A
 Caps = 380 PH = 501 Current = 1.7 A
 Caps = 381 PH = 501 Current = 1.7 A
 Caps = 382 PH = 501 Current = 1.7 A
 Caps = 383 PH = 501 Current = 1.7 A
 Caps = 384 PH = 501 Current = 1.7 A
 Caps = 385 PH = 501 Current = 1.7 A
 Caps = 386 PH = 501 Current = 1.7 A
 Caps = 387 PH = 501 Current = 1.7 A
 Caps = 388 PH = 502 Current = 1.7 A
 Caps = 389 PH = 502 Current = 1.7 A
 Caps = 390 PH = 502 Current = 1.6 A
 Caps = 391 PH = 502 Current = 1.6 A
 Caps = 392 PH = 503 Current = 1.6 A
 Caps = 393 PH = 503 Current = 1.6 A
 Caps = 394 PH = 503 Current = 1.6 A
 Caps = 395 PH = 503 Current = 1.6 A
 Caps = 396 PH = 504 Current = 1.6 A
 Caps = 397 PH = 504 Current = 1.6 A
 Caps = 398 PH = 504 Current = 1.6 A
 Caps = 399 PH = 504 Current = 1.6 A
 Caps = 400 PH = 504 Current = 1.6 A
 Caps = 401 PH = 504 Current = 1.6 A
 Caps = 402 PH = 504 Current = 1.6 A
 Caps = 403 PH = 505 Current = 1.6 A
 Caps = 404 PH = 505 Current = 1.6 A
 Caps = 405 PH = 506 Current = 1.6 A
 Caps = 406 PH = 505 Current = 1.6 A
 Caps = 407 PH = 505 Current = 1.6 A
 Caps = 408 PH = 505 Current = 1.5 A
 Caps = 409 PH = 506 Current = 1.5 A
 Caps = 410 PH = 506 Current = 1.5 A
 Caps = 411 PH = 506 Current = 1.5 A
 Caps = 412 PH = 506 Current = 1.5 A
 Caps = 413 PH = 507 Current = 1.5 A
 Caps = 414 PH = 507 Current = 1.5 A
 Caps = 415 PH = 506 Current = 1.5 A
 Caps = 416 PH = 507 Current = 1.5 A
 Caps = 417 PH = 507 Current = 1.5 A
 Caps = 418 PH = 507 Current = 1.5 A
 Caps = 419 PH = 507 Current = 1.5 A
 Caps = 420 PH = 508 Current = 1.5 A
 Caps = 421 PH = 508 Current = 1.5 A
 Caps = 422 PH = 508 Current = 1.5 A
 Caps = 423 PH = 508 Current = 1.5 A
 Caps = 424 PH = 508 Current = 1.5 A
 Caps = 425 PH = 508 Current = 1.5 A
 Caps = 426 PH = 508 Current = 1.5 A
 Caps = 427 PH = 508 Current = 1.5 A
 Caps = 428 PH = 508 Current = 1.5 A
 Caps = 429 PH = 509 Current = 1.5 A
 Caps = 430 PH = 509 Current = 1.5 A
 Caps = 431 PH = 509 Current = 1.5 A
 Caps = 432 PH = 509 Current = 1.5 A
 Caps = 433 PH = 509 Current = 1.5 A
 Caps = 434 PH = 509 Current = 1.5 A
 Caps = 435 PH = 509 Current = 1.5 A
 Caps = 436 PH = 509 Current = 1.5 A
 Caps = 437 PH = 509 Current = 1.5 A
 Caps = 438 PH = 509 Current = 1.4 A
 Caps = 439 PH = 509 Current = 1.4 A
 Caps = 440 PH = 510 Current = 1.4 A
 Caps = 441 PH = 510 Current = 1.4 A
 Caps = 442 PH = 510 Current = 1.4 A
 Caps = 443 PH = 510 Current = 1.4 A
 Caps = 444 PH = 510 Current = 1.4 A
 Caps = 445 PH = 510 Current = 1.4 A
 Caps = 446 PH = 510 Current = 1.4 A
 Caps = 447 PH = 510 Current = 1.4 A
 Caps = 448 PH = 510 Current = 1.4 A
 Caps = 449 PH = 510 Current = 1.4 A
 Caps = 450 PH = 510 Current = 1.4 A
 Caps = 451 PH = 510 Current = 1.4 A
 Caps = 452 PH = 510 Current = 1.4 A
 Caps = 453 PH = 510 Current = 1.4 A
 Caps = 454 PH = 510 Current = 1.4 A
 Caps = 455 PH = 510 Current = 1.4 A
 Caps = 456 PH = 511 Current = 1.4 A
 Caps = 457 PH = 511 Current = 1.4 A
 Caps = 458 PH = 511 Current = 1.4 A
 Caps = 459 PH = 510 Current = 1.4 A
 Caps = 460 PH = 511 Current = 1.4 A
 Caps = 461 PH = 510 Current = 1.4 A
 Caps = 462 PH = 510 Current = 1.4 A
 Caps = 463 PH = 511 Current = 1.4 A
 Caps = 464 PH = 511 Current = 1.4 A
 Caps = 465 PH = 511 Current = 1.4 A
 Caps = 466 PH = 511 Current = 1.4 A
 Caps = 467 PH = 511 Current = 1.4 A
 Caps = 468 PH = 511 Current = 1.4 A
 Caps = 469 PH = 511 Current = 1.4 A
 Caps = 470 PH = 511 Current = 1.4 A
 Caps = 471 PH = 512 Current = 1.4 A
 Caps = 472 PH = 512 Current = 1.4 A
 Caps = 473 PH = 512 Current = 1.4 A
 Caps = 474 PH = 511 Current = 1.4 A
 Caps = 475 PH = 512 Current = 1.4 A
 Caps = 476 PH = 512 Current = 1.4 A
 Caps = 477 PH = 512 Current = 1.4 A
 Caps = 478 PH = 512 Current = 1.4 A
 Caps = 479 PH = 512 Current = 1.4 A
 Caps = 480 PH = 512 Current = 1.4 A
 Caps = 481 PH = 512 Current = 1.4 A
 Caps = 482 PH = 512 Current = 1.4 A
 Caps = 483 PH = 512 Current = 1.4 A
 Caps = 484 PH = 512 Current = 1.4 A
 Caps = 485 PH = 512 Current = 1.4 A
 Caps = 486 PH = 512 Current = 1.4 A
 Caps = 487 PH = 512 Current = 1.4 A
 Caps = 488 PH = 512 Current = 1.4 A
 Caps = 489 PH = 512 Current = 1.4 A
 Caps = 490 PH = 512 Current = 1.4 A
 Caps = 491 PH = 512 Current = 1.4 A
 Caps = 492 PH = 512 Current = 1.4 A
 Caps = 493 PH = 512 Current = 1.4 A
 Caps = 494 PH = 513 Current = 1.4 A
 Caps = 495 PH = 513 Current = 1.4 A
 Caps = 496 PH = 513 Current = 1.4 A
 Caps = 497 PH = 513 Current = 1.4 A
 Caps = 498 PH = 513 Current = 1.3 A
 Caps = 499 PH = 513 Current = 1.4 A
 Caps = 500 PH = 513 Current = 1.3 A
 Caps = 501 PH = 513 Current = 1.3 A
 Caps = 502 PH = 513 Current = 1.3 A
 Caps = 503 PH = 513 Current = 1.3 A
 Caps = 504 PH = 513 Current = 1.3 A
 Caps = 505 PH = 513 Current = 1.3 A
 Caps = 506 PH = 513 Current = 1.3 A
 Caps = 507 PH = 513 Current = 1.3 A
 Caps = 508 PH = 513 Current = 1.3 A
 Caps = 509 PH = 513 Current = 1.3 A
 Caps = 510 PH = 513 Current = 1.3 A
 Caps = 511 PH = 514 Current = 1.3 A
 Caps = 512 PH = 511 Current = 1.4 A
 Caps = 513 PH = 511 Current = 1.4 A
 Caps = 514 PH = 511 Current = 1.4 A
 Caps = 515 PH = 511 Current = 1.4 A
 Caps = 516 PH = 511 Current = 1.4 A
 Caps = 517 PH = 511 Current = 1.4 A
 Caps = 518 PH = 511 Current = 1.4 A
 Caps = 519 PH = 511 Current = 1.4 A
 Caps = 520 PH = 511 Current = 1.4 A
 Caps = 521 PH = 511 Current = 1.4 A
 Caps = 522 PH = 512 Current = 1.4 A
 Caps = 523 PH = 511 Current = 1.4 A
 Caps = 524 PH = 512 Current = 1.4 A
 Caps = 525 PH = 512 Current = 1.4 A
 Caps = 526 PH = 512 Current = 1.4 A
 Caps = 527 PH = 512 Current = 1.4 A
 Caps = 528 PH = 512 Current = 1.4 A
 Caps = 529 PH = 512 Current = 1.4 A
 Caps = 530 PH = 512 Current = 1.4 A
 Caps = 531 PH = 512 Current = 1.4 A
 Caps = 532 PH = 512 Current = 1.4 A
 Caps = 533 PH = 512 Current = 1.4 A
 Caps = 534 PH = 512 Current = 1.4 A
 Caps = 535 PH = 512 Current = 1.4 A
 Caps = 536 PH = 512 Current = 1.3 A
 Caps = 537 PH = 512 Current = 1.3 A
 Caps = 538 PH = 512 Current = 1.3 A
 Caps = 539 PH = 512 Current = 1.3 A
 Caps = 540 PH = 512 Current = 1.3 A
 Caps = 541 PH = 512 Current = 1.3 A
 Caps = 542 PH = 512 Current = 1.3 A
 Caps = 543 PH = 513 Current = 1.3 A
 Caps = 544 PH = 513 Current = 1.3 A
 Caps = 545 PH = 512 Current = 1.3 A
 Caps = 546 PH = 513 Current = 1.3 A
 Caps = 547 PH = 513 Current = 1.3 A
 Caps = 548 PH = 513 Current = 1.3 A
 Caps = 549 PH = 512 Current = 1.3 A
 Caps = 550 PH = 513 Current = 1.3 A
 Caps = 551 PH = 512 Current = 1.3 A
 Caps = 552 PH = 513 Current = 1.3 A
 Caps = 553 PH = 513 Current = 1.3 A
 Caps = 554 PH = 513 Current = 1.3 A
 Caps = 555 PH = 513 Current = 1.3 A
 Caps = 556 PH = 513 Current = 1.3 A
 Caps = 557 PH = 513 Current = 1.3 A
 Caps = 558 PH = 513 Current = 1.3 A
 Caps = 559 PH = 513 Current = 1.3 A
 Caps = 560 PH = 513 Current = 1.3 A
 Caps = 561 PH = 513 Current = 1.3 A
 Caps = 562 PH = 513 Current = 1.3 A
 Caps = 563 PH = 513 Current = 1.3 A
 Caps = 564 PH = 513 Current = 1.3 A
 Caps = 565 PH = 513 Current = 1.3 A
 Caps = 566 PH = 513 Current = 1.3 A
 Caps = 567 PH = 513 Current = 1.3 A
 Caps = 568 PH = 513 Current = 1.3 A
 Caps = 569 PH = 513 Current = 1.3 A
 Caps = 570 PH = 513 Current = 1.3 A
 Caps = 571 PH = 514 Current = 1.3 A
 Caps = 572 PH = 513 Current = 1.3 A
 Caps = 573 PH = 513 Current = 1.3 A
 Caps = 574 PH = 513 Current = 1.3 A
 Caps = 575 PH = 513 Current = 1.3 A
 Caps = 576 PH = 513 Current = 1.3 A
 Caps = 577 PH = 513 Current = 1.3 A
 Caps = 578 PH = 513 Current = 1.3 A
 Caps = 579 PH = 513 Current = 1.3 A
 Caps = 580 PH = 513 Current = 1.3 A
 Caps = 581 PH = 514 Current = 1.3 A
 Caps = 582 PH = 514 Current = 1.3 A
 Caps = 583 PH = 513 Current = 1.3 A
 Caps = 584 PH = 514 Current = 1.3 A
 Caps = 585 PH = 514 Current = 1.3 A
 Caps = 586 PH = 514 Current = 1.3 A
 Caps = 587 PH = 514 Current = 1.3 A
 Caps = 588 PH = 514 Current = 1.3 A
 Caps = 589 PH = 513 Current = 1.3 A
 Caps = 590 PH = 513 Current = 1.3 A
 Caps = 591 PH = 514 Current = 1.3 A
 Caps = 592 PH = 514 Current = 1.3 A
 Caps = 593 PH = 514 Current = 1.3 A
 Caps = 594 PH = 514 Current = 1.3 A
 Caps = 595 PH = 514 Current = 1.3 A
 Caps = 596 PH = 514 Current = 1.3 A
 Caps = 597 PH = 513 Current = 1.3 A
 Caps = 598 PH = 514 Current = 1.3 A
 Caps = 599 PH = 514 Current = 1.3 A
 Caps = 600 PH = 514 Current = 1.3 A
 Caps = 601 PH = 514 Current = 1.3 A
 Caps = 602 PH = 514 Current = 1.3 A
 Caps = 603 PH = 514 Current = 1.3 A
 Caps = 604 PH = 514 Current = 1.3 A
 Caps = 605 PH = 514 Current = 1.3 A
 Caps = 606 PH = 514 Current = 1.3 A
 Caps = 607 PH = 514 Current = 1.3 A
 Caps = 608 PH = 514 Current = 1.3 A
 Caps = 609 PH = 514 Current = 1.3 A
 Caps = 610 PH = 514 Current = 1.3 A
 Caps = 611 PH = 514 Current = 1.3 A
 Caps = 612 PH = 514 Current = 1.3 A
 Caps = 613 PH = 514 Current = 1.3 A
 Caps = 614 PH = 514 Current = 1.3 A
 Caps = 615 PH = 514 Current = 1.3 A
 Caps = 616 PH = 514 Current = 1.3 A
 Caps = 617 PH = 514 Current = 1.3 A
 Caps = 618 PH = 514 Current = 1.3 A
 Caps = 619 PH = 514 Current = 1.3 A
 Caps = 620 PH = 514 Current = 1.3 A
 Caps = 621 PH = 514 Current = 1.3 A
 Caps = 622 PH = 514 Current = 1.3 A
 Caps = 623 PH = 514 Current = 1.3 A
 Caps = 624 PH = 514 Current = 1.3 A
 Caps = 625 PH = 514 Current = 1.3 A
 Caps = 626 PH = 514 Current = 1.3 A
 Caps = 627 PH = 514 Current = 1.3 A
 Caps = 628 PH = 514 Current = 1.3 A
 Caps = 629 PH = 514 Current = 1.3 A
 Caps = 630 PH = 515 Current = 1.3 A
 Caps = 631 PH = 515 Current = 1.3 A
 Caps = 632 PH = 515 Current = 1.3 A
 Caps = 633 PH = 515 Current = 1.3 A
 Caps = 634 PH = 514 Current = 1.3 A
 Caps = 635 PH = 514 Current = 1.3 A
 Caps = 636 PH = 514 Current = 1.3 A
 Caps = 637 PH = 515 Current = 1.3 A
 Caps = 638 PH = 514 Current = 1.3 A
 Caps = 639 PH = 514 Current = 1.3 A
 Caps = 640 PH = 514 Current = 1.3 A
 Caps = 641 PH = 514 Current = 1.3 A
 Caps = 642 PH = 514 Current = 1.3 A
 Caps = 643 PH = 515 Current = 1.3 A
 Caps = 644 PH = 515 Current = 1.3 A
 Caps = 645 PH = 515 Current = 1.3 A
 Caps = 646 PH = 515 Current = 1.3 A
 Caps = 647 PH = 515 Current = 1.3 A
 Caps = 648 PH = 514 Current = 1.3 A
 Caps = 649 PH = 514 Current = 1.3 A
 Caps = 650 PH = 514 Current = 1.3 A
 Caps = 651 PH = 515 Current = 1.3 A
 Caps = 652 PH = 515 Current = 1.3 A
 Caps = 653 PH = 515 Current = 1.3 A
 Caps = 654 PH = 515 Current = 1.3 A
 Caps = 655 PH = 515 Current = 1.3 A
 Caps = 656 PH = 515 Current = 1.3 A
 Caps = 657 PH = 515 Current = 1.3 A
 Caps = 658 PH = 514 Current = 1.3 A
 Caps = 659 PH = 515 Current = 1.3 A
 Caps = 660 PH = 515 Current = 1.3 A
 Caps = 661 PH = 515 Current = 1.3 A
 Caps = 662 PH = 515 Current = 1.3 A
 Caps = 663 PH = 515 Current = 1.3 A
 Caps = 664 PH = 515 Current = 1.3 A
 Caps = 665 PH = 515 Current = 1.3 A
 Caps = 666 PH = 515 Current = 1.3 A
 Caps = 667 PH = 515 Current = 1.3 A
 Caps = 668 PH = 515 Current = 1.3 A
 Caps = 669 PH = 515 Current = 1.3 A
 Caps = 670 PH = 515 Current = 1.3 A
 Caps = 671 PH = 514 Current = 1.3 A
 Caps = 672 PH = 515 Current = 1.3 A
 Caps = 673 PH = 514 Current = 1.3 A
 Caps = 674 PH = 515 Current = 1.3 A
 Caps = 675 PH = 515 Current = 1.3 A
 Caps = 676 PH = 515 Current = 1.3 A
 Caps = 677 PH = 515 Current = 1.3 A
 Caps = 678 PH = 515 Current = 1.3 A
 Caps = 679 PH = 515 Current = 1.3 A
 Caps = 680 PH = 515 Current = 1.3 A
 Caps = 681 PH = 515 Current = 1.3 A
 Caps = 682 PH = 515 Current = 1.3 A
 Caps = 683 PH = 515 Current = 1.3 A
 Caps = 684 PH = 515 Current = 1.3 A
 Caps = 685 PH = 515 Current = 1.3 A
 Caps = 686 PH = 515 Current = 1.3 A
 Caps = 687 PH = 515 Current = 1.3 A
 Caps = 688 PH = 515 Current = 1.3 A
 Caps = 689 PH = 515 Current = 1.3 A
 Caps = 690 PH = 515 Current = 1.3 A
 Caps = 691 PH = 515 Current = 1.3 A
 Caps = 692 PH = 515 Current = 1.3 A
 Caps = 693 PH = 515 Current = 1.3 A
 Caps = 694 PH = 515 Current = 1.3 A
 Caps = 695 PH = 515 Current = 1.3 A
 Caps = 696 PH = 515 Current = 1.3 A
 Caps = 697 PH = 515 Current = 1.3 A
 Caps = 698 PH = 515 Current = 1.3 A
 Caps = 699 PH = 515 Current = 1.3 A
 Caps = 700 PH = 515 Current = 1.3 A
 Caps = 701 PH = 515 Current = 1.3 A
 Caps = 702 PH = 515 Current = 1.3 A
 Caps = 703 PH = 515 Current = 1.3 A
 Caps = 704 PH = 515 Current = 1.3 A
 Caps = 705 PH = 515 Current = 1.3 A
 Caps = 706 PH = 515 Current = 1.3 A
 Caps = 707 PH = 515 Current = 1.3 A
 Caps = 708 PH = 516 Current = 1.3 A
 Caps = 709 PH = 515 Current = 1.3 A
 Caps = 710 PH = 515 Current = 1.3 A
 Caps = 711 PH = 515 Current = 1.3 A
 Caps = 712 PH = 515 Current = 1.3 A
 Caps = 713 PH = 515 Current = 1.3 A
 Caps = 714 PH = 515 Current = 1.3 A
 Caps = 715 PH = 515 Current = 1.3 A
 Caps = 716 PH = 515 Current = 1.3 A
 Caps = 717 PH = 515 Current = 1.3 A
 Caps = 718 PH = 515 Current = 1.3 A
 Caps = 719 PH = 515 Current = 1.3 A
 Caps = 720 PH = 515 Current = 1.3 A
 Caps = 721 PH = 515 Current = 1.3 A
 Caps = 722 PH = 515 Current = 1.3 A
 Caps = 723 PH = 515 Current = 1.3 A
 Caps = 724 PH = 515 Current = 1.3 A
 Caps = 725 PH = 515 Current = 1.3 A
 Caps = 726 PH = 515 Current = 1.3 A
 Caps = 727 PH = 515 Current = 1.3 A
 Caps = 728 PH = 515 Current = 1.3 A
 Caps = 729 PH = 515 Current = 1.3 A
 Caps = 730 PH = 515 Current = 1.3 A
 Caps = 731 PH = 516 Current = 1.3 A
 Caps = 732 PH = 515 Current = 1.3 A
 Caps = 733 PH = 515 Current = 1.3 A
 Caps = 734 PH = 515 Current = 1.3 A
 Caps = 735 PH = 515 Current = 1.3 A
 Caps = 736 PH = 515 Current = 1.3 A
 Caps = 737 PH = 515 Current = 1.2 A
 Caps = 738 PH = 515 Current = 1.3 A
 Caps = 739 PH = 515 Current = 1.3 A
 Caps = 740 PH = 516 Current = 1.2 A
 Caps = 741 PH = 515 Current = 1.3 A
 Caps = 742 PH = 515 Current = 1.2 A
 Caps = 743 PH = 515 Current = 1.2 A
 Caps = 744 PH = 515 Current = 1.2 A
 Caps = 745 PH = 515 Current = 1.2 A
 Caps = 746 PH = 515 Current = 1.2 A
 Caps = 747 PH = 515 Current = 1.2 A
 Caps = 748 PH = 515 Current = 1.2 A
 Caps = 749 PH = 515 Current = 1.2 A
 Caps = 750 PH = 515 Current = 1.2 A
 Caps = 751 PH = 516 Current = 1.2 A
 Caps = 752 PH = 515 Current = 1.2 A
 Caps = 753 PH = 515 Current = 1.2 A
 Caps = 754 PH = 515 Current = 1.2 A
 Caps = 755 PH = 515 Current = 1.2 A
 Caps = 756 PH = 515 Current = 1.2 A
 Caps = 757 PH = 515 Current = 1.2 A
 Caps = 758 PH = 515 Current = 1.2 A
 Caps = 759 PH = 515 Current = 1.2 A
 Caps = 760 PH = 515 Current = 1.2 A
 Caps = 761 PH = 516 Current = 1.2 A
 Caps = 762 PH = 515 Current = 1.2 A
 Caps = 763 PH = 515 Current = 1.2 A
 Caps = 764 PH = 516 Current = 1.2 A
 Caps = 765 PH = 515 Current = 1.2 A
 Caps = 766 PH = 515 Current = 1.2 A
 Caps = 767 PH = 515 Current = 1.2 A
 Caps = 768 PH = 515 Current = 1.2 A
 Caps = 769 PH = 515 Current = 1.2 A
 Caps = 770 PH = 515 Current = 1.2 A
 Caps = 771 PH = 515 Current = 1.2 A
 Caps = 772 PH = 515 Current = 1.2 A
 Caps = 773 PH = 515 Current = 1.2 A
 Caps = 774 PH = 515 Current = 1.2 A
 Caps = 775 PH = 515 Current = 1.2 A
 Caps = 776 PH = 515 Current = 1.2 A
 Caps = 777 PH = 515 Current = 1.2 A
 Caps = 778 PH = 515 Current = 1.2 A
 Caps = 779 PH = 515 Current = 1.2 A
 Caps = 780 PH = 515 Current = 1.2 A
 Caps = 781 PH = 515 Current = 1.2 A
 Caps = 782 PH = 516 Current = 1.2 A
 Caps = 783 PH = 515 Current = 1.2 A
 Caps = 784 PH = 515 Current = 1.2 A
 Caps = 785 PH = 515 Current = 1.2 A
 Caps = 786 PH = 515 Current = 1.2 A
 Caps = 787 PH = 516 Current = 1.2 A
 Caps = 788 PH = 515 Current = 1.2 A
 Caps = 789 PH = 515 Current = 1.2 A
 Caps = 790 PH = 515 Current = 1.2 A
 Caps = 791 PH = 515 Current = 1.2 A
 Caps = 792 PH = 515 Current = 1.2 A
 Caps = 793 PH = 515 Current = 1.2 A
 Caps = 794 PH = 515 Current = 1.2 A
 Caps = 795 PH = 515 Current = 1.2 A
 Caps = 796 PH = 515 Current = 1.2 A
 Caps = 797 PH = 515 Current = 1.2 A
 Caps = 798 PH = 515 Current = 1.2 A
 Caps = 799 PH = 515 Current = 1.2 A
 Caps = 800 PH = 515 Current = 1.2 A
 Caps = 801 PH = 515 Current = 1.2 A
 Caps = 802 PH = 515 Current = 1.2 A
 Caps = 803 PH = 515 Current = 1.2 A
 Caps = 804 PH = 515 Current = 1.2 A
 Caps = 805 PH = 515 Current = 1.2 A
 Caps = 806 PH = 515 Current = 1.2 A
 Caps = 807 PH = 515 Current = 1.2 A
 Caps = 808 PH = 515 Current = 1.2 A
 Caps = 809 PH = 515 Current = 1.2 A
 Caps = 810 PH = 515 Current = 1.2 A
 Caps = 811 PH = 515 Current = 1.2 A
 Caps = 812 PH = 515 Current = 1.2 A
 Caps = 813 PH = 515 Current = 1.2 A
 Caps = 814 PH = 515 Current = 1.2 A
 Caps = 815 PH = 516 Current = 1.2 A
 Caps = 816 PH = 515 Current = 1.2 A
 Caps = 817 PH = 515 Current = 1.2 A
 Caps = 818 PH = 515 Current = 1.2 A
 Caps = 819 PH = 515 Current = 1.2 A
 Caps = 820 PH = 515 Current = 1.2 A
 Caps = 821 PH = 515 Current = 1.2 A
 Caps = 822 PH = 515 Current = 1.2 A
 Caps = 823 PH = 515 Current = 1.2 A
 Caps = 824 PH = 515 Current = 1.2 A
 Caps = 825 PH = 515 Current = 1.2 A
 Caps = 826 PH = 515 Current = 1.2 A
 Caps = 827 PH = 515 Current = 1.2 A
 Caps = 828 PH = 515 Current = 1.2 A
 Caps = 829 PH = 516 Current = 1.2 A
 Caps = 830 PH = 515 Current = 1.2 A
 Caps = 831 PH = 515 Current = 1.2 A
 Caps = 832 PH = 515 Current = 1.2 A
 Caps = 833 PH = 515 Current = 1.2 A
 Caps = 834 PH = 515 Current = 1.2 A
 Caps = 835 PH = 515 Current = 1.2 A
 Caps = 836 PH = 515 Current = 1.2 A
 Caps = 837 PH = 515 Current = 1.2 A
 Caps = 838 PH = 515 Current = 1.2 A
 Caps = 839 PH = 515 Current = 1.2 A
 Caps = 840 PH = 515 Current = 1.2 A
 Caps = 841 PH = 515 Current = 1.2 A
 Caps = 842 PH = 516 Current = 1.2 A
 Caps = 843 PH = 516 Current = 1.2 A
 Caps = 844 PH = 516 Current = 1.2 A
 Caps = 845 PH = 515 Current = 1.2 A
 Caps = 846 PH = 515 Current = 1.2 A
 Caps = 847 PH = 515 Current = 1.2 A
 Caps = 848 PH = 515 Current = 1.2 A
 Caps = 849 PH = 515 Current = 1.2 A
 Caps = 850 PH = 515 Current = 1.2 A
 Caps = 851 PH = 515 Current = 1.2 A
 Caps = 852 PH = 515 Current = 1.2 A
 Caps = 853 PH = 515 Current = 1.2 A
 Caps = 854 PH = 515 Current = 1.2 A
 Caps = 855 PH = 515 Current = 1.2 A
 Caps = 856 PH = 515 Current = 1.2 A
 Caps = 857 PH = 515 Current = 1.2 A
 Caps = 858 PH = 515 Current = 1.2 A
 Caps = 859 PH = 515 Current = 1.2 A
 Caps = 860 PH = 515 Current = 1.2 A
 Caps = 861 PH = 515 Current = 1.2 A
 Caps = 862 PH = 515 Current = 1.2 A
 Caps = 863 PH = 515 Current = 1.2 A
 Caps = 864 PH = 515 Current = 1.2 A
 Caps = 865 PH = 516 Current = 1.2 A
 Caps = 866 PH = 515 Current = 1.2 A
 Caps = 867 PH = 515 Current = 1.2 A
 Caps = 868 PH = 516 Current = 1.2 A
 Caps = 869 PH = 515 Current = 1.2 A
 Caps = 870 PH = 515 Current = 1.2 A
 Caps = 871 PH = 515 Current = 1.2 A
 Caps = 872 PH = 515 Current = 1.2 A
 Caps = 873 PH = 515 Current = 1.2 A
 Caps = 874 PH = 515 Current = 1.2 A
 Caps = 875 PH = 515 Current = 1.2 A
 Caps = 876 PH = 515 Current = 1.2 A
 Caps = 877 PH = 515 Current = 1.2 A
 Caps = 878 PH = 515 Current = 1.2 A
 Caps = 879 PH = 515 Current = 1.2 A
 Caps = 880 PH = 516 Current = 1.2 A
 Caps = 881 PH = 515 Current = 1.2 A
 Caps = 882 PH = 515 Current = 1.2 A
 Caps = 883 PH = 515 Current = 1.2 A
 Caps = 884 PH = 515 Current = 1.2 A
 Caps = 885 PH = 515 Current = 1.2 A
 Caps = 886 PH = 515 Current = 1.2 A
 Caps = 887 PH = 515 Current = 1.2 A
 Caps = 888 PH = 515 Current = 1.2 A
 Caps = 889 PH = 515 Current = 1.2 A
 Caps = 890 PH = 515 Current = 1.2 A
 Caps = 891 PH = 515 Current = 1.2 A
 Caps = 892 PH = 515 Current = 1.2 A
 Caps = 893 PH = 515 Current = 1.2 A
 Caps = 894 PH = 515 Current = 1.2 A
 Caps = 895 PH = 515 Current = 1.2 A
 Caps = 896 PH = 515 Current = 1.2 A
 Caps = 897 PH = 515 Current = 1.2 A
 Caps = 898 PH = 515 Current = 1.2 A
 Caps = 899 PH = 515 Current = 1.2 A
 Caps = 900 PH = 515 Current = 1.2 A
 Caps = 901 PH = 515 Current = 1.2 A
 Caps = 902 PH = 515 Current = 1.2 A
 Caps = 903 PH = 515 Current = 1.2 A
 Caps = 904 PH = 515 Current = 1.2 A
 Caps = 905 PH = 515 Current = 1.2 A
 Caps = 906 PH = 515 Current = 1.2 A
 Caps = 907 PH = 515 Current = 1.2 A
 Caps = 908 PH = 515 Current = 1.2 A
 Caps = 909 PH = 515 Current = 1.2 A
 Caps = 910 PH = 515 Current = 1.2 A
 Caps = 911 PH = 515 Current = 1.2 A
 Caps = 912 PH = 515 Current = 1.2 A
 Caps = 913 PH = 515 Current = 1.2 A
 Caps = 914 PH = 515 Current = 1.2 A
 Caps = 915 PH = 515 Current = 1.2 A
 Caps = 916 PH = 515 Current = 1.2 A
 Caps = 917 PH = 515 Current = 1.2 A
 Caps = 918 PH = 515 Current = 1.2 A
 Caps = 919 PH = 515 Current = 1.2 A
 Caps = 920 PH = 515 Current = 1.2 A
 Caps = 921 PH = 515 Current = 1.2 A
 Caps = 922 PH = 515 Current = 1.2 A
 Caps = 923 PH = 515 Current = 1.2 A
 Caps = 924 PH = 515 Current = 1.2 A
 Caps = 925 PH = 515 Current = 1.2 A
 Caps = 926 PH = 515 Current = 1.2 A
 Caps = 927 PH = 515 Current = 1.2 A
 Caps = 928 PH = 515 Current = 1.2 A
 Caps = 929 PH = 515 Current = 1.2 A
 Caps = 930 PH = 515 Current = 1.2 A
 Caps = 931 PH = 515 Current = 1.2 A
 Caps = 932 PH = 515 Current = 1.2 A
 Caps = 933 PH = 515 Current = 1.2 A
 Caps = 934 PH = 516 Current = 1.2 A
 Caps = 935 PH = 515 Current = 1.2 A
 Caps = 936 PH = 515 Current = 1.2 A
 Caps = 937 PH = 515 Current = 1.2 A
 Caps = 938 PH = 515 Current = 1.2 A
 Caps = 939 PH = 515 Current = 1.2 A
 Caps = 940 PH = 515 Current = 1.2 A
 Caps = 941 PH = 515 Current = 1.2 A
 Caps = 942 PH = 515 Current = 1.2 A
 Caps = 943 PH = 515 Current = 1.2 A
 Caps = 944 PH = 515 Current = 1.2 A
 Caps = 945 PH = 515 Current = 1.2 A
 Caps = 946 PH = 515 Current = 1.2 A
 Caps = 947 PH = 515 Current = 1.2 A
 Caps = 948 PH = 515 Current = 1.2 A
 Caps = 949 PH = 515 Current = 1.2 A
 Caps = 950 PH = 515 Current = 1.2 A
 Caps = 951 PH = 515 Current = 1.2 A
 Caps = 952 PH = 515 Current = 1.2 A
 Caps = 953 PH = 515 Current = 1.2 A
 Caps = 954 PH = 515 Current = 1.2 A
 Caps = 955 PH = 515 Current = 1.2 A
 Caps = 956 PH = 515 Current = 1.2 A
 Caps = 957 PH = 515 Current = 1.2 A
 Caps = 958 PH = 515 Current = 1.2 A
 Caps = 959 PH = 515 Current = 1.2 A
 Caps = 960 PH = 515 Current = 1.2 A
 Caps = 961 PH = 515 Current = 1.2 A
 Caps = 962 PH = 515 Current = 1.2 A
 Caps = 963 PH = 515 Current = 1.2 A
 Caps = 964 PH = 515 Current = 1.2 A
 Caps = 965 PH = 515 Current = 1.2 A
 Caps = 966 PH = 515 Current = 1.2 A
 Caps = 967 PH = 515 Current = 1.2 A
 Caps = 968 PH = 515 Current = 1.2 A
 Caps = 969 PH = 515 Current = 1.2 A
 Caps = 970 PH = 515 Current = 1.2 A
 Caps = 971 PH = 515 Current = 1.2 A
 Caps = 972 PH = 515 Current = 1.2 A
 Caps = 973 PH = 515 Current = 1.2 A
 Caps = 974 PH = 515 Current = 1.2 A
 Caps = 975 PH = 515 Current = 1.2 A
 Caps = 976 PH = 515 Current = 1.2 A
 Caps = 977 PH = 515 Current = 1.2 A
 Caps = 978 PH = 515 Current = 1.2 A
 Caps = 979 PH = 515 Current = 1.2 A
 Caps = 980 PH = 515 Current = 1.2 A
 Caps = 981 PH = 515 Current = 1.2 A
 Caps = 982 PH = 515 Current = 1.2 A
 Caps = 983 PH = 515 Current = 1.2 A
 Caps = 984 PH = 515 Current = 1.2 A
 Caps = 985 PH = 515 Current = 1.2 A
 Caps = 986 PH = 515 Current = 1.2 A
 Caps = 987 PH = 515 Current = 1.2 A
 Caps = 988 PH = 515 Current = 1.2 A
 Caps = 989 PH = 516 Current = 1.2 A
 Caps = 990 PH = 515 Current = 1.2 A
 Caps = 991 PH = 515 Current = 1.2 A
 Caps = 992 PH = 515 Current = 1.2 A
 Caps = 993 PH = 515 Current = 1.2 A
 Caps = 994 PH = 515 Current = 1.2 A
 Caps = 995 PH = 515 Current = 1.2 A
 Caps = 996 PH = 515 Current = 1.2 A
 Caps = 997 PH = 515 Current = 1.2 A
 Caps = 998 PH = 515 Current = 1.2 A
 Caps = 999 PH = 515 Current = 1.2 A
 Caps = 1000 PH = 515 Current = 1.2 A
 Caps = 1001 PH = 515 Current = 1.2 A
 Caps = 1002 PH = 515 Current = 1.2 A
 Caps = 1003 PH = 515 Current = 1.2 A
 Caps = 1004 PH = 515 Current = 1.2 A
 Caps = 1005 PH = 515 Current = 1.2 A
 Caps = 1006 PH = 515 Current = 1.2 A
 Caps = 1007 PH = 515 Current = 1.2 A
 Caps = 1008 PH = 515 Current = 1.2 A
 Caps = 1009 PH = 515 Current = 1.2 A
 Caps = 1010 PH = 515 Current = 1.2 A
 Caps = 1011 PH = 514 Current = 1.2 A
 Caps = 1012 PH = 515 Current = 1.2 A
 Caps = 1013 PH = 515 Current = 1.2 A
 Caps = 1014 PH = 515 Current = 1.2 A
 Caps = 1015 PH = 515 Current = 1.2 A
 Caps = 1016 PH = 515 Current = 1.2 A
 Caps = 1017 PH = 515 Current = 1.2 A
 Caps = 1018 PH = 514 Current = 1.2 A
 Caps = 1019 PH = 515 Current = 1.2 A
 Caps = 1020 PH = 515 Current = 1.2 A
 Caps = 1021 PH = 515 Current = 1.2 A
 Caps = 1022 PH = 515 Current = 1.2 A
 Caps = 1023 PH = 515 Current = 1.2 A
 Caps = 270 PH = 344 Current = 4.1 A
 Caps = 269 PH = 342 Current = 4.0 A
 Caps = 268 PH = 338 Current = 4.0 A
 Caps = 267 PH = 334 Current = 3.8 A
 Caps = 266 PH = 331 Current = 3.8 A
 Caps = 265 PH = 329 Current = 3.7 A
 Caps = 264 PH = 326 Current = 3.6 A
 Caps = 263 PH = 323 Current = 3.5 A
 Caps = 262 PH = 321 Current = 3.4 A
 Caps = 261 PH = 319 Current = 3.4 A
 Caps = 260 PH = 316 Current = 3.3 A
 Caps = 259 PH = 313 Current = 3.2 A
 Caps = 258 PH = 311 Current = 3.1 A
 Caps = 257 PH = 309 Current = 3.1 A
 Caps = 256 PH = 307 Current = 3.0 A
 Caps = 255 PH = 379 Current = 4.7 A
 Caps = 254 PH = 375 Current = 4.7 A
 Caps = 253 PH = 372 Current = 4.6 A
 Caps = 252 PH = 369 Current = 4.6 A
 Caps = 251 PH = 363 Current = 4.6 A
 Caps = 250 PH = 360 Current = 4.5 A
 Caps = 249 PH = 357 Current = 4.4 A
 Caps = 248 PH = 353 Current = 4.4 A
 Caps = 247 PH = 350 Current = 4.3 A
 Caps = 246 PH = 346 Current = 4.2 A
 Caps = 245 PH = 343 Current = 4.2 A
 Caps = 244 PH = 340 Current = 4.1 A
 Caps = 243 PH = 336 Current = 4.0 A
 Caps = 242 PH = 333 Current = 3.9 A
 Caps = 241 PH = 331 Current = 3.8 A
 Caps = 240 PH = 328 Current = 3.7 A
MSG: 01 09/09/2021 18:53:52.850 Antenna Tuned: TPh = 382, Caps = 256
MSG: 01 09/09/2021 18:53:52.850 Target Phase Deviation Threshold Set To 4
MSG: 01 09/09/2021 18:53:52.850 Reader Operation Mode: Scan
MSG: 01 09/09/2021 18:53:52.960 Set Caps = 264, I = 3.3 A, PH = 326, dPH = 56
MSG: 01 09/09/2021 18:53:53.060 Set Caps = 270, I = 3.8 A, PH = 344, dPH = 38
MSG: 01 09/09/2021 18:53:53.160 Set Caps = 273, I = 4.2 A, PH = 353, dPH = 29
MSG: 01 09/09/2021 18:53:53.260 Set Caps = 276, I = 4.3 A, PH = 362, dPH = 20
MSG: 01 09/09/2021 18:53:53.360 Set Caps = 277, I = 4.4 A, PH = 365, dPH = 17
MSG: 01 09/09/2021 18:53:53.460 Set Caps = 278, I = 4.5 A, PH = 368, dPH = 14
MSG: 01 09/09/2021 18:53:53.560 Set Caps = 279, I = 4.5 A, PH = 371, dPH = 11
MSG: 01 09/09/2021 18:53:53.660 Set Caps = 280, I = 4.5 A, PH = 378, dPH = 4
MSG: 01 09/09/2021 18:53:53.760 Set Caps = 281, I = 4.6 A, PH = 378, dPH = 4
MSG: 01 09/09/2021 18:53:53.800 VTT Test Aborted Due To System Activity
INF: Start Of Full Status Report
 Reader:
  ID:                                         01
  Model:                                  IS1001
  S/N:                                 1929.3114
  Date:                               09/09/2021
  Time:                                 18:54:03
  Application Firmware Version:            1.7.0
  Operation Mode:                           Scan
  Network Mode:                IS1001 Standalone
  Exciter Sync. Mode:                 Standalone
  Date/Time Sync.:                      Disabled
  Beeper:                               Disabled
  Tag Display Format:                        DEC
  Initiation Delay:                     Disabled
  Reader Auto Standby Voltages:       16 V, 18 V
  Periodic Standby Start Time:              0:00
  Periodic Standby Duration:            Disabled
  Idling Time:                          Disabled
 Alarms:
  Antenna Current Low Alarm:               0.5 A
  Noise High Alarm:                          75%
  Tuning Capacit. High Alarm:                970
  Tuning Capacit. Low Alarm:                  50
  Alarms Unique Delay:                   600 sec
 Antenna/Tuning:
  Exciter Voltage Level:                       3
  Dynamic Tuning:                        Enabled
  Tuning Target Phase:                       382
  Tuning Target Phase Deviation Threshold:     4
 Communication:
  Local Port Speed:                       115200
  Tags To Local Port:                    Enabled
  Alarms To Local Port:                  Enabled
  Messages To Local Port:                Enabled
  Remote Port Protocol:                    ASCII
  Remote Port Transfer Rate:                Full
 Detection:
  HDX Tag Detection:                    Disabled
  Fastag Detection:                     Disabled
  FDXB Tag Signal Level Detection:      Disabled
  BioTherm Tag Temperature Detection:   Disabled
  Detection Counter Enabled:                 Yes
  Unique Mode:                             Delay
  Unique Delay:                           60 sec
  FDXB Detection Scan Time:               120 ms
  VTT Level:                                 128
  Auto VTT Delay:                        720 min
 Measurements:
  Antenna Current Gain:                       85
  Antenna Current Offset:                    110
 Memory:
  Tags Memory Size:                        78583
  Status Reports Memory Size:               1023
  Store Tags To Memory:                  Enabled
  Store VTT To Memory:                   Enabled
  Store Stat. Reports To Memory:         Enabled
 Reports:
  Auto Noise Report Delay:              Disabled
  Auto Status Report Delay:              720 min
 Diagnostics:
  Detection Counter:                        2145
  Tags In Memory:                      2629 (3%)
  Status Reports In Memory:            495 (48%)
  Input Voltage:                          23.5 V
  Exciter Voltage:                        15.9 V
  Antenna Tuning:                          Tuned
  Antenna Current:                         4.6 A
  Tuning Capacitors:                         281
  Tuning Phase:                              378
  Tuning Relative Phase:                       4
  FDXB Signal Level:                134 mV (14%)
  Temperature:                            16.6 C
  Sync. Input Present:                       N/A
  Sec. Master Active:                        N/A
 Active Alarms:
  No Active Alarms
SRP: 01 09/09/2021 18:54:03.800 16,0,0,2,3,3,281,3,48,235,159,46,14,379,166,0,0,0,0,0
INF: End Of Full Status Report
MSG: 01 09/09/2021 18:58:00.860 Set Caps = 282, I = 4.6 A, PH = 380, dPH = 2
MSG: 01 09/09/2021 18:58:01.860 Set Caps = 283, I = 4.6 A, PH = 381, dPH = 1
TAG: 01 09/09/2021 20:29:14.190 989.001034179268
TAG: 01 09/09/2021 21:04:37.500 989.001040545144
TAG: 01 09/09/2021 21:04:41.730 989.001040545165
TAG: 01 09/09/2021 22:26:58.700 989.001040545202
TAG: 01 09/09/2021 22:32:00.890 989.001040545202
TAG: 01 09/09/2021 22:46:09.290 989.001034179106
TAG: 01 09/09/2021 22:54:41.160 989.001034179008
TAG: 01 09/09/2021 22:58:51.180 989.001034179044
TAG: 01 09/09/2021 23:02:42.610 989.001034179044
TAG: 01 09/09/2021 23:03:46.600 989.001034179044
TAG: 01 09/09/2021 23:56:08.800 989.001038204101
