TAG: 04 10/02/2023 00:32:22.830 989.001032566799
ALM: 04 10/02/2023 00:45:12.000 Reports Memory Full
TAG: 04 10/02/2023 01:31:07.330 989.001034203300
ALM: 04 10/02/2023 01:45:12.000 Reports Memory Full
MSG: 04 10/02/2023 01:45:13.100 Test Tag Single Shot Fired
TAG: 04 10/02/2023 01:45:13.130 999.000000007428
MSG: 04 10/02/2023 01:45:13.130 VTT Test Passed
TAG: 04 10/02/2023 02:21:59.300 989.001034179401
ALM: 04 10/02/2023 02:45:12.000 Reports Memory Full
TAG: 04 10/02/2023 02:52:21.080 989.001034179460
ALM: 04 10/02/2023 03:45:12.000 Reports Memory Full
INF: Start Of Full Status Report
 Reader:
  ID:                                         04
  Model:                                  IS1001
  S/N:                                 2032.3563
  Date:                               10/02/2023
  Time:                                 03:45:13
  Application Firmware Version:            1.7.1
  Operation Mode:                           Scan
  Network Mode:                IS1001 Standalone
  Exciter Sync. Mode:                 Standalone
  Date/Time Sync.:                      Disabled
  Beeper:                               Disabled
  Tag Display Format:                        DEC
  Initiation Delay:                     Disabled
  Auto Standby Voltages:              16 V, 18 V
  Periodic Standby Start Time:              0:00
  Periodic Standby Duration:            Disabled
  Idling Time:                          Disabled
 Alarms:
  Antenna Current Low Alarm:               0.5 A
  Noise High Alarm:                          75%
  Tuning Capacit. High Alarm:                970
  Tuning Capacit. Low Alarm:                  50
  Alarms Unique Delay:                  3600 sec
 Antenna/Tuning:
  Exciter Voltage Level:                       5
  Dynamic Tuning:                        Enabled
  Tuning Target Phase:                       388
  Tuning Target Phase Deviation Threshold:     3
 Communication:
  Local Port Speed:                       115200
  Tags To Local Port:                    Enabled
  Alarms To Local Port:                  Enabled
  Messages To Local Port:                Enabled
  Remote Port Protocol:                    ASCII
  Remote Port Transfer Rate:                Full
 Detection:
  HDX Tag Detection:                    Disabled
  Fastag Detection:                     Disabled
  FDXB Tag Signal Level Detection:      Disabled
  BioTherm Tag Temperature Detection:   Disabled
  Detection Counter Enabled:                 Yes
  Unique Mode:                             Delay
  Unique Delay:                           60 sec
  FDXB Detection Scan Time:               120 ms
  VTT Level:                                 128
  Auto VTT Delay:                        180 min
 Measurements:
  Antenna Current Gain:                      112
  Antenna Current Offset:                    110
 Memory:
  Tags Memory Size:                        78583
  Status Reports Memory Size:               1023
  Store Tags To Memory:                  Enabled
  Store VTT To Memory:                   Enabled
  Store Stat. Reports To Memory:         Enabled
 Reports:
  Auto Noise Report Delay:              Disabled
  Auto Status Report Delay:              240 min
 Diagnostics:
  Detection Counter:                        2431
  Tags In Memory:                    17330 (22%)
  Status Reports In Memory:           1022 (99%)
  Input Voltage:                          23.6 V
  Exciter Voltage:                        20.0 V
  Antenna Tuning:                          Tuned
  Antenna Current:                         4.6 A
  Tuning Capacitors:                         475
  Tuning Phase:                              389
  Tuning Relative Phase:                      -1
  FDXB Signal Level:                  75 mV (8%)
  Temperature:                            29.9 C
  Sync. Input Present:                       N/A
  Sec. Master Active:                        N/A
 Active Alarms:
  Reports Memory Full
SRP: 04 10/02/2023 03:45:13.600 16,0,0,2,5,-1,475,22,99,236,200,46,8,389,299,21,0,0,0,0
INF: End Of Full Status Report
TAG: 04 10/02/2023 03:56:40.350 989.001034203245
ALM: 04 10/02/2023 04:45:12.000 Reports Memory Full
MSG: 04 10/02/2023 04:45:13.100 Test Tag Single Shot Fired
TAG: 04 10/02/2023 04:45:13.130 999.000000007428
MSG: 04 10/02/2023 04:45:13.130 VTT Test Passed
TAG: 04 10/02/2023 04:51:55.740 989.001041204681
ALM: 04 10/02/2023 05:45:12.000 Reports Memory Full
TAG: 04 10/02/2023 05:57:38.860 989.001034179486
ALM: 04 10/02/2023 06:45:12.000 Reports Memory Full
ALM: 04 10/02/2023 07:45:12.000 Reports Memory Full
MSG: 04 10/02/2023 07:45:13.100 Test Tag Single Shot Fired
TAG: 04 10/02/2023 07:45:13.130 999.000000007428
MSG: 04 10/02/2023 07:45:13.130 VTT Test Passed
INF: Start Of Full Status Report
 Reader:
  ID:                                         04
  Model:                                  IS1001
  S/N:                                 2032.3563
  Date:                               10/02/2023
  Time:                                 07:45:23
  Application Firmware Version:            1.7.1
  Operation Mode:                           Scan
  Network Mode:                IS1001 Standalone
  Exciter Sync. Mode:                 Standalone
  Date/Time Sync.:                      Disabled
  Beeper:                               Disabled
  Tag Display Format:                        DEC
  Initiation Delay:                     Disabled
  Auto Standby Voltages:              16 V, 18 V
  Periodic Standby Start Time:              0:00
  Periodic Standby Duration:            Disabled
  Idling Time:                          Disabled
 Alarms:
  Antenna Current Low Alarm:               0.5 A
  Noise High Alarm:                          75%
  Tuning Capacit. High Alarm:                970
  Tuning Capacit. Low Alarm:                  50
  Alarms Unique Delay:                  3600 sec
 Antenna/Tuning:
  Exciter Voltage Level:                       5
  Dynamic Tuning:                        Enabled
  Tuning Target Phase:                       388
  Tuning Target Phase Deviation Threshold:     3
 Communication:
  Local Port Speed:                       115200
  Tags To Local Port:                    Enabled
  Alarms To Local Port:                  Enabled
  Messages To Local Port:                Enabled
  Remote Port Protocol:                    ASCII
  Remote Port Transfer Rate:                Full
 Detection:
  HDX Tag Detection:                    Disabled
  Fastag Detection:                     Disabled
  FDXB Tag Signal Level Detection:      Disabled
  BioTherm Tag Temperature Detection:   Disabled
  Detection Counter Enabled:                 Yes
  Unique Mode:                             Delay
  Unique Delay:                           60 sec
  FDXB Detection Scan Time:               120 ms
  VTT Level:                                 128
  Auto VTT Delay:                        180 min
 Measurements:
  Antenna Current Gain:                      112
  Antenna Current Offset:                    110
 Memory:
  Tags Memory Size:                        78583
  Status Reports Memory Size:               1023
  Store Tags To Memory:                  Enabled
  Store VTT To Memory:                   Enabled
  Store Stat. Reports To Memory:         Enabled
 Reports:
  Auto Noise Report Delay:              Disabled
  Auto Status Report Delay:              240 min
 Diagnostics:
  Detection Counter:                        2434
  Tags In Memory:                    17335 (22%)
  Status Reports In Memory:          1023 (100%)
  Input Voltage:                          23.6 V
  Exciter Voltage:                        20.0 V
  Antenna Tuning:                          Tuned
  Antenna Current:                         4.6 A
  Tuning Capacitors:                         475
  Tuning Phase:                              389
  Tuning Relative Phase:                      -1
  FDXB Signal Level:                  75 mV (8%)
  Temperature:                            29.9 C
  Sync. Input Present:                       N/A
  Sec. Master Active:                        N/A
 Active Alarms:
  Reports Memory Full
SRP: 04 10/02/2023 07:45:23.100 16,0,0,2,5,-1,475,22,100,236,200,46,8,389,299,21,0,0,0,0
INF: End Of Full Status Report
ALM: 04 10/02/2023 08:45:12.000 Reports Memory Full
ALM: 04 10/02/2023 09:45:12.000 Reports Memory Full
ALM: 04 10/02/2023 10:45:12.000 Reports Memory Full
MSG: 04 10/02/2023 10:45:13.100 Test Tag Single Shot Fired
TAG: 04 10/02/2023 10:45:13.130 999.000000007428
MSG: 04 10/02/2023 10:45:13.130 VTT Test Passed
ALM: 04 10/02/2023 11:45:12.000 Reports Memory Full
INF: Start Of Full Status Report
 Reader:
  ID:                                         04
  Model:                                  IS1001
  S/N:                                 2032.3563
  Date:                               10/02/2023
  Time:                                 11:45:13
  Application Firmware Version:            1.7.1
  Operation Mode:                           Scan
  Network Mode:                IS1001 Standalone
  Exciter Sync. Mode:                 Standalone
  Date/Time Sync.:                      Disabled
  Beeper:                               Disabled
  Tag Display Format:                        DEC
  Initiation Delay:                     Disabled
  Auto Standby Voltages:              16 V, 18 V
  Periodic Standby Start Time:              0:00
  Periodic Standby Duration:            Disabled
  Idling Time:                          Disabled
 Alarms:
  Antenna Current Low Alarm:               0.5 A
  Noise High Alarm:                          75%
  Tuning Capacit. High Alarm:                970
  Tuning Capacit. Low Alarm:                  50
  Alarms Unique Delay:                  3600 sec
 Antenna/Tuning:
  Exciter Voltage Level:                       5
  Dynamic Tuning:                        Enabled
  Tuning Target Phase:                       388
  Tuning Target Phase Deviation Threshold:     3
 Communication:
  Local Port Speed:                       115200
  Tags To Local Port:                    Enabled
  Alarms To Local Port:                  Enabled
  Messages To Local Port:                Enabled
  Remote Port Protocol:                    ASCII
  Remote Port Transfer Rate:                Full
 Detection:
  HDX Tag Detection:                    Disabled
  Fastag Detection:                     Disabled
  FDXB Tag Signal Level Detection:      Disabled
  BioTherm Tag Temperature Detection:   Disabled
  Detection Counter Enabled:                 Yes
  Unique Mode:                             Delay
  Unique Delay:                           60 sec
  FDXB Detection Scan Time:               120 ms
  VTT Level:                                 128
  Auto VTT Delay:                        180 min
 Measurements:
  Antenna Current Gain:                      112
  Antenna Current Offset:                    110
 Memory:
  Tags Memory Size:                        78583
  Status Reports Memory Size:               1023
  Store Tags To Memory:                  Enabled
  Store VTT To Memory:                   Enabled
  Store Stat. Reports To Memory:         Enabled
 Reports:
  Auto Noise Report Delay:              Disabled
  Auto Status Report Delay:              240 min
 Diagnostics:
  Detection Counter:                        2434
  Tags In Memory:                    17336 (22%)
  Status Reports In Memory:           1020 (99%)
  Input Voltage:                          23.6 V
  Exciter Voltage:                        20.0 V
  Antenna Tuning:                          Tuned
  Antenna Current:                         4.6 A
  Tuning Capacitors:                         475
  Tuning Phase:                              389
  Tuning Relative Phase:                      -1
  FDXB Signal Level:                  75 mV (8%)
  Temperature:                            30.9 C
  Sync. Input Present:                       N/A
  Sec. Master Active:                        N/A
 Active Alarms:
  Reports Memory Full
SRP: 04 10/02/2023 11:45:13.600 16,0,0,2,5,-2,475,22,99,236,200,46,8,390,309,21,0,0,0,0
INF: End Of Full Status Report
ALM: 04 10/02/2023 12:45:12.000 Reports Memory Full
ALM: 04 10/02/2023 13:45:12.000 Reports Memory Full
MSG: 04 10/02/2023 13:45:13.100 Test Tag Single Shot Fired
TAG: 04 10/02/2023 13:45:13.130 999.000000007428
MSG: 04 10/02/2023 13:45:13.130 VTT Test Passed
ALM: 04 10/02/2023 14:45:12.000 Reports Memory Full
ALM: 04 10/02/2023 15:45:12.000 Reports Memory Full
INF: Start Of Full Status Report
 Reader:
  ID:                                         04
  Model:                                  IS1001
  S/N:                                 2032.3563
  Date:                               10/02/2023
  Time:                                 15:45:13
  Application Firmware Version:            1.7.1
  Operation Mode:                           Scan
  Network Mode:                IS1001 Standalone
  Exciter Sync. Mode:                 Standalone
  Date/Time Sync.:                      Disabled
  Beeper:                               Disabled
  Tag Display Format:                        DEC
  Initiation Delay:                     Disabled
  Auto Standby Voltages:              16 V, 18 V
  Periodic Standby Start Time:              0:00
  Periodic Standby Duration:            Disabled
  Idling Time:                          Disabled
 Alarms:
  Antenna Current Low Alarm:               0.5 A
  Noise High Alarm:                          75%
  Tuning Capacit. High Alarm:                970
  Tuning Capacit. Low Alarm:                  50
  Alarms Unique Delay:                  3600 sec
 Antenna/Tuning:
  Exciter Voltage Level:                       5
  Dynamic Tuning:                        Enabled
  Tuning Target Phase:                       388
  Tuning Target Phase Deviation Threshold:     3
 Communication:
  Local Port Speed:                       115200
  Tags To Local Port:                    Enabled
  Alarms To Local Port:                  Enabled
  Messages To Local Port:                Enabled
  Remote Port Protocol:                    ASCII
  Remote Port Transfer Rate:                Full
 Detection:
  HDX Tag Detection:                    Disabled
  Fastag Detection:                     Disabled
  FDXB Tag Signal Level Detection:      Disabled
  BioTherm Tag Temperature Detection:   Disabled
  Detection Counter Enabled:                 Yes
  Unique Mode:                             Delay
  Unique Delay:                           60 sec
  FDXB Detection Scan Time:               120 ms
  VTT Level:                                 128
  Auto VTT Delay:                        180 min
 Measurements:
  Antenna Current Gain:                      112
  Antenna Current Offset:                    110
 Memory:
  Tags Memory Size:                        78583
  Status Reports Memory Size:               1023
  Store Tags To Memory:                  Enabled
  Store VTT To Memory:                   Enabled
  Store Stat. Reports To Memory:         Enabled
 Reports:
  Auto Noise Report Delay:              Disabled
  Auto Status Report Delay:              240 min
 Diagnostics:
  Detection Counter:                        2434
  Tags In Memory:                    17337 (22%)
  Status Reports In Memory:           1021 (99%)
  Input Voltage:                          23.6 V
  Exciter Voltage:                        20.0 V
  Antenna Tuning:                          Tuned
  Antenna Current:                         4.6 A
  Tuning Capacitors:                         475
  Tuning Phase:                              389
  Tuning Relative Phase:                      -1
  FDXB Signal Level:                  75 mV (8%)
  Temperature:                            31.9 C
  Sync. Input Present:                       N/A
  Sec. Master Active:                        N/A
 Active Alarms:
  Reports Memory Full
SRP: 04 10/02/2023 15:45:13.600 16,0,0,2,5,-1,475,22,99,236,200,46,8,389,319,21,0,0,0,0
INF: End Of Full Status Report
ALM: 04 10/02/2023 16:45:12.000 Reports Memory Full
MSG: 04 10/02/2023 16:45:13.100 Test Tag Single Shot Fired
TAG: 04 10/02/2023 16:45:13.130 999.000000007428
MSG: 04 10/02/2023 16:45:13.130 VTT Test Passed
ALM: 04 10/02/2023 17:45:12.000 Reports Memory Full
ALM: 04 10/02/2023 18:45:12.000 Reports Memory Full
TAG: 04 10/02/2023 18:59:21.870 989.001034203280
ALM: 04 10/02/2023 19:45:12.000 Reports Memory Full
MSG: 04 10/02/2023 19:45:13.100 Test Tag Single Shot Fired
TAG: 04 10/02/2023 19:45:13.130 999.000000007428
MSG: 04 10/02/2023 19:45:13.130 VTT Test Passed
INF: Start Of Full Status Report
 Reader:
  ID:                                         04
  Model:                                  IS1001
  S/N:                                 2032.3563
  Date:                               10/02/2023
  Time:                                 19:45:23
  Application Firmware Version:            1.7.1
  Operation Mode:                           Scan
  Network Mode:                IS1001 Standalone
  Exciter Sync. Mode:                 Standalone
  Date/Time Sync.:                      Disabled
  Beeper:                               Disabled
  Tag Display Format:                        DEC
  Initiation Delay:                     Disabled
  Auto Standby Voltages:              16 V, 18 V
  Periodic Standby Start Time:              0:00
  Periodic Standby Duration:            Disabled
  Idling Time:                          Disabled
 Alarms:
  Antenna Current Low Alarm:               0.5 A
  Noise High Alarm:                          75%
  Tuning Capacit. High Alarm:                970
  Tuning Capacit. Low Alarm:                  50
  Alarms Unique Delay:                  3600 sec
 Antenna/Tuning:
  Exciter Voltage Level:                       5
  Dynamic Tuning:                        Enabled
  Tuning Target Phase:                       388
  Tuning Target Phase Deviation Threshold:     3
 Communication:
  Local Port Speed:                       115200
  Tags To Local Port:                    Enabled
  Alarms To Local Port:                  Enabled
  Messages To Local Port:                Enabled
  Remote Port Protocol:                    ASCII
  Remote Port Transfer Rate:                Full
 Detection:
  HDX Tag Detection:                    Disabled
  Fastag Detection:                     Disabled
  FDXB Tag Signal Level Detection:      Disabled
  BioTherm Tag Temperature Detection:   Disabled
  Detection Counter Enabled:                 Yes
  Unique Mode:                             Delay
  Unique Delay:                           60 sec
  FDXB Detection Scan Time:               120 ms
  VTT Level:                                 128
  Auto VTT Delay:                        180 min
 Measurements:
  Antenna Current Gain:                      112
  Antenna Current Offset:                    110
 Memory:
  Tags Memory Size:                        78583
  Status Reports Memory Size:               1023
  Store Tags To Memory:                  Enabled
  Store VTT To Memory:                   Enabled
  Store Stat. Reports To Memory:         Enabled
 Reports:
  Auto Noise Report Delay:              Disabled
  Auto Status Report Delay:              240 min
 Diagnostics:
  Detection Counter:                        2435
  Tags In Memory:                    17340 (22%)
  Status Reports In Memory:           1022 (99%)
  Input Voltage:                          23.6 V
  Exciter Voltage:                        20.0 V
  Antenna Tuning:                          Tuned
  Antenna Current:                         4.6 A
  Tuning Capacitors:                         475
  Tuning Phase:                              388
  Tuning Relative Phase:                       0
  FDXB Signal Level:                 98 mV (10%)
  Temperature:                            32.0 C
  Sync. Input Present:                       N/A
  Sec. Master Active:                        N/A
 Active Alarms:
  Reports Memory Full
SRP: 04 10/02/2023 19:45:23.100 16,0,0,2,5,0,475,22,99,236,200,46,10,388,320,21,0,0,0,0
INF: End Of Full Status Report
TAG: 04 10/02/2023 20:21:51.450 989.001034179447
TAG: 04 10/02/2023 20:39:32.180 989.001034179409
ALM: 04 10/02/2023 20:45:12.000 Reports Memory Full
TAG: 04 10/02/2023 20:54:29.840 989.001034203245
TAG: 04 10/02/2023 20:57:01.680 989.001034179401
TAG: 04 10/02/2023 20:58:03.880 989.001034179401
TAG: 04 10/02/2023 21:09:05.810 989.001041204941
TAG: 04 10/02/2023 21:33:54.370 989.001041204618
TAG: 04 10/02/2023 21:43:18.000 989.001032566802
ALM: 04 10/02/2023 21:45:12.000 Reports Memory Full
ALM: 04 10/02/2023 22:45:12.000 Reports Memory Full
MSG: 04 10/02/2023 22:45:13.100 Test Tag Single Shot Fired
TAG: 04 10/02/2023 22:45:13.130 999.000000007428
MSG: 04 10/02/2023 22:45:13.130 VTT Test Passed
ALM: 04 10/02/2023 23:45:12.000 Reports Memory Full
INF: Start Of Full Status Report
 Reader:
  ID:                                         04
  Model:                                  IS1001
  S/N:                                 2032.3563
  Date:                               10/02/2023
  Time:                                 23:45:13
  Application Firmware Version:            1.7.1
  Operation Mode:                           Scan
  Network Mode:                IS1001 Standalone
  Exciter Sync. Mode:                 Standalone
  Date/Time Sync.:                      Disabled
  Beeper:                               Disabled
  Tag Display Format:                        DEC
  Initiation Delay:                     Disabled
  Auto Standby Voltages:              16 V, 18 V
  Periodic Standby Start Time:              0:00
  Periodic Standby Duration:            Disabled
  Idling Time:                          Disabled
 Alarms:
  Antenna Current Low Alarm:               0.5 A
  Noise High Alarm:                          75%
  Tuning Capacit. High Alarm:                970
  Tuning Capacit. Low Alarm:                  50
  Alarms Unique Delay:                  3600 sec
 Antenna/Tuning:
  Exciter Voltage Level:                       5
  Dynamic Tuning:                        Enabled
  Tuning Target Phase:                       388
  Tuning Target Phase Deviation Threshold:     3
 Communication:
  Local Port Speed:                       115200
  Tags To Local Port:                    Enabled
  Alarms To Local Port:                  Enabled
  Messages To Local Port:                Enabled
  Remote Port Protocol:                    ASCII
  Remote Port Transfer Rate:                Full
 Detection:
  HDX Tag Detection:                    Disabled
  Fastag Detection:                     Disabled
  FDXB Tag Signal Level Detection:      Disabled
  BioTherm Tag Temperature Detection:   Disabled
  Detection Counter Enabled:                 Yes
  Unique Mode:                             Delay
  Unique Delay:                           60 sec
  FDXB Detection Scan Time:               120 ms
  VTT Level:                                 128
  Auto VTT Delay:                        180 min
 Measurements:
  Antenna Current Gain:                      112
  Antenna Current Offset:                    110
 Memory:
  Tags Memory Size:                        78583
  Status Reports Memory Size:               1023
  Store Tags To Memory:                  Enabled
  Store VTT To Memory:                   Enabled
  Store Stat. Reports To Memory:         Enabled
 Reports:
  Auto Noise Report Delay:              Disabled
  Auto Status Report Delay:              240 min
 Diagnostics:
  Detection Counter:                        2443
  Tags In Memory:                    17349 (22%)
  Status Reports In Memory:          1023 (100%)
  Input Voltage:                          23.6 V
  Exciter Voltage:                        20.0 V
  Antenna Tuning:                          Tuned
  Antenna Current:                         4.6 A
  Tuning Capacitors:                         475
  Tuning Phase:                              388
  Tuning Relative Phase:                       0
  FDXB Signal Level:                  80 mV (8%)
  Temperature:                            31.1 C
  Sync. Input Present:                       N/A
  Sec. Master Active:                        N/A
 Active Alarms:
  Reports Memory Full
SRP: 04 10/02/2023 23:45:13.600 16,0,0,2,5,0,475,22,100,236,200,46,8,388,311,21,0,0,0,0
INF: End Of Full Status Report
