MSG: 05 07/17/2021 00:01:17.540 Set Caps = 312, I = 5.6 A, PH = 393, dPH = -2
MSG: 05 07/17/2021 00:01:35.940 Set Caps = 313, I = 5.7 A, PH = 390, dPH = 1
ALM: 05 07/17/2021 00:02:13.000 Reports Memory Full
INF: Start Of Noise Report
  Present Noise:                    166 mV (18%)
  Maximum Noise:                    814 mV (90%)
  Average Noise:                    173 mV (19%)
  Time Averaged Over:                    1:00:00
NRP: 05 07/17/2021 00:03:43.000 18,90,19,3600
INF: End Of Noise Report
ALM: 05 07/17/2021 00:04:32.870 Noise High
MSG: 05 07/17/2021 00:04:33.570 Noise In Spec.
ALM: 05 07/17/2021 00:07:44.870 Noise High
MSG: 05 07/17/2021 00:07:45.370 Noise In Spec.
ALM: 05 07/17/2021 00:12:13.000 Reports Memory Full
ALM: 05 07/17/2021 00:22:13.000 Reports Memory Full
ALM: 05 07/17/2021 00:32:13.000 Reports Memory Full
ALM: 05 07/17/2021 00:37:11.170 Noise High
MSG: 05 07/17/2021 00:37:11.570 Noise In Spec.
ALM: 05 07/17/2021 00:42:13.000 Reports Memory Full
MSG: 05 07/17/2021 00:50:45.540 Set Caps = 314, I = 5.7 A, PH = 389, dPH = 2
ALM: 05 07/17/2021 00:52:13.000 Reports Memory Full
TAG: 05 07/17/2021 00:55:03.890 989.001034203302
TAG: 05 07/17/2021 00:57:42.530 989.001034203302
TAG: 05 07/17/2021 00:58:44.560 989.001034203302
MSG: 05 07/17/2021 01:00:04.740 Set Caps = 361, I = 4.3 A, PH = 0, dPH = 391
MSG: 05 07/17/2021 01:00:04.840 Set Caps = 352, I = 3.1 A, PH = 462, dPH = -71
MSG: 05 07/17/2021 01:00:04.940 Set Caps = 345, I = 3.5 A, PH = 453, dPH = -62
MSG: 05 07/17/2021 01:00:05.040 Set Caps = 339, I = 4.2 A, PH = 437, dPH = -46
MSG: 05 07/17/2021 01:00:05.140 Set Caps = 335, I = 4.5 A, PH = 431, dPH = -40
MSG: 05 07/17/2021 01:00:05.240 Set Caps = 332, I = 5.0 A, PH = 421, dPH = -30
MSG: 05 07/17/2021 01:00:05.340 Set Caps = 330, I = 5.2 A, PH = 414, dPH = -23
MSG: 05 07/17/2021 01:00:05.440 Set Caps = 329, I = 5.4 A, PH = 410, dPH = -19
MSG: 05 07/17/2021 01:00:05.540 Set Caps = 328, I = 5.4 A, PH = 406, dPH = -15
MSG: 05 07/17/2021 01:00:05.640 Set Caps = 327, I = 5.4 A, PH = 406, dPH = -15
MSG: 05 07/17/2021 01:00:05.740 Set Caps = 326, I = 5.6 A, PH = 400, dPH = -9
MSG: 05 07/17/2021 01:00:05.840 Set Caps = 325, I = 5.6 A, PH = 398, dPH = -7
MSG: 05 07/17/2021 01:00:05.940 Set Caps = 324, I = 5.6 A, PH = 394, dPH = -3
ALM: 05 07/17/2021 01:02:13.000 Reports Memory Full
INF: Start Of Noise Report
  Present Noise:                    178 mV (19%)
  Maximum Noise:                    794 mV (88%)
  Average Noise:                    188 mV (20%)
  Time Averaged Over:                    1:00:00
NRP: 05 07/17/2021 01:03:43.000 19,88,20,3600
INF: End Of Noise Report
ALM: 05 07/17/2021 01:12:13.000 Reports Memory Full
MSG: 05 07/17/2021 01:13:37.240 Set Caps = 323, I = 5.6 A, PH = 393, dPH = -2
ALM: 05 07/17/2021 01:22:13.000 Reports Memory Full
ALM: 05 07/17/2021 01:32:13.000 Reports Memory Full
ALM: 05 07/17/2021 01:42:13.000 Reports Memory Full
ALM: 05 07/17/2021 01:52:13.000 Reports Memory Full
ALM: 05 07/17/2021 02:02:13.000 Reports Memory Full
INF: Start Of Full Status Report
 Reader:
  ID:                                         05
  Model:                                  IS1001
  S/N:                                 2032.3566
  Date:                               07/17/2021
  Time:                                 02:02:14
  Application Firmware Version:            1.7.1
  Operation Mode:                           Scan
  Network Mode:                IS1001 Standalone
  Exciter Sync. Mode:                 Standalone
  Date/Time Sync.:                      Disabled
  Beeper:                               Disabled
  Tag Display Format:                        DEC
  Initiation Delay:                     Disabled
  Auto Standby Voltages:              16 V, 18 V
  Periodic Standby Start Time:              0:00
  Periodic Standby Duration:            Disabled
  Idling Time:                          Disabled
 Alarms:
  Antenna Current Low Alarm:               0.5 A
  Noise High Alarm:                          75%
  Tuning Capacit. High Alarm:                970
  Tuning Capacit. Low Alarm:                  50
  Alarms Unique Delay:                   600 sec
 Antenna/Tuning:
  Exciter Voltage Level:                       5
  Dynamic Tuning:                        Enabled
  Tuning Target Phase:                       391
  Tuning Target Phase Deviation Threshold:     4
 Communication:
  Local Port Speed:                       115200
  Tags To Local Port:                    Enabled
  Alarms To Local Port:                  Enabled
  Messages To Local Port:                Enabled
  Remote Port Protocol:                    ASCII
  Remote Port Transfer Rate:                Full
 Detection:
  HDX Tag Detection:                    Disabled
  Fastag Detection:                     Disabled
  FDXB Tag Signal Level Detection:      Disabled
  BioTherm Tag Temperature Detection:   Disabled
  Detection Counter Enabled:                 Yes
  Unique Mode:                             Delay
  Unique Delay:                           60 sec
  FDXB Detection Scan Time:               120 ms
  VTT Level:                                 128
  Auto VTT Delay:                        720 min
 Measurements:
  Antenna Current Gain:                      115
  Antenna Current Offset:                    110
 Memory:
  Tags Memory Size:                        78583
  Status Reports Memory Size:               1023
  Store Tags To Memory:                  Enabled
  Store VTT To Memory:                   Enabled
  Store Stat. Reports To Memory:         Enabled
 Reports:
  Auto Noise Report Delay:                60 min
  Auto Status Report Delay:              240 min
 Diagnostics:
  Detection Counter:                           3
  Tags In Memory:                      1740 (2%)
  Status Reports In Memory:           1020 (99%)
  Input Voltage:                          24.2 V
  Exciter Voltage:                        20.1 V
  Antenna Tuning:                          Tuned
  Antenna Current:                         5.7 A
  Tuning Capacitors:                         323
  Tuning Phase:                              389
  Tuning Relative Phase:                       2
  FDXB Signal Level:                184 mV (20%)
  Temperature:                            31.0 C
  Sync. Input Present:                       N/A
  Sec. Master Active:                        N/A
 Active Alarms:
  Reports Memory Full
SRP: 05 07/17/2021 02:02:14.600 16,0,0,2,5,3,323,2,99,242,201,57,20,388,310,21,0,0,0,0
INF: End Of Full Status Report
INF: Start Of Noise Report
  Present Noise:                    169 mV (18%)
  Maximum Noise:                    563 mV (62%)
  Average Noise:                    167 mV (18%)
  Time Averaged Over:                    1:00:00
NRP: 05 07/17/2021 02:03:43.000 18,62,18,3600
INF: End Of Noise Report
ALM: 05 07/17/2021 02:12:13.000 Reports Memory Full
ALM: 05 07/17/2021 02:22:13.000 Reports Memory Full
ALM: 05 07/17/2021 02:32:13.000 Reports Memory Full
ALM: 05 07/17/2021 02:42:13.000 Reports Memory Full
ALM: 05 07/17/2021 02:52:13.000 Reports Memory Full
ALM: 05 07/17/2021 03:02:13.000 Reports Memory Full
INF: Start Of Noise Report
  Present Noise:                    165 mV (18%)
  Maximum Noise:                    277 mV (30%)
  Average Noise:                    167 mV (18%)
  Time Averaged Over:                    1:00:00
NRP: 05 07/17/2021 03:03:43.000 18,30,18,3600
INF: End Of Noise Report
ALM: 05 07/17/2021 03:12:13.000 Reports Memory Full
ALM: 05 07/17/2021 03:22:13.000 Reports Memory Full
ALM: 05 07/17/2021 03:32:13.000 Reports Memory Full
ALM: 05 07/17/2021 03:42:13.000 Reports Memory Full
ALM: 05 07/17/2021 03:52:13.000 Reports Memory Full
ALM: 05 07/17/2021 04:02:13.000 Reports Memory Full
INF: Start Of Noise Report
  Present Noise:                    184 mV (20%)
  Maximum Noise:                    632 mV (70%)
  Average Noise:                    168 mV (18%)
  Time Averaged Over:                    1:00:00
NRP: 05 07/17/2021 04:03:43.000 20,70,18,3600
INF: End Of Noise Report
ALM: 05 07/17/2021 04:12:13.000 Reports Memory Full
ALM: 05 07/17/2021 04:22:13.000 Reports Memory Full
ALM: 05 07/17/2021 04:32:13.000 Reports Memory Full
ALM: 05 07/17/2021 04:42:13.000 Reports Memory Full
ALM: 05 07/17/2021 04:52:13.000 Reports Memory Full
ALM: 05 07/17/2021 05:02:13.000 Reports Memory Full
INF: Start Of Noise Report
  Present Noise:                    173 mV (19%)
  Maximum Noise:                    594 mV (66%)
  Average Noise:                    169 mV (18%)
  Time Averaged Over:                    1:00:00
NRP: 05 07/17/2021 05:03:43.000 19,66,18,3600
INF: End Of Noise Report
ALM: 05 07/17/2021 05:12:13.000 Reports Memory Full
ALM: 05 07/17/2021 05:22:13.000 Reports Memory Full
ALM: 05 07/17/2021 05:32:13.000 Reports Memory Full
ALM: 05 07/17/2021 05:42:13.000 Reports Memory Full
ALM: 05 07/17/2021 05:52:13.000 Reports Memory Full
ALM: 05 07/17/2021 06:02:13.000 Reports Memory Full
INF: Start Of Full Status Report
 Reader:
  ID:                                         05
  Model:                                  IS1001
  S/N:                                 2032.3566
  Date:                               07/17/2021
  Time:                                 06:02:14
  Application Firmware Version:            1.7.1
  Operation Mode:                           Scan
  Network Mode:                IS1001 Standalone
  Exciter Sync. Mode:                 Standalone
  Date/Time Sync.:                      Disabled
  Beeper:                               Disabled
  Tag Display Format:                        DEC
  Initiation Delay:                     Disabled
  Auto Standby Voltages:              16 V, 18 V
  Periodic Standby Start Time:              0:00
  Periodic Standby Duration:            Disabled
  Idling Time:                          Disabled
 Alarms:
  Antenna Current Low Alarm:               0.5 A
  Noise High Alarm:                          75%
  Tuning Capacit. High Alarm:                970
  Tuning Capacit. Low Alarm:                  50
  Alarms Unique Delay:                   600 sec
 Antenna/Tuning:
  Exciter Voltage Level:                       5
  Dynamic Tuning:                        Enabled
  Tuning Target Phase:                       391
  Tuning Target Phase Deviation Threshold:     4
 Communication:
  Local Port Speed:                       115200
  Tags To Local Port:                    Enabled
  Alarms To Local Port:                  Enabled
  Messages To Local Port:                Enabled
  Remote Port Protocol:                    ASCII
  Remote Port Transfer Rate:                Full
 Detection:
  HDX Tag Detection:                    Disabled
  Fastag Detection:                     Disabled
  FDXB Tag Signal Level Detection:      Disabled
  BioTherm Tag Temperature Detection:   Disabled
  Detection Counter Enabled:                 Yes
  Unique Mode:                             Delay
  Unique Delay:                           60 sec
  FDXB Detection Scan Time:               120 ms
  VTT Level:                                 128
  Auto VTT Delay:                        720 min
 Measurements:
  Antenna Current Gain:                      115
  Antenna Current Offset:                    110
 Memory:
  Tags Memory Size:                        78583
  Status Reports Memory Size:               1023
  Store Tags To Memory:                  Enabled
  Store VTT To Memory:                   Enabled
  Store Stat. Reports To Memory:         Enabled
 Reports:
  Auto Noise Report Delay:                60 min
  Auto Status Report Delay:              240 min
 Diagnostics:
  Detection Counter:                           3
  Tags In Memory:                      1740 (2%)
  Status Reports In Memory:           1021 (99%)
  Input Voltage:                          24.2 V
  Exciter Voltage:                        20.1 V
  Antenna Tuning:                          Tuned
  Antenna Current:                         5.7 A
  Tuning Capacitors:                         323
  Tuning Phase:                              391
  Tuning Relative Phase:                       0
  FDXB Signal Level:                178 mV (19%)
  Temperature:                            30.4 C
  Sync. Input Present:                       N/A
  Sec. Master Active:                        N/A
 Active Alarms:
  Reports Memory Full
SRP: 05 07/17/2021 06:02:14.600 16,0,0,2,5,0,323,2,99,242,201,57,19,391,304,21,0,0,0,0
INF: End Of Full Status Report
INF: Start Of Noise Report
  Present Noise:                    170 mV (18%)
  Maximum Noise:                    781 mV (86%)
  Average Noise:                    171 mV (19%)
  Time Averaged Over:                    1:00:00
NRP: 05 07/17/2021 06:03:43.000 18,86,19,3600
INF: End Of Noise Report
ALM: 05 07/17/2021 06:12:13.000 Reports Memory Full
ALM: 05 07/17/2021 06:22:13.000 Reports Memory Full
ALM: 05 07/17/2021 06:32:13.000 Reports Memory Full
ALM: 05 07/17/2021 06:42:13.000 Reports Memory Full
ALM: 05 07/17/2021 06:52:13.000 Reports Memory Full
ALM: 05 07/17/2021 07:02:13.000 Reports Memory Full
INF: Start Of Noise Report
  Present Noise:                    160 mV (17%)
  Maximum Noise:                    570 mV (63%)
  Average Noise:                    173 mV (19%)
  Time Averaged Over:                    1:00:00
NRP: 05 07/17/2021 07:03:43.000 17,63,19,3600
INF: End Of Noise Report
ALM: 05 07/17/2021 07:12:13.000 Reports Memory Full
ALM: 05 07/17/2021 07:22:13.000 Reports Memory Full
ALM: 05 07/17/2021 07:32:13.000 Reports Memory Full
ALM: 05 07/17/2021 07:42:13.000 Reports Memory Full
ALM: 05 07/17/2021 07:52:13.000 Reports Memory Full
ALM: 05 07/17/2021 08:02:13.000 Reports Memory Full
INF: Start Of Noise Report
  Present Noise:                    169 mV (18%)
  Maximum Noise:                    718 mV (79%)
  Average Noise:                    170 mV (18%)
  Time Averaged Over:                    1:00:00
NRP: 05 07/17/2021 08:03:43.000 18,79,18,3600
INF: End Of Noise Report
ALM: 05 07/17/2021 08:12:13.000 Reports Memory Full
ALM: 05 07/17/2021 08:22:13.000 Reports Memory Full
ALM: 05 07/17/2021 08:32:13.000 Reports Memory Full
ALM: 05 07/17/2021 08:42:13.000 Reports Memory Full
ALM: 05 07/17/2021 08:52:13.000 Reports Memory Full
ALM: 05 07/17/2021 09:02:13.000 Reports Memory Full
INF: Start Of Noise Report
  Present Noise:                    155 mV (17%)
  Maximum Noise:                    356 mV (39%)
  Average Noise:                    168 mV (18%)
  Time Averaged Over:                    1:00:00
NRP: 05 07/17/2021 09:03:43.000 17,39,18,3600
INF: End Of Noise Report
ALM: 05 07/17/2021 09:12:13.000 Reports Memory Full
ALM: 05 07/17/2021 09:22:13.000 Reports Memory Full
ALM: 05 07/17/2021 09:32:13.000 Reports Memory Full
ALM: 05 07/17/2021 09:42:13.000 Reports Memory Full
ALM: 05 07/17/2021 09:52:13.000 Reports Memory Full
ALM: 05 07/17/2021 10:02:13.000 Reports Memory Full
MSG: 05 07/17/2021 10:02:14.100 Test Tag Single Shot Fired
TAG: 05 07/17/2021 10:02:14.130 999.000000007429
MSG: 05 07/17/2021 10:02:14.130 VTT Test Passed
INF: Start Of Full Status Report
 Reader:
  ID:                                         05
  Model:                                  IS1001
  S/N:                                 2032.3566
  Date:                               07/17/2021
  Time:                                 10:02:24
  Application Firmware Version:            1.7.1
  Operation Mode:                           Scan
  Network Mode:                IS1001 Standalone
  Exciter Sync. Mode:                 Standalone
  Date/Time Sync.:                      Disabled
  Beeper:                               Disabled
  Tag Display Format:                        DEC
  Initiation Delay:                     Disabled
  Auto Standby Voltages:              16 V, 18 V
  Periodic Standby Start Time:              0:00
  Periodic Standby Duration:            Disabled
  Idling Time:                          Disabled
 Alarms:
  Antenna Current Low Alarm:               0.5 A
  Noise High Alarm:                          75%
  Tuning Capacit. High Alarm:                970
  Tuning Capacit. Low Alarm:                  50
  Alarms Unique Delay:                   600 sec
 Antenna/Tuning:
  Exciter Voltage Level:                       5
  Dynamic Tuning:                        Enabled
  Tuning Target Phase:                       391
  Tuning Target Phase Deviation Threshold:     4
 Communication:
  Local Port Speed:                       115200
  Tags To Local Port:                    Enabled
  Alarms To Local Port:                  Enabled
  Messages To Local Port:                Enabled
  Remote Port Protocol:                    ASCII
  Remote Port Transfer Rate:                Full
 Detection:
  HDX Tag Detection:                    Disabled
  Fastag Detection:                     Disabled
  FDXB Tag Signal Level Detection:      Disabled
  BioTherm Tag Temperature Detection:   Disabled
  Detection Counter Enabled:                 Yes
  Unique Mode:                             Delay
  Unique Delay:                           60 sec
  FDXB Detection Scan Time:               120 ms
  VTT Level:                                 128
  Auto VTT Delay:                        720 min
 Measurements:
  Antenna Current Gain:                      115
  Antenna Current Offset:                    110
 Memory:
  Tags Memory Size:                        78583
  Status Reports Memory Size:               1023
  Store Tags To Memory:                  Enabled
  Store VTT To Memory:                   Enabled
  Store Stat. Reports To Memory:         Enabled
 Reports:
  Auto Noise Report Delay:                60 min
  Auto Status Report Delay:              240 min
 Diagnostics:
  Detection Counter:                           3
  Tags In Memory:                      1741 (2%)
  Status Reports In Memory:           1022 (99%)
  Input Voltage:                          24.2 V
  Exciter Voltage:                        20.1 V
  Antenna Tuning:                          Tuned
  Antenna Current:                         5.6 A
  Tuning Capacitors:                         323
  Tuning Phase:                              391
  Tuning Relative Phase:                       0
  FDXB Signal Level:                170 mV (18%)
  Temperature:                            31.9 C
  Sync. Input Present:                       N/A
  Sec. Master Active:                        N/A
 Active Alarms:
  Reports Memory Full
SRP: 05 07/17/2021 10:02:24.100 16,0,0,2,5,0,323,2,99,242,201,56,18,391,319,21,0,0,0,0
INF: End Of Full Status Report
INF: Start Of Noise Report
  Present Noise:                    172 mV (19%)
  Maximum Noise:                    443 mV (49%)
  Average Noise:                    167 mV (18%)
  Time Averaged Over:                    1:00:00
NRP: 05 07/17/2021 10:03:43.000 19,49,18,3600
INF: End Of Noise Report
ALM: 05 07/17/2021 10:12:13.000 Reports Memory Full
ALM: 05 07/17/2021 10:22:13.000 Reports Memory Full
ALM: 05 07/17/2021 10:32:13.000 Reports Memory Full
ALM: 05 07/17/2021 10:42:13.000 Reports Memory Full
ALM: 05 07/17/2021 10:52:13.000 Reports Memory Full
ALM: 05 07/17/2021 11:02:13.000 Reports Memory Full
INF: Start Of Noise Report
  Present Noise:                    174 mV (19%)
  Maximum Noise:                    534 mV (59%)
  Average Noise:                    160 mV (17%)
  Time Averaged Over:                    1:00:00
NRP: 05 07/17/2021 11:03:43.000 19,59,17,3600
INF: End Of Noise Report
ALM: 05 07/17/2021 11:12:13.000 Reports Memory Full
ALM: 05 07/17/2021 11:22:13.000 Reports Memory Full
ALM: 05 07/17/2021 11:32:13.000 Reports Memory Full
ALM: 05 07/17/2021 11:42:13.000 Reports Memory Full
ALM: 05 07/17/2021 11:52:13.000 Reports Memory Full
ALM: 05 07/17/2021 12:02:13.000 Reports Memory Full
INF: Start Of Noise Report
  Present Noise:                    140 mV (15%)
  Maximum Noise:                    253 mV (28%)
  Average Noise:                    155 mV (17%)
  Time Averaged Over:                    1:00:00
NRP: 05 07/17/2021 12:03:43.000 15,28,17,3600
INF: End Of Noise Report
ALM: 05 07/17/2021 12:12:13.000 Reports Memory Full
ALM: 05 07/17/2021 12:22:13.000 Reports Memory Full
ALM: 05 07/17/2021 12:32:13.000 Reports Memory Full
ALM: 05 07/17/2021 12:42:13.000 Reports Memory Full
ALM: 05 07/17/2021 12:52:13.000 Reports Memory Full
ALM: 05 07/17/2021 13:02:13.000 Reports Memory Full
INF: Start Of Noise Report
  Present Noise:                    142 mV (15%)
  Maximum Noise:                    220 mV (24%)
  Average Noise:                    146 mV (16%)
  Time Averaged Over:                    1:00:00
NRP: 05 07/17/2021 13:03:43.000 15,24,16,3600
INF: End Of Noise Report
ALM: 05 07/17/2021 13:12:13.000 Reports Memory Full
ALM: 05 07/17/2021 13:22:13.000 Reports Memory Full
ALM: 05 07/17/2021 13:32:13.000 Reports Memory Full
MSG: 05 07/17/2021 13:42:10.540 Set Caps = 324, I = 5.5 A, PH = 393, dPH = -2
ALM: 05 07/17/2021 13:42:13.000 Reports Memory Full
ALM: 05 07/17/2021 13:52:13.000 Reports Memory Full
ALM: 05 07/17/2021 14:02:13.000 Reports Memory Full
INF: Start Of Full Status Report
 Reader:
  ID:                                         05
  Model:                                  IS1001
  S/N:                                 2032.3566
  Date:                               07/17/2021
  Time:                                 14:02:14
  Application Firmware Version:            1.7.1
  Operation Mode:                           Scan
  Network Mode:                IS1001 Standalone
  Exciter Sync. Mode:                 Standalone
  Date/Time Sync.:                      Disabled
  Beeper:                               Disabled
  Tag Display Format:                        DEC
  Initiation Delay:                     Disabled
  Auto Standby Voltages:              16 V, 18 V
  Periodic Standby Start Time:              0:00
  Periodic Standby Duration:            Disabled
  Idling Time:                          Disabled
 Alarms:
  Antenna Current Low Alarm:               0.5 A
  Noise High Alarm:                          75%
  Tuning Capacit. High Alarm:                970
  Tuning Capacit. Low Alarm:                  50
  Alarms Unique Delay:                   600 sec
 Antenna/Tuning:
  Exciter Voltage Level:                       5
  Dynamic Tuning:                        Enabled
  Tuning Target Phase:                       391
  Tuning Target Phase Deviation Threshold:     4
 Communication:
  Local Port Speed:                       115200
  Tags To Local Port:                    Enabled
  Alarms To Local Port:                  Enabled
  Messages To Local Port:                Enabled
  Remote Port Protocol:                    ASCII
  Remote Port Transfer Rate:                Full
 Detection:
  HDX Tag Detection:                    Disabled
  Fastag Detection:                     Disabled
  FDXB Tag Signal Level Detection:      Disabled
  BioTherm Tag Temperature Detection:   Disabled
  Detection Counter Enabled:                 Yes
  Unique Mode:                             Delay
  Unique Delay:                           60 sec
  FDXB Detection Scan Time:               120 ms
  VTT Level:                                 128
  Auto VTT Delay:                        720 min
 Measurements:
  Antenna Current Gain:                      115
  Antenna Current Offset:                    110
 Memory:
  Tags Memory Size:                        78583
  Status Reports Memory Size:               1023
  Store Tags To Memory:                  Enabled
  Store VTT To Memory:                   Enabled
  Store Stat. Reports To Memory:         Enabled
 Reports:
  Auto Noise Report Delay:                60 min
  Auto Status Report Delay:              240 min
 Diagnostics:
  Detection Counter:                           3
  Tags In Memory:                      1741 (2%)
  Status Reports In Memory:          1023 (100%)
  Input Voltage:                          24.2 V
  Exciter Voltage:                        20.1 V
  Antenna Tuning:                          Tuned
  Antenna Current:                         5.5 A
  Tuning Capacitors:                         324
  Tuning Phase:                              391
  Tuning Relative Phase:                       0
  FDXB Signal Level:                135 mV (15%)
  Temperature:                            38.1 C
  Sync. Input Present:                       N/A
  Sec. Master Active:                        N/A
 Active Alarms:
  Reports Memory Full
SRP: 05 07/17/2021 14:02:14.600 16,0,0,2,5,0,324,2,100,242,201,55,15,391,381,21,0,0,0,0
INF: End Of Full Status Report
INF: Start Of Noise Report
  Present Noise:                    146 mV (16%)
  Maximum Noise:                    208 mV (23%)
  Average Noise:                    142 mV (15%)
  Time Averaged Over:                    1:00:00
NRP: 05 07/17/2021 14:03:43.000 16,23,15,3600
INF: End Of Noise Report
ALM: 05 07/17/2021 14:12:13.000 Reports Memory Full
ALM: 05 07/17/2021 14:22:13.000 Reports Memory Full
ALM: 05 07/17/2021 14:32:13.000 Reports Memory Full
ALM: 05 07/17/2021 14:42:13.000 Reports Memory Full
ALM: 05 07/17/2021 14:52:13.000 Reports Memory Full
ALM: 05 07/17/2021 15:02:13.000 Reports Memory Full
INF: Start Of Noise Report
  Present Noise:                    148 mV (16%)
  Maximum Noise:                    186 mV (20%)
  Average Noise:                    140 mV (15%)
  Time Averaged Over:                    1:00:00
NRP: 05 07/17/2021 15:03:43.000 16,20,15,3600
INF: End Of Noise Report
ALM: 05 07/17/2021 15:12:13.000 Reports Memory Full
ALM: 05 07/17/2021 15:22:13.000 Reports Memory Full
ALM: 05 07/17/2021 15:32:13.000 Reports Memory Full
ALM: 05 07/17/2021 15:42:13.000 Reports Memory Full
ALM: 05 07/17/2021 15:52:13.000 Reports Memory Full
ALM: 05 07/17/2021 16:02:13.000 Reports Memory Full
INF: Start Of Noise Report
  Present Noise:                    149 mV (16%)
  Maximum Noise:                    227 mV (25%)
  Average Noise:                    141 mV (15%)
  Time Averaged Over:                    1:00:00
NRP: 05 07/17/2021 16:03:43.000 16,25,15,3600
INF: End Of Noise Report
ALM: 05 07/17/2021 16:12:13.000 Reports Memory Full
ALM: 05 07/17/2021 16:22:13.000 Reports Memory Full
ALM: 05 07/17/2021 16:32:13.000 Reports Memory Full
ALM: 05 07/17/2021 16:42:13.000 Reports Memory Full
ALM: 05 07/17/2021 16:52:13.000 Reports Memory Full
ALM: 05 07/17/2021 17:02:13.000 Reports Memory Full
INF: Start Of Noise Report
  Present Noise:                    128 mV (14%)
  Maximum Noise:                    181 mV (20%)
  Average Noise:                    141 mV (15%)
  Time Averaged Over:                    1:00:00
NRP: 05 07/17/2021 17:03:43.000 14,20,15,3600
INF: End Of Noise Report
ALM: 05 07/17/2021 17:12:13.000 Reports Memory Full
ALM: 05 07/17/2021 17:22:13.000 Reports Memory Full
ALM: 05 07/17/2021 17:32:13.000 Reports Memory Full
ALM: 05 07/17/2021 17:42:13.000 Reports Memory Full
ALM: 05 07/17/2021 17:52:13.000 Reports Memory Full
ALM: 05 07/17/2021 18:02:13.000 Reports Memory Full
INF: Start Of Full Status Report
 Reader:
  ID:                                         05
  Model:                                  IS1001
  S/N:                                 2032.3566
  Date:                               07/17/2021
  Time:                                 18:02:14
  Application Firmware Version:            1.7.1
  Operation Mode:                           Scan
  Network Mode:                IS1001 Standalone
  Exciter Sync. Mode:                 Standalone
  Date/Time Sync.:                      Disabled
  Beeper:                               Disabled
  Tag Display Format:                        DEC
  Initiation Delay:                     Disabled
  Auto Standby Voltages:              16 V, 18 V
  Periodic Standby Start Time:              0:00
  Periodic Standby Duration:            Disabled
  Idling Time:                          Disabled
 Alarms:
  Antenna Current Low Alarm:               0.5 A
  Noise High Alarm:                          75%
  Tuning Capacit. High Alarm:                970
  Tuning Capacit. Low Alarm:                  50
  Alarms Unique Delay:                   600 sec
 Antenna/Tuning:
  Exciter Voltage Level:                       5
  Dynamic Tuning:                        Enabled
  Tuning Target Phase:                       391
  Tuning Target Phase Deviation Threshold:     4
 Communication:
  Local Port Speed:                       115200
  Tags To Local Port:                    Enabled
  Alarms To Local Port:                  Enabled
  Messages To Local Port:                Enabled
  Remote Port Protocol:                    ASCII
  Remote Port Transfer Rate:                Full
 Detection:
  HDX Tag Detection:                    Disabled
  Fastag Detection:                     Disabled
  FDXB Tag Signal Level Detection:      Disabled
  BioTherm Tag Temperature Detection:   Disabled
  Detection Counter Enabled:                 Yes
  Unique Mode:                             Delay
  Unique Delay:                           60 sec
  FDXB Detection Scan Time:               120 ms
  VTT Level:                                 128
  Auto VTT Delay:                        720 min
 Measurements:
  Antenna Current Gain:                      115
  Antenna Current Offset:                    110
 Memory:
  Tags Memory Size:                        78583
  Status Reports Memory Size:               1023
  Store Tags To Memory:                  Enabled
  Store VTT To Memory:                   Enabled
  Store Stat. Reports To Memory:         Enabled
 Reports:
  Auto Noise Report Delay:                60 min
  Auto Status Report Delay:              240 min
 Diagnostics:
  Detection Counter:                           3
  Tags In Memory:                      1741 (2%)
  Status Reports In Memory:           1020 (99%)
  Input Voltage:                          24.2 V
  Exciter Voltage:                        20.1 V
  Antenna Tuning:                          Tuned
  Antenna Current:                         5.6 A
  Tuning Capacitors:                         324
  Tuning Phase:                              391
  Tuning Relative Phase:                       0
  FDXB Signal Level:                149 mV (16%)
  Temperature:                            35.5 C
  Sync. Input Present:                       N/A
  Sec. Master Active:                        N/A
 Active Alarms:
  Reports Memory Full
SRP: 05 07/17/2021 18:02:14.600 16,0,0,2,5,-1,324,2,99,242,201,56,16,392,355,21,0,0,0,0
INF: End Of Full Status Report
INF: Start Of Noise Report
  Present Noise:                    149 mV (16%)
  Maximum Noise:                    212 mV (23%)
  Average Noise:                    148 mV (16%)
  Time Averaged Over:                    1:00:00
NRP: 05 07/17/2021 18:03:43.000 16,23,16,3600
INF: End Of Noise Report
ALM: 05 07/17/2021 18:12:13.000 Reports Memory Full
ALM: 05 07/17/2021 18:22:13.000 Reports Memory Full
ALM: 05 07/17/2021 18:32:13.000 Reports Memory Full
ALM: 05 07/17/2021 18:42:13.000 Reports Memory Full
ALM: 05 07/17/2021 18:52:13.000 Reports Memory Full
ALM: 05 07/17/2021 19:02:13.000 Reports Memory Full
INF: Start Of Noise Report
  Present Noise:                    175 mV (19%)
  Maximum Noise:                    291 mV (32%)
  Average Noise:                    152 mV (16%)
  Time Averaged Over:                    1:00:00
NRP: 05 07/17/2021 19:03:43.000 19,32,16,3600
INF: End Of Noise Report
ALM: 05 07/17/2021 19:12:13.000 Reports Memory Full
ALM: 05 07/17/2021 19:22:13.000 Reports Memory Full
MSG: 05 07/17/2021 19:23:50.640 Set Caps = 323, I = 5.6 A, PH = 394, dPH = -3
MSG: 05 07/17/2021 19:28:07.440 Set Caps = 324, I = 5.6 A, PH = 393, dPH = -2
ALM: 05 07/17/2021 19:32:13.000 Reports Memory Full
ALM: 05 07/17/2021 19:42:13.000 Reports Memory Full
ALM: 05 07/17/2021 19:52:13.000 Reports Memory Full
ALM: 05 07/17/2021 20:02:13.000 Reports Memory Full
INF: Start Of Noise Report
  Present Noise:                    150 mV (16%)
  Maximum Noise:                    715 mV (79%)
  Average Noise:                    154 mV (17%)
  Time Averaged Over:                    1:00:00
NRP: 05 07/17/2021 20:03:43.000 16,79,17,3600
INF: End Of Noise Report
ALM: 05 07/17/2021 20:12:13.000 Reports Memory Full
ALM: 05 07/17/2021 20:22:13.000 Reports Memory Full
ALM: 05 07/17/2021 20:32:13.000 Reports Memory Full
ALM: 05 07/17/2021 20:42:13.000 Reports Memory Full
ALM: 05 07/17/2021 20:52:13.000 Reports Memory Full
ALM: 05 07/17/2021 21:02:13.000 Reports Memory Full
INF: Start Of Noise Report
  Present Noise:                    135 mV (15%)
  Maximum Noise:                    673 mV (74%)
  Average Noise:                    155 mV (17%)
  Time Averaged Over:                    1:00:00
NRP: 05 07/17/2021 21:03:43.000 15,74,17,3600
INF: End Of Noise Report
ALM: 05 07/17/2021 21:12:13.000 Reports Memory Full
ALM: 05 07/17/2021 21:22:13.000 Reports Memory Full
MSG: 05 07/17/2021 21:29:57.840 Set Caps = 323, I = 5.6 A, PH = 394, dPH = -3
ALM: 05 07/17/2021 21:32:13.000 Reports Memory Full
ALM: 05 07/17/2021 21:42:13.000 Reports Memory Full
ALM: 05 07/17/2021 21:52:13.000 Reports Memory Full
ALM: 05 07/17/2021 22:02:13.000 Reports Memory Full
MSG: 05 07/17/2021 22:02:14.100 Test Tag Single Shot Fired
TAG: 05 07/17/2021 22:02:14.130 999.000000007429
MSG: 05 07/17/2021 22:02:14.130 VTT Test Passed
INF: Start Of Full Status Report
 Reader:
  ID:                                         05
  Model:                                  IS1001
  S/N:                                 2032.3566
  Date:                               07/17/2021
  Time:                                 22:02:24
  Application Firmware Version:            1.7.1
  Operation Mode:                           Scan
  Network Mode:                IS1001 Standalone
  Exciter Sync. Mode:                 Standalone
  Date/Time Sync.:                      Disabled
  Beeper:                               Disabled
  Tag Display Format:                        DEC
  Initiation Delay:                     Disabled
  Auto Standby Voltages:              16 V, 18 V
  Periodic Standby Start Time:              0:00
  Periodic Standby Duration:            Disabled
  Idling Time:                          Disabled
 Alarms:
  Antenna Current Low Alarm:               0.5 A
  Noise High Alarm:                          75%
  Tuning Capacit. High Alarm:                970
  Tuning Capacit. Low Alarm:                  50
  Alarms Unique Delay:                   600 sec
 Antenna/Tuning:
  Exciter Voltage Level:                       5
  Dynamic Tuning:                        Enabled
  Tuning Target Phase:                       391
  Tuning Target Phase Deviation Threshold:     4
 Communication:
  Local Port Speed:                       115200
  Tags To Local Port:                    Enabled
  Alarms To Local Port:                  Enabled
  Messages To Local Port:                Enabled
  Remote Port Protocol:                    ASCII
  Remote Port Transfer Rate:                Full
 Detection:
  HDX Tag Detection:                    Disabled
  Fastag Detection:                     Disabled
  FDXB Tag Signal Level Detection:      Disabled
  BioTherm Tag Temperature Detection:   Disabled
  Detection Counter Enabled:                 Yes
  Unique Mode:                             Delay
  Unique Delay:                           60 sec
  FDXB Detection Scan Time:               120 ms
  VTT Level:                                 128
  Auto VTT Delay:                        720 min
 Measurements:
  Antenna Current Gain:                      115
  Antenna Current Offset:                    110
 Memory:
  Tags Memory Size:                        78583
  Status Reports Memory Size:               1023
  Store Tags To Memory:                  Enabled
  Store VTT To Memory:                   Enabled
  Store Stat. Reports To Memory:         Enabled
 Reports:
  Auto Noise Report Delay:                60 min
  Auto Status Report Delay:              240 min
 Diagnostics:
  Detection Counter:                           3
  Tags In Memory:                      1742 (2%)
  Status Reports In Memory:           1021 (99%)
  Input Voltage:                          24.2 V
  Exciter Voltage:                        20.1 V
  Antenna Tuning:                          Tuned
  Antenna Current:                         5.7 A
  Tuning Capacitors:                         323
  Tuning Phase:                              389
  Tuning Relative Phase:                       2
  FDXB Signal Level:                171 mV (19%)
  Temperature:                            32.5 C
  Sync. Input Present:                       N/A
  Sec. Master Active:                        N/A
 Active Alarms:
  Reports Memory Full
SRP: 05 07/17/2021 22:02:24.100 16,0,0,2,5,3,323,2,99,242,201,57,19,388,325,21,0,0,0,0
INF: End Of Full Status Report
INF: Start Of Noise Report
  Present Noise:                    156 mV (17%)
  Maximum Noise:                    562 mV (62%)
  Average Noise:                    156 mV (17%)
  Time Averaged Over:                    1:00:00
NRP: 05 07/17/2021 22:03:43.000 17,62,17,3600
INF: End Of Noise Report
ALM: 05 07/17/2021 22:12:13.000 Reports Memory Full
ALM: 05 07/17/2021 22:22:13.000 Reports Memory Full
ALM: 05 07/17/2021 22:32:13.000 Reports Memory Full
ALM: 05 07/17/2021 22:42:13.000 Reports Memory Full
ALM: 05 07/17/2021 22:52:13.000 Reports Memory Full
ALM: 05 07/17/2021 23:02:13.000 Reports Memory Full
INF: Start Of Noise Report
  Present Noise:                    178 mV (19%)
  Maximum Noise:                    404 mV (44%)
  Average Noise:                    161 mV (17%)
  Time Averaged Over:                    1:00:00
NRP: 05 07/17/2021 23:03:43.000 19,44,17,3600
INF: End Of Noise Report
ALM: 05 07/17/2021 23:12:13.000 Reports Memory Full
ALM: 05 07/17/2021 23:22:13.000 Reports Memory Full
ALM: 05 07/17/2021 23:32:13.000 Reports Memory Full
ALM: 05 07/17/2021 23:42:13.000 Reports Memory Full
ALM: 05 07/17/2021 23:52:13.000 Reports Memory Full
