ALM: 05 07/15/2021 00:02:13.000 Reports Memory Full
INF: Start Of Noise Report
  Present Noise:                    150 mV (16%)
  Maximum Noise:                    762 mV (84%)
  Average Noise:                    149 mV (16%)
  Time Averaged Over:                    1:00:00
NRP: 05 07/15/2021 00:03:43.000 16,84,16,3600
INF: End Of Noise Report
ALM: 05 07/15/2021 00:12:13.000 Reports Memory Full
ALM: 05 07/15/2021 00:22:13.000 Reports Memory Full
ALM: 05 07/15/2021 00:32:13.000 Reports Memory Full
ALM: 05 07/15/2021 00:42:13.000 Reports Memory Full
ALM: 05 07/15/2021 00:52:13.000 Reports Memory Full
ALM: 05 07/15/2021 01:02:13.000 Reports Memory Full
INF: Start Of Noise Report
  Present Noise:                    123 mV (13%)
  Maximum Noise:                    736 mV (81%)
  Average Noise:                    148 mV (16%)
  Time Averaged Over:                    1:00:00
NRP: 05 07/15/2021 01:03:43.000 13,81,16,3600
INF: End Of Noise Report
ALM: 05 07/15/2021 01:12:13.000 Reports Memory Full
ALM: 05 07/15/2021 01:22:13.000 Reports Memory Full
ALM: 05 07/15/2021 01:32:13.000 Reports Memory Full
ALM: 05 07/15/2021 01:42:13.000 Reports Memory Full
ALM: 05 07/15/2021 01:52:13.000 Reports Memory Full
ALM: 05 07/15/2021 02:02:13.000 Reports Memory Full
INF: Start Of Full Status Report
 Reader:
  ID:                                         05
  Model:                                  IS1001
  S/N:                                 2032.3566
  Date:                               07/15/2021
  Time:                                 02:02:14
  Application Firmware Version:            1.7.1
  Operation Mode:                           Scan
  Network Mode:                IS1001 Standalone
  Exciter Sync. Mode:                 Standalone
  Date/Time Sync.:                      Disabled
  Beeper:                               Disabled
  Tag Display Format:                        DEC
  Initiation Delay:                     Disabled
  Auto Standby Voltages:              16 V, 18 V
  Periodic Standby Start Time:              0:00
  Periodic Standby Duration:            Disabled
  Idling Time:                          Disabled
 Alarms:
  Antenna Current Low Alarm:               0.5 A
  Noise High Alarm:                          75%
  Tuning Capacit. High Alarm:                970
  Tuning Capacit. Low Alarm:                  50
  Alarms Unique Delay:                   600 sec
 Antenna/Tuning:
  Exciter Voltage Level:                       5
  Dynamic Tuning:                        Enabled
  Tuning Target Phase:                       391
  Tuning Target Phase Deviation Threshold:     4
 Communication:
  Local Port Speed:                       115200
  Tags To Local Port:                    Enabled
  Alarms To Local Port:                  Enabled
  Messages To Local Port:                Enabled
  Remote Port Protocol:                    ASCII
  Remote Port Transfer Rate:                Full
 Detection:
  HDX Tag Detection:                    Disabled
  Fastag Detection:                     Disabled
  FDXB Tag Signal Level Detection:      Disabled
  BioTherm Tag Temperature Detection:   Disabled
  Detection Counter Enabled:                 Yes
  Unique Mode:                             Delay
  Unique Delay:                           60 sec
  FDXB Detection Scan Time:               120 ms
  VTT Level:                                 128
  Auto VTT Delay:                        720 min
 Measurements:
  Antenna Current Gain:                      115
  Antenna Current Offset:                    110
 Memory:
  Tags Memory Size:                        78583
  Status Reports Memory Size:               1023
  Store Tags To Memory:                  Enabled
  Store VTT To Memory:                   Enabled
  Store Stat. Reports To Memory:         Enabled
 Reports:
  Auto Noise Report Delay:                60 min
  Auto Status Report Delay:              240 min
 Diagnostics:
  Detection Counter:                           0
  Tags In Memory:                      1733 (2%)
  Status Reports In Memory:           1020 (99%)
  Input Voltage:                          24.2 V
  Exciter Voltage:                        20.1 V
  Antenna Tuning:                          Tuned
  Antenna Current:                         5.6 A
  Tuning Capacitors:                         314
  Tuning Phase:                              390
  Tuning Relative Phase:                       1
  FDXB Signal Level:                117 mV (13%)
  Temperature:                            33.0 C
  Sync. Input Present:                       N/A
  Sec. Master Active:                        N/A
 Active Alarms:
  Reports Memory Full
SRP: 05 07/15/2021 02:02:14.600 16,0,0,2,5,1,314,2,99,242,201,56,13,390,330,21,0,0,0,0
INF: End Of Full Status Report
INF: Start Of Noise Report
  Present Noise:                    133 mV (14%)
  Maximum Noise:                    639 mV (71%)
  Average Noise:                    147 mV (16%)
  Time Averaged Over:                    1:00:00
NRP: 05 07/15/2021 02:03:43.000 14,71,16,3600
INF: End Of Noise Report
ALM: 05 07/15/2021 02:12:13.000 Reports Memory Full
ALM: 05 07/15/2021 02:22:13.000 Reports Memory Full
ALM: 05 07/15/2021 02:32:13.000 Reports Memory Full
ALM: 05 07/15/2021 02:42:13.000 Reports Memory Full
ALM: 05 07/15/2021 02:52:13.000 Reports Memory Full
ALM: 05 07/15/2021 03:02:13.000 Reports Memory Full
INF: Start Of Noise Report
  Present Noise:                    142 mV (15%)
  Maximum Noise:                    496 mV (55%)
  Average Noise:                    149 mV (16%)
  Time Averaged Over:                    1:00:00
NRP: 05 07/15/2021 03:03:43.000 15,55,16,3600
INF: End Of Noise Report
ALM: 05 07/15/2021 03:12:13.000 Reports Memory Full
ALM: 05 07/15/2021 03:22:13.000 Reports Memory Full
ALM: 05 07/15/2021 03:32:13.000 Reports Memory Full
ALM: 05 07/15/2021 03:42:13.000 Reports Memory Full
ALM: 05 07/15/2021 03:52:13.000 Reports Memory Full
ALM: 05 07/15/2021 04:02:13.000 Reports Memory Full
INF: Start Of Noise Report
  Present Noise:                    137 mV (15%)
  Maximum Noise:                    772 mV (85%)
  Average Noise:                    154 mV (17%)
  Time Averaged Over:                    1:00:00
NRP: 05 07/15/2021 04:03:43.000 15,85,17,3600
INF: End Of Noise Report
ALM: 05 07/15/2021 04:12:13.000 Reports Memory Full
ALM: 05 07/15/2021 04:22:13.000 Reports Memory Full
ALM: 05 07/15/2021 04:32:13.000 Reports Memory Full
ALM: 05 07/15/2021 04:42:13.000 Reports Memory Full
ALM: 05 07/15/2021 04:52:13.000 Reports Memory Full
ALM: 05 07/15/2021 05:02:13.000 Reports Memory Full
INF: Start Of Noise Report
  Present Noise:                    157 mV (17%)
  Maximum Noise:                    500 mV (55%)
  Average Noise:                    151 mV (16%)
  Time Averaged Over:                    1:00:00
NRP: 05 07/15/2021 05:03:43.000 17,55,16,3600
INF: End Of Noise Report
ALM: 05 07/15/2021 05:12:13.000 Reports Memory Full
ALM: 05 07/15/2021 05:22:13.000 Reports Memory Full
ALM: 05 07/15/2021 05:32:13.000 Reports Memory Full
ALM: 05 07/15/2021 05:42:13.000 Reports Memory Full
ALM: 05 07/15/2021 05:52:13.000 Reports Memory Full
ALM: 05 07/15/2021 06:02:13.000 Reports Memory Full
INF: Start Of Full Status Report
 Reader:
  ID:                                         05
  Model:                                  IS1001
  S/N:                                 2032.3566
  Date:                               07/15/2021
  Time:                                 06:02:14
  Application Firmware Version:            1.7.1
  Operation Mode:                           Scan
  Network Mode:                IS1001 Standalone
  Exciter Sync. Mode:                 Standalone
  Date/Time Sync.:                      Disabled
  Beeper:                               Disabled
  Tag Display Format:                        DEC
  Initiation Delay:                     Disabled
  Auto Standby Voltages:              16 V, 18 V
  Periodic Standby Start Time:              0:00
  Periodic Standby Duration:            Disabled
  Idling Time:                          Disabled
 Alarms:
  Antenna Current Low Alarm:               0.5 A
  Noise High Alarm:                          75%
  Tuning Capacit. High Alarm:                970
  Tuning Capacit. Low Alarm:                  50
  Alarms Unique Delay:                   600 sec
 Antenna/Tuning:
  Exciter Voltage Level:                       5
  Dynamic Tuning:                        Enabled
  Tuning Target Phase:                       391
  Tuning Target Phase Deviation Threshold:     4
 Communication:
  Local Port Speed:                       115200
  Tags To Local Port:                    Enabled
  Alarms To Local Port:                  Enabled
  Messages To Local Port:                Enabled
  Remote Port Protocol:                    ASCII
  Remote Port Transfer Rate:                Full
 Detection:
  HDX Tag Detection:                    Disabled
  Fastag Detection:                     Disabled
  FDXB Tag Signal Level Detection:      Disabled
  BioTherm Tag Temperature Detection:   Disabled
  Detection Counter Enabled:                 Yes
  Unique Mode:                             Delay
  Unique Delay:                           60 sec
  FDXB Detection Scan Time:               120 ms
  VTT Level:                                 128
  Auto VTT Delay:                        720 min
 Measurements:
  Antenna Current Gain:                      115
  Antenna Current Offset:                    110
 Memory:
  Tags Memory Size:                        78583
  Status Reports Memory Size:               1023
  Store Tags To Memory:                  Enabled
  Store VTT To Memory:                   Enabled
  Store Stat. Reports To Memory:         Enabled
 Reports:
  Auto Noise Report Delay:                60 min
  Auto Status Report Delay:              240 min
 Diagnostics:
  Detection Counter:                           0
  Tags In Memory:                      1733 (2%)
  Status Reports In Memory:           1021 (99%)
  Input Voltage:                          24.2 V
  Exciter Voltage:                        20.1 V
  Antenna Tuning:                          Tuned
  Antenna Current:                         5.6 A
  Tuning Capacitors:                         314
  Tuning Phase:                              392
  Tuning Relative Phase:                      -1
  FDXB Signal Level:                140 mV (15%)
  Temperature:                            31.9 C
  Sync. Input Present:                       N/A
  Sec. Master Active:                        N/A
 Active Alarms:
  Reports Memory Full
SRP: 05 07/15/2021 06:02:14.600 16,0,0,2,5,-1,314,2,99,242,201,56,15,392,319,21,0,0,0,0
INF: End Of Full Status Report
INF: Start Of Noise Report
  Present Noise:                    139 mV (15%)
  Maximum Noise:                    520 mV (57%)
  Average Noise:                    151 mV (16%)
  Time Averaged Over:                    1:00:00
NRP: 05 07/15/2021 06:03:43.000 15,57,16,3600
INF: End Of Noise Report
ALM: 05 07/15/2021 06:12:13.000 Reports Memory Full
ALM: 05 07/15/2021 06:22:13.000 Reports Memory Full
ALM: 05 07/15/2021 06:32:13.000 Reports Memory Full
ALM: 05 07/15/2021 06:42:13.000 Reports Memory Full
ALM: 05 07/15/2021 06:52:13.000 Reports Memory Full
ALM: 05 07/15/2021 07:02:13.000 Reports Memory Full
INF: Start Of Noise Report
  Present Noise:                    142 mV (15%)
  Maximum Noise:                    592 mV (65%)
  Average Noise:                    151 mV (16%)
  Time Averaged Over:                    1:00:00
NRP: 05 07/15/2021 07:03:43.000 15,65,16,3600
INF: End Of Noise Report
ALM: 05 07/15/2021 07:12:13.000 Reports Memory Full
ALM: 05 07/15/2021 07:22:13.000 Reports Memory Full
ALM: 05 07/15/2021 07:32:13.000 Reports Memory Full
ALM: 05 07/15/2021 07:42:13.000 Reports Memory Full
ALM: 05 07/15/2021 07:52:13.000 Reports Memory Full
ALM: 05 07/15/2021 08:02:13.000 Reports Memory Full
INF: Start Of Noise Report
  Present Noise:                    147 mV (16%)
  Maximum Noise:                    458 mV (50%)
  Average Noise:                    152 mV (16%)
  Time Averaged Over:                    1:00:00
NRP: 05 07/15/2021 08:03:43.000 16,50,16,3600
INF: End Of Noise Report
ALM: 05 07/15/2021 08:12:13.000 Reports Memory Full
ALM: 05 07/15/2021 08:22:13.000 Reports Memory Full
ALM: 05 07/15/2021 08:32:13.000 Reports Memory Full
ALM: 05 07/15/2021 08:42:13.000 Reports Memory Full
ALM: 05 07/15/2021 08:52:13.000 Reports Memory Full
ALM: 05 07/15/2021 09:02:13.000 Reports Memory Full
INF: Start Of Noise Report
  Present Noise:                    150 mV (16%)
  Maximum Noise:                    685 mV (76%)
  Average Noise:                    148 mV (16%)
  Time Averaged Over:                    1:00:00
NRP: 05 07/15/2021 09:03:43.000 16,76,16,3600
INF: End Of Noise Report
ALM: 05 07/15/2021 09:12:13.000 Reports Memory Full
ALM: 05 07/15/2021 09:22:13.000 Reports Memory Full
ALM: 05 07/15/2021 09:32:13.000 Reports Memory Full
ALM: 05 07/15/2021 09:42:13.000 Reports Memory Full
ALM: 05 07/15/2021 09:52:13.000 Reports Memory Full
ALM: 05 07/15/2021 10:02:13.000 Reports Memory Full
MSG: 05 07/15/2021 10:02:14.100 Test Tag Single Shot Fired
TAG: 05 07/15/2021 10:02:14.130 999.000000007429
MSG: 05 07/15/2021 10:02:14.130 VTT Test Passed
INF: Start Of Full Status Report
 Reader:
  ID:                                         05
  Model:                                  IS1001
  S/N:                                 2032.3566
  Date:                               07/15/2021
  Time:                                 10:02:24
  Application Firmware Version:            1.7.1
  Operation Mode:                           Scan
  Network Mode:                IS1001 Standalone
  Exciter Sync. Mode:                 Standalone
  Date/Time Sync.:                      Disabled
  Beeper:                               Disabled
  Tag Display Format:                        DEC
  Initiation Delay:                     Disabled
  Auto Standby Voltages:              16 V, 18 V
  Periodic Standby Start Time:              0:00
  Periodic Standby Duration:            Disabled
  Idling Time:                          Disabled
 Alarms:
  Antenna Current Low Alarm:               0.5 A
  Noise High Alarm:                          75%
  Tuning Capacit. High Alarm:                970
  Tuning Capacit. Low Alarm:                  50
  Alarms Unique Delay:                   600 sec
 Antenna/Tuning:
  Exciter Voltage Level:                       5
  Dynamic Tuning:                        Enabled
  Tuning Target Phase:                       391
  Tuning Target Phase Deviation Threshold:     4
 Communication:
  Local Port Speed:                       115200
  Tags To Local Port:                    Enabled
  Alarms To Local Port:                  Enabled
  Messages To Local Port:                Enabled
  Remote Port Protocol:                    ASCII
  Remote Port Transfer Rate:                Full
 Detection:
  HDX Tag Detection:                    Disabled
  Fastag Detection:                     Disabled
  FDXB Tag Signal Level Detection:      Disabled
  BioTherm Tag Temperature Detection:   Disabled
  Detection Counter Enabled:                 Yes
  Unique Mode:                             Delay
  Unique Delay:                           60 sec
  FDXB Detection Scan Time:               120 ms
  VTT Level:                                 128
  Auto VTT Delay:                        720 min
 Measurements:
  Antenna Current Gain:                      115
  Antenna Current Offset:                    110
 Memory:
  Tags Memory Size:                        78583
  Status Reports Memory Size:               1023
  Store Tags To Memory:                  Enabled
  Store VTT To Memory:                   Enabled
  Store Stat. Reports To Memory:         Enabled
 Reports:
  Auto Noise Report Delay:                60 min
  Auto Status Report Delay:              240 min
 Diagnostics:
  Detection Counter:                           0
  Tags In Memory:                      1734 (2%)
  Status Reports In Memory:           1022 (99%)
  Input Voltage:                          24.2 V
  Exciter Voltage:                        20.1 V
  Antenna Tuning:                          Tuned
  Antenna Current:                         5.6 A
  Tuning Capacitors:                         314
  Tuning Phase:                              391
  Tuning Relative Phase:                       0
  FDXB Signal Level:                155 mV (17%)
  Temperature:                            32.5 C
  Sync. Input Present:                       N/A
  Sec. Master Active:                        N/A
 Active Alarms:
  Reports Memory Full
SRP: 05 07/15/2021 10:02:24.100 16,0,0,2,5,0,314,2,99,242,201,56,17,391,325,21,0,0,0,0
INF: End Of Full Status Report
INF: Start Of Noise Report
  Present Noise:                    152 mV (16%)
  Maximum Noise:                    529 mV (58%)
  Average Noise:                    152 mV (16%)
  Time Averaged Over:                    1:00:00
NRP: 05 07/15/2021 10:03:43.000 16,58,16,3600
INF: End Of Noise Report
ALM: 05 07/15/2021 10:12:13.000 Reports Memory Full
ALM: 05 07/15/2021 10:22:13.000 Reports Memory Full
ALM: 05 07/15/2021 10:32:13.000 Reports Memory Full
ALM: 05 07/15/2021 10:42:13.000 Reports Memory Full
ALM: 05 07/15/2021 10:52:13.000 Reports Memory Full
ALM: 05 07/15/2021 11:02:13.000 Reports Memory Full
INF: Start Of Noise Report
  Present Noise:                    135 mV (15%)
  Maximum Noise:                    741 mV (82%)
  Average Noise:                    148 mV (16%)
  Time Averaged Over:                    1:00:00
NRP: 05 07/15/2021 11:03:43.000 15,82,16,3600
INF: End Of Noise Report
ALM: 05 07/15/2021 11:12:13.000 Reports Memory Full
ALM: 05 07/15/2021 11:22:13.000 Reports Memory Full
ALM: 05 07/15/2021 11:32:13.000 Reports Memory Full
ALM: 05 07/15/2021 11:42:13.000 Reports Memory Full
ALM: 05 07/15/2021 11:52:13.000 Reports Memory Full
ALM: 05 07/15/2021 12:02:13.000 Reports Memory Full
INF: Start Of Noise Report
  Present Noise:                    157 mV (17%)
  Maximum Noise:                    683 mV (75%)
  Average Noise:                    147 mV (16%)
  Time Averaged Over:                    1:00:00
NRP: 05 07/15/2021 12:03:43.000 17,75,16,3600
INF: End Of Noise Report
ALM: 05 07/15/2021 12:12:13.000 Reports Memory Full
ALM: 05 07/15/2021 12:22:13.000 Reports Memory Full
ALM: 05 07/15/2021 12:32:13.000 Reports Memory Full
ALM: 05 07/15/2021 12:42:13.000 Reports Memory Full
ALM: 05 07/15/2021 12:52:13.000 Reports Memory Full
ALM: 05 07/15/2021 13:02:13.000 Reports Memory Full
INF: Start Of Noise Report
  Present Noise:                    155 mV (17%)
  Maximum Noise:                    491 mV (54%)
  Average Noise:                    147 mV (16%)
  Time Averaged Over:                    1:00:00
NRP: 05 07/15/2021 13:03:43.000 17,54,16,3600
INF: End Of Noise Report
ALM: 05 07/15/2021 13:12:13.000 Reports Memory Full
ALM: 05 07/15/2021 13:22:13.000 Reports Memory Full
ALM: 05 07/15/2021 13:32:13.000 Reports Memory Full
ALM: 05 07/15/2021 13:42:13.000 Reports Memory Full
ALM: 05 07/15/2021 13:52:13.000 Reports Memory Full
ALM: 05 07/15/2021 14:02:13.000 Reports Memory Full
INF: Start Of Full Status Report
 Reader:
  ID:                                         05
  Model:                                  IS1001
  S/N:                                 2032.3566
  Date:                               07/15/2021
  Time:                                 14:02:14
  Application Firmware Version:            1.7.1
  Operation Mode:                           Scan
  Network Mode:                IS1001 Standalone
  Exciter Sync. Mode:                 Standalone
  Date/Time Sync.:                      Disabled
  Beeper:                               Disabled
  Tag Display Format:                        DEC
  Initiation Delay:                     Disabled
  Auto Standby Voltages:              16 V, 18 V
  Periodic Standby Start Time:              0:00
  Periodic Standby Duration:            Disabled
  Idling Time:                          Disabled
 Alarms:
  Antenna Current Low Alarm:               0.5 A
  Noise High Alarm:                          75%
  Tuning Capacit. High Alarm:                970
  Tuning Capacit. Low Alarm:                  50
  Alarms Unique Delay:                   600 sec
 Antenna/Tuning:
  Exciter Voltage Level:                       5
  Dynamic Tuning:                        Enabled
  Tuning Target Phase:                       391
  Tuning Target Phase Deviation Threshold:     4
 Communication:
  Local Port Speed:                       115200
  Tags To Local Port:                    Enabled
  Alarms To Local Port:                  Enabled
  Messages To Local Port:                Enabled
  Remote Port Protocol:                    ASCII
  Remote Port Transfer Rate:                Full
 Detection:
  HDX Tag Detection:                    Disabled
  Fastag Detection:                     Disabled
  FDXB Tag Signal Level Detection:      Disabled
  BioTherm Tag Temperature Detection:   Disabled
  Detection Counter Enabled:                 Yes
  Unique Mode:                             Delay
  Unique Delay:                           60 sec
  FDXB Detection Scan Time:               120 ms
  VTT Level:                                 128
  Auto VTT Delay:                        720 min
 Measurements:
  Antenna Current Gain:                      115
  Antenna Current Offset:                    110
 Memory:
  Tags Memory Size:                        78583
  Status Reports Memory Size:               1023
  Store Tags To Memory:                  Enabled
  Store VTT To Memory:                   Enabled
  Store Stat. Reports To Memory:         Enabled
 Reports:
  Auto Noise Report Delay:                60 min
  Auto Status Report Delay:              240 min
 Diagnostics:
  Detection Counter:                           0
  Tags In Memory:                      1734 (2%)
  Status Reports In Memory:          1023 (100%)
  Input Voltage:                          24.2 V
  Exciter Voltage:                        20.1 V
  Antenna Tuning:                          Tuned
  Antenna Current:                         5.6 A
  Tuning Capacitors:                         314
  Tuning Phase:                              388
  Tuning Relative Phase:                       3
  FDXB Signal Level:                145 mV (16%)
  Temperature:                            35.5 C
  Sync. Input Present:                       N/A
  Sec. Master Active:                        N/A
 Active Alarms:
  Reports Memory Full
SRP: 05 07/15/2021 14:02:14.600 16,0,0,2,5,2,314,2,100,242,201,56,16,389,355,21,0,0,0,0
INF: End Of Full Status Report
INF: Start Of Noise Report
  Present Noise:                    152 mV (16%)
  Maximum Noise:                    590 mV (65%)
  Average Noise:                    150 mV (16%)
  Time Averaged Over:                    1:00:00
NRP: 05 07/15/2021 14:03:43.000 16,65,16,3600
INF: End Of Noise Report
ALM: 05 07/15/2021 14:12:13.000 Reports Memory Full
ALM: 05 07/15/2021 14:22:13.000 Reports Memory Full
ALM: 05 07/15/2021 14:32:13.000 Reports Memory Full
ALM: 05 07/15/2021 14:42:13.000 Reports Memory Full
ALM: 05 07/15/2021 14:52:13.000 Reports Memory Full
ALM: 05 07/15/2021 15:02:13.000 Reports Memory Full
INF: Start Of Noise Report
  Present Noise:                    153 mV (17%)
  Maximum Noise:                    370 mV (41%)
  Average Noise:                    143 mV (15%)
  Time Averaged Over:                    1:00:00
NRP: 05 07/15/2021 15:03:43.000 17,41,15,3600
INF: End Of Noise Report
ALM: 05 07/15/2021 15:12:13.000 Reports Memory Full
ALM: 05 07/15/2021 15:22:13.000 Reports Memory Full
ALM: 05 07/15/2021 15:32:13.000 Reports Memory Full
ALM: 05 07/15/2021 15:42:13.000 Reports Memory Full
ALM: 05 07/15/2021 15:52:13.000 Reports Memory Full
ALM: 05 07/15/2021 16:02:13.000 Reports Memory Full
INF: Start Of Noise Report
  Present Noise:                    150 mV (16%)
  Maximum Noise:                    572 mV (63%)
  Average Noise:                    144 mV (16%)
  Time Averaged Over:                    1:00:00
NRP: 05 07/15/2021 16:03:43.000 16,63,16,3600
INF: End Of Noise Report
ALM: 05 07/15/2021 16:12:13.000 Reports Memory Full
ALM: 05 07/15/2021 16:22:13.000 Reports Memory Full
ALM: 05 07/15/2021 16:32:13.000 Reports Memory Full
ALM: 05 07/15/2021 16:42:13.000 Reports Memory Full
ALM: 05 07/15/2021 16:52:13.000 Reports Memory Full
ALM: 05 07/15/2021 17:02:13.000 Reports Memory Full
INF: Start Of Noise Report
  Present Noise:                    164 mV (18%)
  Maximum Noise:                    473 mV (52%)
  Average Noise:                    147 mV (16%)
  Time Averaged Over:                    1:00:00
NRP: 05 07/15/2021 17:03:43.000 18,52,16,3600
INF: End Of Noise Report
ALM: 05 07/15/2021 17:12:13.000 Reports Memory Full
ALM: 05 07/15/2021 17:22:13.000 Reports Memory Full
ALM: 05 07/15/2021 17:32:13.000 Reports Memory Full
ALM: 05 07/15/2021 17:42:13.000 Reports Memory Full
ALM: 05 07/15/2021 17:52:13.000 Reports Memory Full
ALM: 05 07/15/2021 18:02:13.000 Reports Memory Full
INF: Start Of Full Status Report
 Reader:
  ID:                                         05
  Model:                                  IS1001
  S/N:                                 2032.3566
  Date:                               07/15/2021
  Time:                                 18:02:14
  Application Firmware Version:            1.7.1
  Operation Mode:                           Scan
  Network Mode:                IS1001 Standalone
  Exciter Sync. Mode:                 Standalone
  Date/Time Sync.:                      Disabled
  Beeper:                               Disabled
  Tag Display Format:                        DEC
  Initiation Delay:                     Disabled
  Auto Standby Voltages:              16 V, 18 V
  Periodic Standby Start Time:              0:00
  Periodic Standby Duration:            Disabled
  Idling Time:                          Disabled
 Alarms:
  Antenna Current Low Alarm:               0.5 A
  Noise High Alarm:                          75%
  Tuning Capacit. High Alarm:                970
  Tuning Capacit. Low Alarm:                  50
  Alarms Unique Delay:                   600 sec
 Antenna/Tuning:
  Exciter Voltage Level:                       5
  Dynamic Tuning:                        Enabled
  Tuning Target Phase:                       391
  Tuning Target Phase Deviation Threshold:     4
 Communication:
  Local Port Speed:                       115200
  Tags To Local Port:                    Enabled
  Alarms To Local Port:                  Enabled
  Messages To Local Port:                Enabled
  Remote Port Protocol:                    ASCII
  Remote Port Transfer Rate:                Full
 Detection:
  HDX Tag Detection:                    Disabled
  Fastag Detection:                     Disabled
  FDXB Tag Signal Level Detection:      Disabled
  BioTherm Tag Temperature Detection:   Disabled
  Detection Counter Enabled:                 Yes
  Unique Mode:                             Delay
  Unique Delay:                           60 sec
  FDXB Detection Scan Time:               120 ms
  VTT Level:                                 128
  Auto VTT Delay:                        720 min
 Measurements:
  Antenna Current Gain:                      115
  Antenna Current Offset:                    110
 Memory:
  Tags Memory Size:                        78583
  Status Reports Memory Size:               1023
  Store Tags To Memory:                  Enabled
  Store VTT To Memory:                   Enabled
  Store Stat. Reports To Memory:         Enabled
 Reports:
  Auto Noise Report Delay:                60 min
  Auto Status Report Delay:              240 min
 Diagnostics:
  Detection Counter:                           0
  Tags In Memory:                      1734 (2%)
  Status Reports In Memory:           1020 (99%)
  Input Voltage:                          24.2 V
  Exciter Voltage:                        20.1 V
  Antenna Tuning:                          Tuned
  Antenna Current:                         5.6 A
  Tuning Capacitors:                         314
  Tuning Phase:                              388
  Tuning Relative Phase:                       3
  FDXB Signal Level:                150 mV (16%)
  Temperature:                            34.9 C
  Sync. Input Present:                       N/A
  Sec. Master Active:                        N/A
 Active Alarms:
  Reports Memory Full
SRP: 05 07/15/2021 18:02:14.600 16,0,0,2,5,3,314,2,99,242,201,56,16,388,349,21,0,0,0,0
INF: End Of Full Status Report
INF: Start Of Noise Report
  Present Noise:                    144 mV (16%)
  Maximum Noise:                    242 mV (26%)
  Average Noise:                    147 mV (16%)
  Time Averaged Over:                    1:00:00
NRP: 05 07/15/2021 18:03:43.000 16,26,16,3600
INF: End Of Noise Report
ALM: 05 07/15/2021 18:12:13.000 Reports Memory Full
ALM: 05 07/15/2021 18:22:13.000 Reports Memory Full
ALM: 05 07/15/2021 18:32:13.000 Reports Memory Full
ALM: 05 07/15/2021 18:42:13.000 Reports Memory Full
ALM: 05 07/15/2021 18:52:13.000 Reports Memory Full
ALM: 05 07/15/2021 19:02:13.000 Reports Memory Full
INF: Start Of Noise Report
  Present Noise:                    139 mV (15%)
  Maximum Noise:                    748 mV (83%)
  Average Noise:                    148 mV (16%)
  Time Averaged Over:                    1:00:00
NRP: 05 07/15/2021 19:03:43.000 15,83,16,3600
INF: End Of Noise Report
ALM: 05 07/15/2021 19:12:13.000 Reports Memory Full
ALM: 05 07/15/2021 19:22:13.000 Reports Memory Full
ALM: 05 07/15/2021 19:32:13.000 Reports Memory Full
ALM: 05 07/15/2021 19:42:13.000 Reports Memory Full
ALM: 05 07/15/2021 19:52:13.000 Reports Memory Full
ALM: 05 07/15/2021 20:02:13.000 Reports Memory Full
INF: Start Of Noise Report
  Present Noise:                    149 mV (16%)
  Maximum Noise:                    649 mV (72%)
  Average Noise:                    149 mV (16%)
  Time Averaged Over:                    1:00:00
NRP: 05 07/15/2021 20:03:43.000 16,72,16,3600
INF: End Of Noise Report
MSG: 05 07/15/2021 20:04:39.240 Set Caps = 315, I = 5.6 A, PH = 388, dPH = 3
ALM: 05 07/15/2021 20:12:13.000 Reports Memory Full
ALM: 05 07/15/2021 20:22:13.000 Reports Memory Full
ALM: 05 07/15/2021 20:32:13.000 Reports Memory Full
ALM: 05 07/15/2021 20:42:13.000 Reports Memory Full
ALM: 05 07/15/2021 20:52:13.000 Reports Memory Full
ALM: 05 07/15/2021 21:02:13.000 Reports Memory Full
INF: Start Of Noise Report
  Present Noise:                    147 mV (16%)
  Maximum Noise:                    674 mV (74%)
  Average Noise:                    148 mV (16%)
  Time Averaged Over:                    1:00:00
NRP: 05 07/15/2021 21:03:43.000 16,74,16,3600
INF: End Of Noise Report
ALM: 05 07/15/2021 21:12:13.000 Reports Memory Full
ALM: 05 07/15/2021 21:22:13.000 Reports Memory Full
MSG: 05 07/15/2021 21:31:29.940 Set Caps = 316, I = 5.6 A, PH = 392, dPH = -1
MSG: 05 07/15/2021 21:31:30.040 Set Caps = 315, I = 5.6 A, PH = 394, dPH = -3
ALM: 05 07/15/2021 21:32:13.000 Reports Memory Full
ALM: 05 07/15/2021 21:42:13.000 Reports Memory Full
ALM: 05 07/15/2021 21:52:13.000 Reports Memory Full
ALM: 05 07/15/2021 22:02:13.000 Reports Memory Full
MSG: 05 07/15/2021 22:02:14.100 Test Tag Single Shot Fired
TAG: 05 07/15/2021 22:02:14.130 999.000000007429
MSG: 05 07/15/2021 22:02:14.130 VTT Test Passed
INF: Start Of Full Status Report
 Reader:
  ID:                                         05
  Model:                                  IS1001
  S/N:                                 2032.3566
  Date:                               07/15/2021
  Time:                                 22:02:24
  Application Firmware Version:            1.7.1
  Operation Mode:                           Scan
  Network Mode:                IS1001 Standalone
  Exciter Sync. Mode:                 Standalone
  Date/Time Sync.:                      Disabled
  Beeper:                               Disabled
  Tag Display Format:                        DEC
  Initiation Delay:                     Disabled
  Auto Standby Voltages:              16 V, 18 V
  Periodic Standby Start Time:              0:00
  Periodic Standby Duration:            Disabled
  Idling Time:                          Disabled
 Alarms:
  Antenna Current Low Alarm:               0.5 A
  Noise High Alarm:                          75%
  Tuning Capacit. High Alarm:                970
  Tuning Capacit. Low Alarm:                  50
  Alarms Unique Delay:                   600 sec
 Antenna/Tuning:
  Exciter Voltage Level:                       5
  Dynamic Tuning:                        Enabled
  Tuning Target Phase:                       391
  Tuning Target Phase Deviation Threshold:     4
 Communication:
  Local Port Speed:                       115200
  Tags To Local Port:                    Enabled
  Alarms To Local Port:                  Enabled
  Messages To Local Port:                Enabled
  Remote Port Protocol:                    ASCII
  Remote Port Transfer Rate:                Full
 Detection:
  HDX Tag Detection:                    Disabled
  Fastag Detection:                     Disabled
  FDXB Tag Signal Level Detection:      Disabled
  BioTherm Tag Temperature Detection:   Disabled
  Detection Counter Enabled:                 Yes
  Unique Mode:                             Delay
  Unique Delay:                           60 sec
  FDXB Detection Scan Time:               120 ms
  VTT Level:                                 128
  Auto VTT Delay:                        720 min
 Measurements:
  Antenna Current Gain:                      115
  Antenna Current Offset:                    110
 Memory:
  Tags Memory Size:                        78583
  Status Reports Memory Size:               1023
  Store Tags To Memory:                  Enabled
  Store VTT To Memory:                   Enabled
  Store Stat. Reports To Memory:         Enabled
 Reports:
  Auto Noise Report Delay:                60 min
  Auto Status Report Delay:              240 min
 Diagnostics:
  Detection Counter:                           0
  Tags In Memory:                      1735 (2%)
  Status Reports In Memory:           1021 (99%)
  Input Voltage:                          24.2 V
  Exciter Voltage:                        20.1 V
  Antenna Tuning:                          Tuned
  Antenna Current:                         5.6 A
  Tuning Capacitors:                         315
  Tuning Phase:                              392
  Tuning Relative Phase:                      -1
  FDXB Signal Level:                157 mV (17%)
  Temperature:                            33.2 C
  Sync. Input Present:                       N/A
  Sec. Master Active:                        N/A
 Active Alarms:
  Reports Memory Full
SRP: 05 07/15/2021 22:02:24.100 16,0,0,2,5,-1,315,2,99,242,201,56,17,392,332,21,0,0,0,0
INF: End Of Full Status Report
INF: Start Of Noise Report
  Present Noise:                    145 mV (16%)
  Maximum Noise:                    779 mV (86%)
  Average Noise:                    154 mV (17%)
  Time Averaged Over:                    1:00:00
NRP: 05 07/15/2021 22:03:43.000 16,86,17,3600
INF: End Of Noise Report
ALM: 05 07/15/2021 22:12:13.000 Reports Memory Full
ALM: 05 07/15/2021 22:22:13.000 Reports Memory Full
ALM: 05 07/15/2021 22:32:13.000 Reports Memory Full
ALM: 05 07/15/2021 22:42:13.000 Reports Memory Full
ALM: 05 07/15/2021 22:52:13.000 Reports Memory Full
ALM: 05 07/15/2021 23:02:13.000 Reports Memory Full
INF: Start Of Noise Report
  Present Noise:                    145 mV (16%)
  Maximum Noise:                    681 mV (75%)
  Average Noise:                    152 mV (16%)
  Time Averaged Over:                    1:00:00
NRP: 05 07/15/2021 23:03:43.000 16,75,16,3600
INF: End Of Noise Report
ALM: 05 07/15/2021 23:12:13.000 Reports Memory Full
ALM: 05 07/15/2021 23:22:13.000 Reports Memory Full
ALM: 05 07/15/2021 23:32:13.000 Reports Memory Full
ALM: 05 07/15/2021 23:42:13.000 Reports Memory Full
ALM: 05 07/15/2021 23:52:13.000 Reports Memory Full
