ALM: 05 07/24/2021 00:02:13.000 Reports Memory Full
INF: Start Of Noise Report
  Present Noise:                    159 mV (17%)
  Maximum Noise:                    326 mV (36%)
  Average Noise:                    160 mV (17%)
  Time Averaged Over:                    1:00:00
NRP: 05 07/24/2021 00:03:43.000 17,36,17,3600
INF: End Of Noise Report
ALM: 05 07/24/2021 00:12:13.000 Reports Memory Full
ALM: 05 07/24/2021 00:22:13.000 Reports Memory Full
ALM: 05 07/24/2021 00:32:13.000 Reports Memory Full
ALM: 05 07/24/2021 00:42:13.000 Reports Memory Full
ALM: 05 07/24/2021 00:52:13.000 Reports Memory Full
ALM: 05 07/24/2021 01:02:13.000 Reports Memory Full
INF: Start Of Noise Report
  Present Noise:                    140 mV (15%)
  Maximum Noise:                    322 mV (35%)
  Average Noise:                    161 mV (17%)
  Time Averaged Over:                    1:00:00
NRP: 05 07/24/2021 01:03:43.000 15,35,17,3600
INF: End Of Noise Report
ALM: 05 07/24/2021 01:12:13.000 Reports Memory Full
ALM: 05 07/24/2021 01:22:13.000 Reports Memory Full
ALM: 05 07/24/2021 01:32:13.000 Reports Memory Full
ALM: 05 07/24/2021 01:42:13.000 Reports Memory Full
ALM: 05 07/24/2021 01:52:13.000 Reports Memory Full
ALM: 05 07/24/2021 02:02:13.000 Reports Memory Full
INF: Start Of Full Status Report
 Reader:
  ID:                                         05
  Model:                                  IS1001
  S/N:                                 2032.3566
  Date:                               07/24/2021
  Time:                                 02:02:14
  Application Firmware Version:            1.7.1
  Operation Mode:                           Scan
  Network Mode:                IS1001 Standalone
  Exciter Sync. Mode:                 Standalone
  Date/Time Sync.:                      Disabled
  Beeper:                               Disabled
  Tag Display Format:                        DEC
  Initiation Delay:                     Disabled
  Auto Standby Voltages:              16 V, 18 V
  Periodic Standby Start Time:              0:00
  Periodic Standby Duration:            Disabled
  Idling Time:                          Disabled
 Alarms:
  Antenna Current Low Alarm:               0.5 A
  Noise High Alarm:                          75%
  Tuning Capacit. High Alarm:                970
  Tuning Capacit. Low Alarm:                  50
  Alarms Unique Delay:                   600 sec
 Antenna/Tuning:
  Exciter Voltage Level:                       5
  Dynamic Tuning:                        Enabled
  Tuning Target Phase:                       391
  Tuning Target Phase Deviation Threshold:     4
 Communication:
  Local Port Speed:                       115200
  Tags To Local Port:                    Enabled
  Alarms To Local Port:                  Enabled
  Messages To Local Port:                Enabled
  Remote Port Protocol:                    ASCII
  Remote Port Transfer Rate:                Full
 Detection:
  HDX Tag Detection:                    Disabled
  Fastag Detection:                     Disabled
  FDXB Tag Signal Level Detection:      Disabled
  BioTherm Tag Temperature Detection:   Disabled
  Detection Counter Enabled:                 Yes
  Unique Mode:                             Delay
  Unique Delay:                           60 sec
  FDXB Detection Scan Time:               120 ms
  VTT Level:                                 128
  Auto VTT Delay:                        720 min
 Measurements:
  Antenna Current Gain:                      115
  Antenna Current Offset:                    110
 Memory:
  Tags Memory Size:                        78583
  Status Reports Memory Size:               1023
  Store Tags To Memory:                  Enabled
  Store VTT To Memory:                   Enabled
  Store Stat. Reports To Memory:         Enabled
 Reports:
  Auto Noise Report Delay:                60 min
  Auto Status Report Delay:              240 min
 Diagnostics:
  Detection Counter:                           6
  Tags In Memory:                      1757 (2%)
  Status Reports In Memory:           1022 (99%)
  Input Voltage:                          24.3 V
  Exciter Voltage:                        20.1 V
  Antenna Tuning:                          Tuned
  Antenna Current:                         5.6 A
  Tuning Capacitors:                         315
  Tuning Phase:                              393
  Tuning Relative Phase:                      -2
  FDXB Signal Level:                145 mV (16%)
  Temperature:                            35.1 C
  Sync. Input Present:                       N/A
  Sec. Master Active:                        N/A
 Active Alarms:
  Reports Memory Full
SRP: 05 07/24/2021 02:02:14.600 16,0,0,2,5,-2,315,2,99,243,201,56,16,393,351,21,0,0,0,0
INF: End Of Full Status Report
INF: Start Of Noise Report
  Present Noise:                    171 mV (19%)
  Maximum Noise:                    302 mV (33%)
  Average Noise:                    164 mV (18%)
  Time Averaged Over:                    1:00:00
NRP: 05 07/24/2021 02:03:43.000 19,33,18,3600
INF: End Of Noise Report
ALM: 05 07/24/2021 02:12:13.000 Reports Memory Full
ALM: 05 07/24/2021 02:22:13.000 Reports Memory Full
TAG: 05 07/24/2021 02:29:42.550 989.001034203245
ALM: 05 07/24/2021 02:32:13.000 Reports Memory Full
ALM: 05 07/24/2021 02:42:13.000 Reports Memory Full
ALM: 05 07/24/2021 02:52:13.000 Reports Memory Full
ALM: 05 07/24/2021 03:02:13.000 Reports Memory Full
INF: Start Of Noise Report
  Present Noise:                    179 mV (19%)
  Maximum Noise:                    350 mV (38%)
  Average Noise:                    168 mV (18%)
  Time Averaged Over:                    1:00:00
NRP: 05 07/24/2021 03:03:43.000 19,38,18,3600
INF: End Of Noise Report
ALM: 05 07/24/2021 03:12:13.000 Reports Memory Full
ALM: 05 07/24/2021 03:22:13.000 Reports Memory Full
ALM: 05 07/24/2021 03:32:13.000 Reports Memory Full
ALM: 05 07/24/2021 03:42:13.000 Reports Memory Full
ALM: 05 07/24/2021 03:52:13.000 Reports Memory Full
ALM: 05 07/24/2021 04:02:13.000 Reports Memory Full
INF: Start Of Noise Report
  Present Noise:                    155 mV (17%)
  Maximum Noise:                    354 mV (39%)
  Average Noise:                    164 mV (18%)
  Time Averaged Over:                    1:00:00
NRP: 05 07/24/2021 04:03:43.000 17,39,18,3600
INF: End Of Noise Report
ALM: 05 07/24/2021 04:12:13.000 Reports Memory Full
ALM: 05 07/24/2021 04:22:13.000 Reports Memory Full
ALM: 05 07/24/2021 04:32:13.000 Reports Memory Full
ALM: 05 07/24/2021 04:42:13.000 Reports Memory Full
ALM: 05 07/24/2021 04:52:13.000 Reports Memory Full
ALM: 05 07/24/2021 05:02:13.000 Reports Memory Full
INF: Start Of Noise Report
  Present Noise:                    139 mV (15%)
  Maximum Noise:                    472 mV (52%)
  Average Noise:                    161 mV (17%)
  Time Averaged Over:                    1:00:00
NRP: 05 07/24/2021 05:03:43.000 15,52,17,3600
INF: End Of Noise Report
ALM: 05 07/24/2021 05:12:13.000 Reports Memory Full
ALM: 05 07/24/2021 05:22:13.000 Reports Memory Full
ALM: 05 07/24/2021 05:32:13.000 Reports Memory Full
ALM: 05 07/24/2021 05:42:13.000 Reports Memory Full
ALM: 05 07/24/2021 05:52:13.000 Reports Memory Full
ALM: 05 07/24/2021 06:02:13.000 Reports Memory Full
INF: Start Of Full Status Report
 Reader:
  ID:                                         05
  Model:                                  IS1001
  S/N:                                 2032.3566
  Date:                               07/24/2021
  Time:                                 06:02:14
  Application Firmware Version:            1.7.1
  Operation Mode:                           Scan
  Network Mode:                IS1001 Standalone
  Exciter Sync. Mode:                 Standalone
  Date/Time Sync.:                      Disabled
  Beeper:                               Disabled
  Tag Display Format:                        DEC
  Initiation Delay:                     Disabled
  Auto Standby Voltages:              16 V, 18 V
  Periodic Standby Start Time:              0:00
  Periodic Standby Duration:            Disabled
  Idling Time:                          Disabled
 Alarms:
  Antenna Current Low Alarm:               0.5 A
  Noise High Alarm:                          75%
  Tuning Capacit. High Alarm:                970
  Tuning Capacit. Low Alarm:                  50
  Alarms Unique Delay:                   600 sec
 Antenna/Tuning:
  Exciter Voltage Level:                       5
  Dynamic Tuning:                        Enabled
  Tuning Target Phase:                       391
  Tuning Target Phase Deviation Threshold:     4
 Communication:
  Local Port Speed:                       115200
  Tags To Local Port:                    Enabled
  Alarms To Local Port:                  Enabled
  Messages To Local Port:                Enabled
  Remote Port Protocol:                    ASCII
  Remote Port Transfer Rate:                Full
 Detection:
  HDX Tag Detection:                    Disabled
  Fastag Detection:                     Disabled
  FDXB Tag Signal Level Detection:      Disabled
  BioTherm Tag Temperature Detection:   Disabled
  Detection Counter Enabled:                 Yes
  Unique Mode:                             Delay
  Unique Delay:                           60 sec
  FDXB Detection Scan Time:               120 ms
  VTT Level:                                 128
  Auto VTT Delay:                        720 min
 Measurements:
  Antenna Current Gain:                      115
  Antenna Current Offset:                    110
 Memory:
  Tags Memory Size:                        78583
  Status Reports Memory Size:               1023
  Store Tags To Memory:                  Enabled
  Store VTT To Memory:                   Enabled
  Store Stat. Reports To Memory:         Enabled
 Reports:
  Auto Noise Report Delay:                60 min
  Auto Status Report Delay:              240 min
 Diagnostics:
  Detection Counter:                           7
  Tags In Memory:                      1758 (2%)
  Status Reports In Memory:          1023 (100%)
  Input Voltage:                          24.3 V
  Exciter Voltage:                        20.1 V
  Antenna Tuning:                          Tuned
  Antenna Current:                         5.6 A
  Tuning Capacitors:                         315
  Tuning Phase:                              393
  Tuning Relative Phase:                      -2
  FDXB Signal Level:                171 mV (19%)
  Temperature:                            35.0 C
  Sync. Input Present:                       N/A
  Sec. Master Active:                        N/A
 Active Alarms:
  Reports Memory Full
SRP: 05 07/24/2021 06:02:14.600 16,0,0,2,5,-2,315,2,100,243,201,56,19,393,350,21,0,0,0,0
INF: End Of Full Status Report
INF: Start Of Noise Report
  Present Noise:                    164 mV (18%)
  Maximum Noise:                    332 mV (36%)
  Average Noise:                    161 mV (17%)
  Time Averaged Over:                    1:00:00
NRP: 05 07/24/2021 06:03:43.000 18,36,17,3600
INF: End Of Noise Report
ALM: 05 07/24/2021 06:12:13.000 Reports Memory Full
ALM: 05 07/24/2021 06:22:13.000 Reports Memory Full
ALM: 05 07/24/2021 06:32:13.000 Reports Memory Full
ALM: 05 07/24/2021 06:42:13.000 Reports Memory Full
ALM: 05 07/24/2021 06:52:13.000 Reports Memory Full
ALM: 05 07/24/2021 07:02:13.000 Reports Memory Full
INF: Start Of Noise Report
  Present Noise:                    157 mV (17%)
  Maximum Noise:                    358 mV (39%)
  Average Noise:                    161 mV (17%)
  Time Averaged Over:                    1:00:00
NRP: 05 07/24/2021 07:03:43.000 17,39,17,3600
INF: End Of Noise Report
ALM: 05 07/24/2021 07:12:13.000 Reports Memory Full
ALM: 05 07/24/2021 07:22:13.000 Reports Memory Full
ALM: 05 07/24/2021 07:32:13.000 Reports Memory Full
ALM: 05 07/24/2021 07:42:13.000 Reports Memory Full
ALM: 05 07/24/2021 07:52:13.000 Reports Memory Full
ALM: 05 07/24/2021 08:02:13.000 Reports Memory Full
INF: Start Of Noise Report
  Present Noise:                    180 mV (20%)
  Maximum Noise:                    492 mV (54%)
  Average Noise:                    160 mV (17%)
  Time Averaged Over:                    1:00:00
NRP: 05 07/24/2021 08:03:43.000 20,54,17,3600
INF: End Of Noise Report
ALM: 05 07/24/2021 08:12:13.000 Reports Memory Full
ALM: 05 07/24/2021 08:22:13.000 Reports Memory Full
ALM: 05 07/24/2021 08:32:13.000 Reports Memory Full
ALM: 05 07/24/2021 08:42:13.000 Reports Memory Full
ALM: 05 07/24/2021 08:52:13.000 Reports Memory Full
ALM: 05 07/24/2021 09:02:13.000 Reports Memory Full
INF: Start Of Noise Report
  Present Noise:                    167 mV (18%)
  Maximum Noise:                    263 mV (29%)
  Average Noise:                    161 mV (17%)
  Time Averaged Over:                    1:00:00
NRP: 05 07/24/2021 09:03:43.000 18,29,17,3600
INF: End Of Noise Report
ALM: 05 07/24/2021 09:12:13.000 Reports Memory Full
ALM: 05 07/24/2021 09:22:13.000 Reports Memory Full
ALM: 05 07/24/2021 09:32:13.000 Reports Memory Full
ALM: 05 07/24/2021 09:42:13.000 Reports Memory Full
ALM: 05 07/24/2021 09:52:13.000 Reports Memory Full
ALM: 05 07/24/2021 10:02:13.000 Reports Memory Full
MSG: 05 07/24/2021 10:02:14.100 Test Tag Single Shot Fired
TAG: 05 07/24/2021 10:02:14.130 999.000000007429
MSG: 05 07/24/2021 10:02:14.130 VTT Test Passed
INF: Start Of Full Status Report
 Reader:
  ID:                                         05
  Model:                                  IS1001
  S/N:                                 2032.3566
  Date:                               07/24/2021
  Time:                                 10:02:24
  Application Firmware Version:            1.7.1
  Operation Mode:                           Scan
  Network Mode:                IS1001 Standalone
  Exciter Sync. Mode:                 Standalone
  Date/Time Sync.:                      Disabled
  Beeper:                               Disabled
  Tag Display Format:                        DEC
  Initiation Delay:                     Disabled
  Auto Standby Voltages:              16 V, 18 V
  Periodic Standby Start Time:              0:00
  Periodic Standby Duration:            Disabled
  Idling Time:                          Disabled
 Alarms:
  Antenna Current Low Alarm:               0.5 A
  Noise High Alarm:                          75%
  Tuning Capacit. High Alarm:                970
  Tuning Capacit. Low Alarm:                  50
  Alarms Unique Delay:                   600 sec
 Antenna/Tuning:
  Exciter Voltage Level:                       5
  Dynamic Tuning:                        Enabled
  Tuning Target Phase:                       391
  Tuning Target Phase Deviation Threshold:     4
 Communication:
  Local Port Speed:                       115200
  Tags To Local Port:                    Enabled
  Alarms To Local Port:                  Enabled
  Messages To Local Port:                Enabled
  Remote Port Protocol:                    ASCII
  Remote Port Transfer Rate:                Full
 Detection:
  HDX Tag Detection:                    Disabled
  Fastag Detection:                     Disabled
  FDXB Tag Signal Level Detection:      Disabled
  BioTherm Tag Temperature Detection:   Disabled
  Detection Counter Enabled:                 Yes
  Unique Mode:                             Delay
  Unique Delay:                           60 sec
  FDXB Detection Scan Time:               120 ms
  VTT Level:                                 128
  Auto VTT Delay:                        720 min
 Measurements:
  Antenna Current Gain:                      115
  Antenna Current Offset:                    110
 Memory:
  Tags Memory Size:                        78583
  Status Reports Memory Size:               1023
  Store Tags To Memory:                  Enabled
  Store VTT To Memory:                   Enabled
  Store Stat. Reports To Memory:         Enabled
 Reports:
  Auto Noise Report Delay:                60 min
  Auto Status Report Delay:              240 min
 Diagnostics:
  Detection Counter:                           7
  Tags In Memory:                      1759 (2%)
  Status Reports In Memory:           1020 (99%)
  Input Voltage:                          24.3 V
  Exciter Voltage:                        20.1 V
  Antenna Tuning:                          Tuned
  Antenna Current:                         5.6 A
  Tuning Capacitors:                         315
  Tuning Phase:                              393
  Tuning Relative Phase:                      -2
  FDXB Signal Level:                152 mV (16%)
  Temperature:                            35.5 C
  Sync. Input Present:                       N/A
  Sec. Master Active:                        N/A
 Active Alarms:
  Reports Memory Full
SRP: 05 07/24/2021 10:02:24.100 16,0,0,2,5,-2,315,2,99,243,201,56,16,393,355,21,0,0,0,0
INF: End Of Full Status Report
INF: Start Of Noise Report
  Present Noise:                    159 mV (17%)
  Maximum Noise:                    264 mV (29%)
  Average Noise:                    161 mV (17%)
  Time Averaged Over:                    1:00:00
NRP: 05 07/24/2021 10:03:43.000 17,29,17,3600
INF: End Of Noise Report
ALM: 05 07/24/2021 10:12:13.000 Reports Memory Full
ALM: 05 07/24/2021 10:22:13.000 Reports Memory Full
ALM: 05 07/24/2021 10:32:13.000 Reports Memory Full
ALM: 05 07/24/2021 10:42:13.000 Reports Memory Full
ALM: 05 07/24/2021 10:52:13.000 Reports Memory Full
ALM: 05 07/24/2021 11:02:13.000 Reports Memory Full
INF: Start Of Noise Report
  Present Noise:                    158 mV (17%)
  Maximum Noise:                    261 mV (29%)
  Average Noise:                    159 mV (17%)
  Time Averaged Over:                    1:00:00
NRP: 05 07/24/2021 11:03:43.000 17,29,17,3600
INF: End Of Noise Report
ALM: 05 07/24/2021 11:12:13.000 Reports Memory Full
ALM: 05 07/24/2021 11:22:13.000 Reports Memory Full
ALM: 05 07/24/2021 11:32:13.000 Reports Memory Full
ALM: 05 07/24/2021 11:42:13.000 Reports Memory Full
ALM: 05 07/24/2021 11:52:13.000 Reports Memory Full
ALM: 05 07/24/2021 12:02:13.000 Reports Memory Full
INF: Start Of Noise Report
  Present Noise:                    145 mV (16%)
  Maximum Noise:                    200 mV (22%)
  Average Noise:                    150 mV (16%)
  Time Averaged Over:                    1:00:00
NRP: 05 07/24/2021 12:03:43.000 16,22,16,3600
INF: End Of Noise Report
ALM: 05 07/24/2021 12:12:13.000 Reports Memory Full
ALM: 05 07/24/2021 12:22:13.000 Reports Memory Full
ALM: 05 07/24/2021 12:32:13.000 Reports Memory Full
ALM: 05 07/24/2021 12:42:13.000 Reports Memory Full
ALM: 05 07/24/2021 12:52:13.000 Reports Memory Full
ALM: 05 07/24/2021 13:02:13.000 Reports Memory Full
INF: Start Of Noise Report
  Present Noise:                    137 mV (15%)
  Maximum Noise:                    204 mV (22%)
  Average Noise:                    148 mV (16%)
  Time Averaged Over:                    1:00:00
NRP: 05 07/24/2021 13:03:43.000 15,22,16,3600
INF: End Of Noise Report
ALM: 05 07/24/2021 13:05:05.500 Input Voltage Low
ALM: 05 07/24/2021 13:05:05.600 Exciter Voltage Low
ALM: 05 07/24/2021 13:12:13.000 Reports Memory Full
ALM: 05 07/24/2021 13:15:05.500 Input Voltage Low
ALM: 05 07/24/2021 13:15:05.600 Exciter Voltage Low
ALM: 05 07/24/2021 13:22:13.000 Reports Memory Full
ALM: 05 07/24/2021 13:25:05.500 Input Voltage Low
ALM: 05 07/24/2021 13:25:05.600 Exciter Voltage Low
ALM: 05 07/24/2021 13:32:13.000 Reports Memory Full
ALM: 05 07/24/2021 13:35:05.500 Input Voltage Low
ALM: 05 07/24/2021 13:35:05.600 Exciter Voltage Low
ALM: 05 07/24/2021 13:42:13.000 Reports Memory Full
ALM: 05 07/24/2021 13:45:05.500 Input Voltage Low
ALM: 05 07/24/2021 13:45:05.600 Exciter Voltage Low
ALM: 05 07/24/2021 13:52:13.000 Reports Memory Full
ALM: 05 07/24/2021 13:55:05.500 Input Voltage Low
ALM: 05 07/24/2021 13:55:05.600 Exciter Voltage Low
ALM: 05 07/24/2021 14:02:13.000 Reports Memory Full
INF: Start Of Full Status Report
 Reader:
  ID:                                         05
  Model:                                  IS1001
  S/N:                                 2032.3566
  Date:                               07/24/2021
  Time:                                 14:02:14
  Application Firmware Version:            1.7.1
  Operation Mode:                           Scan
  Network Mode:                IS1001 Standalone
  Exciter Sync. Mode:                 Standalone
  Date/Time Sync.:                      Disabled
  Beeper:                               Disabled
  Tag Display Format:                        DEC
  Initiation Delay:                     Disabled
  Auto Standby Voltages:              16 V, 18 V
  Periodic Standby Start Time:              0:00
  Periodic Standby Duration:            Disabled
  Idling Time:                          Disabled
 Alarms:
  Antenna Current Low Alarm:               0.5 A
  Noise High Alarm:                          75%
  Tuning Capacit. High Alarm:                970
  Tuning Capacit. Low Alarm:                  50
  Alarms Unique Delay:                   600 sec
 Antenna/Tuning:
  Exciter Voltage Level:                       5
  Dynamic Tuning:                        Enabled
  Tuning Target Phase:                       391
  Tuning Target Phase Deviation Threshold:     4
 Communication:
  Local Port Speed:                       115200
  Tags To Local Port:                    Enabled
  Alarms To Local Port:                  Enabled
  Messages To Local Port:                Enabled
  Remote Port Protocol:                    ASCII
  Remote Port Transfer Rate:                Full
 Detection:
  HDX Tag Detection:                    Disabled
  Fastag Detection:                     Disabled
  FDXB Tag Signal Level Detection:      Disabled
  BioTherm Tag Temperature Detection:   Disabled
  Detection Counter Enabled:                 Yes
  Unique Mode:                             Delay
  Unique Delay:                           60 sec
  FDXB Detection Scan Time:               120 ms
  VTT Level:                                 128
  Auto VTT Delay:                        720 min
 Measurements:
  Antenna Current Gain:                      115
  Antenna Current Offset:                    110
 Memory:
  Tags Memory Size:                        78583
  Status Reports Memory Size:               1023
  Store Tags To Memory:                  Enabled
  Store VTT To Memory:                   Enabled
  Store Stat. Reports To Memory:         Enabled
 Reports:
  Auto Noise Report Delay:                60 min
  Auto Status Report Delay:              240 min
 Diagnostics:
  Detection Counter:                           7
  Tags In Memory:                      1759 (2%)
  Status Reports In Memory:           1021 (99%)
  Input Voltage:                          20.2 V
  Exciter Voltage:                        18.4 V
  Antenna Tuning:                          Tuned
  Antenna Current:                         5.2 A
  Tuning Capacitors:                         315
  Tuning Phase:                              392
  Tuning Relative Phase:                      -1
  FDXB Signal Level:                302 mV (33%)
  Temperature:                            38.6 C
  Sync. Input Present:                       N/A
  Sec. Master Active:                        N/A
 Active Alarms:
  Input Voltage Low
  Exciter Voltage Low
  Reports Memory Full
SRP: 05 07/24/2021 14:02:14.600 16,0,0,2,5,-1,315,2,99,202,184,52,33,392,386,11,12,21,0,0
INF: End Of Full Status Report
INF: Start Of Noise Report
  Present Noise:                    283 mV (31%)
  Maximum Noise:                    365 mV (40%)
  Average Noise:                    296 mV (32%)
  Time Averaged Over:                    1:00:00
NRP: 05 07/24/2021 14:03:43.000 31,40,32,3600
INF: End Of Noise Report
ALM: 05 07/24/2021 14:05:05.500 Input Voltage Low
ALM: 05 07/24/2021 14:05:05.600 Exciter Voltage Low
ALM: 05 07/24/2021 14:12:13.000 Reports Memory Full
ALM: 05 07/24/2021 14:15:05.500 Input Voltage Low
ALM: 05 07/24/2021 14:15:05.600 Exciter Voltage Low
ALM: 05 07/24/2021 14:22:13.000 Reports Memory Full
ALM: 05 07/24/2021 14:25:05.500 Input Voltage Low
ALM: 05 07/24/2021 14:25:05.600 Exciter Voltage Low
ALM: 05 07/24/2021 14:32:13.000 Reports Memory Full
ALM: 05 07/24/2021 14:35:05.500 Input Voltage Low
ALM: 05 07/24/2021 14:35:05.600 Exciter Voltage Low
ALM: 05 07/24/2021 14:42:13.000 Reports Memory Full
ALM: 05 07/24/2021 14:45:05.500 Input Voltage Low
ALM: 05 07/24/2021 14:45:05.600 Exciter Voltage Low
ALM: 05 07/24/2021 14:52:13.000 Reports Memory Full
ALM: 05 07/24/2021 14:55:05.500 Input Voltage Low
ALM: 05 07/24/2021 14:55:05.600 Exciter Voltage Low
ALM: 05 07/24/2021 15:02:13.000 Reports Memory Full
INF: Start Of Noise Report
  Present Noise:                    294 mV (32%)
  Maximum Noise:                    361 mV (40%)
  Average Noise:                    299 mV (33%)
  Time Averaged Over:                    1:00:00
NRP: 05 07/24/2021 15:03:43.000 32,40,33,3600
INF: End Of Noise Report
ALM: 05 07/24/2021 15:05:05.500 Input Voltage Low
ALM: 05 07/24/2021 15:05:05.600 Exciter Voltage Low
ALM: 05 07/24/2021 15:12:13.000 Reports Memory Full
ALM: 05 07/24/2021 15:15:05.500 Input Voltage Low
ALM: 05 07/24/2021 15:15:05.600 Exciter Voltage Low
ALM: 05 07/24/2021 15:22:13.000 Reports Memory Full
ALM: 05 07/24/2021 15:25:05.500 Input Voltage Low
ALM: 05 07/24/2021 15:25:05.600 Exciter Voltage Low
ALM: 05 07/24/2021 15:32:13.000 Reports Memory Full
ALM: 05 07/24/2021 15:35:05.500 Input Voltage Low
ALM: 05 07/24/2021 15:35:05.600 Exciter Voltage Low
ALM: 05 07/24/2021 15:42:13.000 Reports Memory Full
ALM: 05 07/24/2021 15:45:05.500 Input Voltage Low
ALM: 05 07/24/2021 15:45:05.600 Exciter Voltage Low
ALM: 05 07/24/2021 15:52:13.000 Reports Memory Full
ALM: 05 07/24/2021 15:55:05.500 Input Voltage Low
ALM: 05 07/24/2021 15:55:05.600 Exciter Voltage Low
ALM: 05 07/24/2021 16:02:13.000 Reports Memory Full
INF: Start Of Noise Report
  Present Noise:                    318 mV (35%)
  Maximum Noise:                    359 mV (39%)
  Average Noise:                    298 mV (33%)
  Time Averaged Over:                    1:00:00
NRP: 05 07/24/2021 16:03:43.000 35,39,33,3600
INF: End Of Noise Report
ALM: 05 07/24/2021 16:05:05.500 Input Voltage Low
ALM: 05 07/24/2021 16:05:05.600 Exciter Voltage Low
ALM: 05 07/24/2021 16:12:13.000 Reports Memory Full
ALM: 05 07/24/2021 16:15:05.500 Input Voltage Low
ALM: 05 07/24/2021 16:15:05.600 Exciter Voltage Low
ALM: 05 07/24/2021 16:22:13.000 Reports Memory Full
ALM: 05 07/24/2021 16:25:05.500 Input Voltage Low
ALM: 05 07/24/2021 16:25:05.600 Exciter Voltage Low
ALM: 05 07/24/2021 16:32:13.000 Reports Memory Full
ALM: 05 07/24/2021 16:35:05.500 Input Voltage Low
ALM: 05 07/24/2021 16:35:05.600 Exciter Voltage Low
ALM: 05 07/24/2021 16:42:13.000 Reports Memory Full
ALM: 05 07/24/2021 16:45:05.500 Input Voltage Low
ALM: 05 07/24/2021 16:45:05.600 Exciter Voltage Low
ALM: 05 07/24/2021 16:52:13.000 Reports Memory Full
ALM: 05 07/24/2021 16:55:05.500 Input Voltage Low
ALM: 05 07/24/2021 16:55:05.600 Exciter Voltage Low
ALM: 05 07/24/2021 17:02:13.000 Reports Memory Full
INF: Start Of Noise Report
  Present Noise:                             N/A
  Maximum Noise:                    357 mV (39%)
  Average Noise:                    299 mV (33%)
  Time Averaged Over:                    1:00:00
NRP: 05 07/24/2021 17:03:43.000 0,39,33,3600
INF: End Of Noise Report
ALM: 05 07/24/2021 17:05:05.500 Input Voltage Low
ALM: 05 07/24/2021 17:05:05.600 Exciter Voltage Low
ALM: 05 07/24/2021 17:12:13.000 Reports Memory Full
ALM: 05 07/24/2021 17:15:05.500 Input Voltage Low
ALM: 05 07/24/2021 17:15:05.600 Exciter Voltage Low
ALM: 05 07/24/2021 17:22:13.000 Reports Memory Full
ALM: 05 07/24/2021 17:25:05.500 Input Voltage Low
ALM: 05 07/24/2021 17:25:05.600 Exciter Voltage Low
ALM: 05 07/24/2021 17:32:13.000 Reports Memory Full
ALM: 05 07/24/2021 17:35:05.500 Input Voltage Low
ALM: 05 07/24/2021 17:35:05.600 Exciter Voltage Low
ALM: 05 07/24/2021 17:42:13.000 Reports Memory Full
ALM: 05 07/24/2021 17:45:05.500 Input Voltage Low
ALM: 05 07/24/2021 17:45:05.600 Exciter Voltage Low
ALM: 05 07/24/2021 17:52:13.000 Reports Memory Full
ALM: 05 07/24/2021 17:55:05.500 Input Voltage Low
ALM: 05 07/24/2021 17:55:05.600 Exciter Voltage Low
ALM: 05 07/24/2021 18:02:13.000 Reports Memory Full
INF: Start Of Full Status Report
 Reader:
  ID:                                         05
  Model:                                  IS1001
  S/N:                                 2032.3566
  Date:                               07/24/2021
  Time:                                 18:02:14
  Application Firmware Version:            1.7.1
  Operation Mode:                           Scan
  Network Mode:                IS1001 Standalone
  Exciter Sync. Mode:                 Standalone
  Date/Time Sync.:                      Disabled
  Beeper:                               Disabled
  Tag Display Format:                        DEC
  Initiation Delay:                     Disabled
  Auto Standby Voltages:              16 V, 18 V
  Periodic Standby Start Time:              0:00
  Periodic Standby Duration:            Disabled
  Idling Time:                          Disabled
 Alarms:
  Antenna Current Low Alarm:               0.5 A
  Noise High Alarm:                          75%
  Tuning Capacit. High Alarm:                970
  Tuning Capacit. Low Alarm:                  50
  Alarms Unique Delay:                   600 sec
 Antenna/Tuning:
  Exciter Voltage Level:                       5
  Dynamic Tuning:                        Enabled
  Tuning Target Phase:                       391
  Tuning Target Phase Deviation Threshold:     4
 Communication:
  Local Port Speed:                       115200
  Tags To Local Port:                    Enabled
  Alarms To Local Port:                  Enabled
  Messages To Local Port:                Enabled
  Remote Port Protocol:                    ASCII
  Remote Port Transfer Rate:                Full
 Detection:
  HDX Tag Detection:                    Disabled
  Fastag Detection:                     Disabled
  FDXB Tag Signal Level Detection:      Disabled
  BioTherm Tag Temperature Detection:   Disabled
  Detection Counter Enabled:                 Yes
  Unique Mode:                             Delay
  Unique Delay:                           60 sec
  FDXB Detection Scan Time:               120 ms
  VTT Level:                                 128
  Auto VTT Delay:                        720 min
 Measurements:
  Antenna Current Gain:                      115
  Antenna Current Offset:                    110
 Memory:
  Tags Memory Size:                        78583
  Status Reports Memory Size:               1023
  Store Tags To Memory:                  Enabled
  Store VTT To Memory:                   Enabled
  Store Stat. Reports To Memory:         Enabled
 Reports:
  Auto Noise Report Delay:                60 min
  Auto Status Report Delay:              240 min
 Diagnostics:
  Detection Counter:                           7
  Tags In Memory:                      1759 (2%)
  Status Reports In Memory:           1022 (99%)
  Input Voltage:                          20.2 V
  Exciter Voltage:                        18.4 V
  Antenna Tuning:                          Tuned
  Antenna Current:                         5.1 A
  Tuning Capacitors:                         315
  Tuning Phase:                              393
  Tuning Relative Phase:                      -2
  FDXB Signal Level:                323 mV (35%)
  Temperature:                            36.5 C
  Sync. Input Present:                       N/A
  Sec. Master Active:                        N/A
 Active Alarms:
  Input Voltage Low
  Exciter Voltage Low
  Reports Memory Full
SRP: 05 07/24/2021 18:02:14.600 16,0,0,2,5,-2,315,2,99,202,184,51,35,393,365,11,12,21,0,0
INF: End Of Full Status Report
INF: Start Of Noise Report
  Present Noise:                    295 mV (32%)
  Maximum Noise:                    359 mV (39%)
  Average Noise:                    303 mV (33%)
  Time Averaged Over:                    1:00:00
NRP: 05 07/24/2021 18:03:43.000 32,39,33,3600
INF: End Of Noise Report
ALM: 05 07/24/2021 18:05:05.500 Input Voltage Low
ALM: 05 07/24/2021 18:05:05.600 Exciter Voltage Low
ALM: 05 07/24/2021 18:12:13.000 Reports Memory Full
ALM: 05 07/24/2021 18:15:05.500 Input Voltage Low
ALM: 05 07/24/2021 18:15:05.600 Exciter Voltage Low
ALM: 05 07/24/2021 18:22:13.000 Reports Memory Full
ALM: 05 07/24/2021 18:25:05.500 Input Voltage Low
ALM: 05 07/24/2021 18:25:05.600 Exciter Voltage Low
ALM: 05 07/24/2021 18:32:13.000 Reports Memory Full
ALM: 05 07/24/2021 18:35:05.500 Input Voltage Low
ALM: 05 07/24/2021 18:35:05.600 Exciter Voltage Low
ALM: 05 07/24/2021 18:42:13.000 Reports Memory Full
ALM: 05 07/24/2021 18:45:05.500 Input Voltage Low
ALM: 05 07/24/2021 18:45:05.600 Exciter Voltage Low
ALM: 05 07/24/2021 18:52:13.000 Reports Memory Full
ALM: 05 07/24/2021 18:55:05.500 Input Voltage Low
ALM: 05 07/24/2021 18:55:05.600 Exciter Voltage Low
ALM: 05 07/24/2021 19:02:13.000 Reports Memory Full
INF: Start Of Noise Report
  Present Noise:                    289 mV (32%)
  Maximum Noise:                    370 mV (41%)
  Average Noise:                    303 mV (33%)
  Time Averaged Over:                    1:00:00
NRP: 05 07/24/2021 19:03:43.000 32,41,33,3600
INF: End Of Noise Report
ALM: 05 07/24/2021 19:05:05.500 Input Voltage Low
ALM: 05 07/24/2021 19:05:05.600 Exciter Voltage Low
ALM: 05 07/24/2021 19:12:13.000 Reports Memory Full
ALM: 05 07/24/2021 19:15:05.500 Input Voltage Low
ALM: 05 07/24/2021 19:15:05.600 Exciter Voltage Low
ALM: 05 07/24/2021 19:22:13.000 Reports Memory Full
ALM: 05 07/24/2021 19:25:05.500 Input Voltage Low
ALM: 05 07/24/2021 19:25:05.600 Exciter Voltage Low
ALM: 05 07/24/2021 19:32:13.000 Reports Memory Full
ALM: 05 07/24/2021 19:35:05.500 Input Voltage Low
ALM: 05 07/24/2021 19:35:05.600 Exciter Voltage Low
ALM: 05 07/24/2021 19:42:13.000 Reports Memory Full
ALM: 05 07/24/2021 19:45:05.500 Input Voltage Low
ALM: 05 07/24/2021 19:45:05.600 Exciter Voltage Low
ALM: 05 07/24/2021 19:52:13.000 Reports Memory Full
ALM: 05 07/24/2021 19:55:05.500 Input Voltage Low
ALM: 05 07/24/2021 19:55:05.600 Exciter Voltage Low
ALM: 05 07/24/2021 20:02:13.000 Reports Memory Full
INF: Start Of Noise Report
  Present Noise:                    306 mV (34%)
  Maximum Noise:                    371 mV (41%)
  Average Noise:                    303 mV (33%)
  Time Averaged Over:                    1:00:00
NRP: 05 07/24/2021 20:03:43.000 34,41,33,3600
INF: End Of Noise Report
ALM: 05 07/24/2021 20:05:05.500 Input Voltage Low
ALM: 05 07/24/2021 20:05:05.600 Exciter Voltage Low
ALM: 05 07/24/2021 20:12:13.000 Reports Memory Full
ALM: 05 07/24/2021 20:15:05.500 Input Voltage Low
ALM: 05 07/24/2021 20:15:05.600 Exciter Voltage Low
ALM: 05 07/24/2021 20:22:13.000 Reports Memory Full
ALM: 05 07/24/2021 20:25:05.500 Input Voltage Low
ALM: 05 07/24/2021 20:25:05.600 Exciter Voltage Low
ALM: 05 07/24/2021 20:32:13.000 Reports Memory Full
ALM: 05 07/24/2021 20:35:05.500 Input Voltage Low
ALM: 05 07/24/2021 20:35:05.600 Exciter Voltage Low
ALM: 05 07/24/2021 20:42:13.000 Reports Memory Full
ALM: 05 07/24/2021 20:45:05.500 Input Voltage Low
ALM: 05 07/24/2021 20:45:05.600 Exciter Voltage Low
ALM: 05 07/24/2021 20:52:13.000 Reports Memory Full
ALM: 05 07/24/2021 20:55:05.500 Input Voltage Low
ALM: 05 07/24/2021 20:55:05.600 Exciter Voltage Low
ALM: 05 07/24/2021 21:02:13.000 Reports Memory Full
INF: Start Of Noise Report
  Present Noise:                    313 mV (34%)
  Maximum Noise:                    380 mV (42%)
  Average Noise:                    310 mV (34%)
  Time Averaged Over:                    1:00:00
NRP: 05 07/24/2021 21:03:43.000 34,42,34,3600
INF: End Of Noise Report
ALM: 05 07/24/2021 21:05:05.500 Input Voltage Low
ALM: 05 07/24/2021 21:05:05.600 Exciter Voltage Low
ALM: 05 07/24/2021 21:12:13.000 Reports Memory Full
ALM: 05 07/24/2021 21:15:05.500 Input Voltage Low
ALM: 05 07/24/2021 21:15:05.600 Exciter Voltage Low
ALM: 05 07/24/2021 21:22:13.000 Reports Memory Full
ALM: 05 07/24/2021 21:25:05.500 Input Voltage Low
ALM: 05 07/24/2021 21:25:05.600 Exciter Voltage Low
ALM: 05 07/24/2021 21:32:13.000 Reports Memory Full
ALM: 05 07/24/2021 21:35:05.500 Input Voltage Low
ALM: 05 07/24/2021 21:35:05.600 Exciter Voltage Low
ALM: 05 07/24/2021 21:42:13.000 Reports Memory Full
ALM: 05 07/24/2021 21:45:05.500 Input Voltage Low
ALM: 05 07/24/2021 21:45:05.600 Exciter Voltage Low
ALM: 05 07/24/2021 21:52:13.000 Reports Memory Full
ALM: 05 07/24/2021 21:55:05.500 Input Voltage Low
ALM: 05 07/24/2021 21:55:05.600 Exciter Voltage Low
ALM: 05 07/24/2021 22:02:13.000 Reports Memory Full
MSG: 05 07/24/2021 22:02:14.100 Test Tag Single Shot Fired
ALM: 05 07/24/2021 22:02:14.210 VTT Test Failed
INF: Start Of Full Status Report
 Reader:
  ID:                                         05
  Model:                                  IS1001
  S/N:                                 2032.3566
  Date:                               07/24/2021
  Time:                                 22:02:24
  Application Firmware Version:            1.7.1
  Operation Mode:                           Scan
  Network Mode:                IS1001 Standalone
  Exciter Sync. Mode:                 Standalone
  Date/Time Sync.:                      Disabled
  Beeper:                               Disabled
  Tag Display Format:                        DEC
  Initiation Delay:                     Disabled
  Auto Standby Voltages:              16 V, 18 V
  Periodic Standby Start Time:              0:00
  Periodic Standby Duration:            Disabled
  Idling Time:                          Disabled
 Alarms:
  Antenna Current Low Alarm:               0.5 A
  Noise High Alarm:                          75%
  Tuning Capacit. High Alarm:                970
  Tuning Capacit. Low Alarm:                  50
  Alarms Unique Delay:                   600 sec
 Antenna/Tuning:
  Exciter Voltage Level:                       5
  Dynamic Tuning:                        Enabled
  Tuning Target Phase:                       391
  Tuning Target Phase Deviation Threshold:     4
 Communication:
  Local Port Speed:                       115200
  Tags To Local Port:                    Enabled
  Alarms To Local Port:                  Enabled
  Messages To Local Port:                Enabled
  Remote Port Protocol:                    ASCII
  Remote Port Transfer Rate:                Full
 Detection:
  HDX Tag Detection:                    Disabled
  Fastag Detection:                     Disabled
  FDXB Tag Signal Level Detection:      Disabled
  BioTherm Tag Temperature Detection:   Disabled
  Detection Counter Enabled:                 Yes
  Unique Mode:                             Delay
  Unique Delay:                           60 sec
  FDXB Detection Scan Time:               120 ms
  VTT Level:                                 128
  Auto VTT Delay:                        720 min
 Measurements:
  Antenna Current Gain:                      115
  Antenna Current Offset:                    110
 Memory:
  Tags Memory Size:                        78583
  Status Reports Memory Size:               1023
  Store Tags To Memory:                  Enabled
  Store VTT To Memory:                   Enabled
  Store Stat. Reports To Memory:         Enabled
 Reports:
  Auto Noise Report Delay:                60 min
  Auto Status Report Delay:              240 min
 Diagnostics:
  Detection Counter:                           7
  Tags In Memory:                      1759 (2%)
  Status Reports In Memory:          1023 (100%)
  Input Voltage:                          20.6 V
  Exciter Voltage:                        18.7 V
  Antenna Tuning:                          Tuned
  Antenna Current:                         5.2 A
  Tuning Capacitors:                         315
  Tuning Phase:                              394
  Tuning Relative Phase:                      -3
  FDXB Signal Level:                298 mV (33%)
  Temperature:                            35.0 C
  Sync. Input Present:                       N/A
  Sec. Master Active:                        N/A
 Active Alarms:
  VTT Test Failed
  Input Voltage Low
  Exciter Voltage Low
  Reports Memory Full
SRP: 05 07/24/2021 22:02:24.100 16,0,0,2,5,-2,315,2,100,206,187,52,33,393,350,6,11,12,21,0
INF: End Of Full Status Report
INF: Start Of Noise Report
  Present Noise:                    324 mV (36%)
  Maximum Noise:                    384 mV (42%)
  Average Noise:                    316 mV (35%)
  Time Averaged Over:                    1:00:00
NRP: 05 07/24/2021 22:03:43.000 36,42,35,3600
INF: End Of Noise Report
ALM: 05 07/24/2021 22:05:05.500 Input Voltage Low
ALM: 05 07/24/2021 22:05:05.600 Exciter Voltage Low
ALM: 05 07/24/2021 22:12:13.000 Reports Memory Full
ALM: 05 07/24/2021 22:15:05.500 Input Voltage Low
ALM: 05 07/24/2021 22:15:05.600 Exciter Voltage Low
ALM: 05 07/24/2021 22:22:13.000 Reports Memory Full
ALM: 05 07/24/2021 22:25:05.500 Input Voltage Low
ALM: 05 07/24/2021 22:25:05.600 Exciter Voltage Low
ALM: 05 07/24/2021 22:32:13.000 Reports Memory Full
ALM: 05 07/24/2021 22:35:05.500 Input Voltage Low
ALM: 05 07/24/2021 22:35:05.600 Exciter Voltage Low
ALM: 05 07/24/2021 22:42:13.000 Reports Memory Full
ALM: 05 07/24/2021 22:45:05.500 Input Voltage Low
ALM: 05 07/24/2021 22:45:05.600 Exciter Voltage Low
ALM: 05 07/24/2021 22:52:13.000 Reports Memory Full
ALM: 05 07/24/2021 22:55:05.500 Input Voltage Low
ALM: 05 07/24/2021 22:55:05.600 Exciter Voltage Low
ALM: 05 07/24/2021 23:02:13.000 Reports Memory Full
INF: Start Of Noise Report
  Present Noise:                    327 mV (36%)
  Maximum Noise:                    386 mV (42%)
  Average Noise:                    323 mV (35%)
  Time Averaged Over:                    1:00:00
NRP: 05 07/24/2021 23:03:43.000 36,42,35,3600
INF: End Of Noise Report
ALM: 05 07/24/2021 23:05:05.500 Input Voltage Low
ALM: 05 07/24/2021 23:05:05.600 Exciter Voltage Low
ALM: 05 07/24/2021 23:12:13.000 Reports Memory Full
ALM: 05 07/24/2021 23:15:05.500 Input Voltage Low
ALM: 05 07/24/2021 23:15:05.600 Exciter Voltage Low
ALM: 05 07/24/2021 23:22:13.000 Reports Memory Full
ALM: 05 07/24/2021 23:25:05.500 Input Voltage Low
ALM: 05 07/24/2021 23:25:05.600 Exciter Voltage Low
ALM: 05 07/24/2021 23:32:13.000 Reports Memory Full
ALM: 05 07/24/2021 23:35:05.500 Input Voltage Low
ALM: 05 07/24/2021 23:35:05.600 Exciter Voltage Low
ALM: 05 07/24/2021 23:42:13.000 Reports Memory Full
ALM: 05 07/24/2021 23:45:05.500 Input Voltage Low
ALM: 05 07/24/2021 23:45:05.600 Exciter Voltage Low
ALM: 05 07/24/2021 23:52:13.000 Reports Memory Full
ALM: 05 07/24/2021 23:55:05.500 Input Voltage Low
ALM: 05 07/24/2021 23:55:05.600 Exciter Voltage Low
