ALM: 05 07/13/2021 00:02:13.000 Reports Memory Full
INF: Start Of Noise Report
  Present Noise:                    177 mV (19%)
  Maximum Noise:                    276 mV (30%)
  Average Noise:                    181 mV (20%)
  Time Averaged Over:                    1:00:00
NRP: 05 07/13/2021 00:03:43.000 19,30,20,3600
INF: End Of Noise Report
ALM: 05 07/13/2021 00:12:13.000 Reports Memory Full
ALM: 05 07/13/2021 00:22:13.000 Reports Memory Full
ALM: 05 07/13/2021 00:32:13.000 Reports Memory Full
ALM: 05 07/13/2021 00:42:13.000 Reports Memory Full
ALM: 05 07/13/2021 00:52:13.000 Reports Memory Full
ALM: 05 07/13/2021 01:02:13.000 Reports Memory Full
INF: Start Of Noise Report
  Present Noise:                    173 mV (19%)
  Maximum Noise:                    593 mV (65%)
  Average Noise:                    180 mV (20%)
  Time Averaged Over:                    1:00:00
NRP: 05 07/13/2021 01:03:43.000 19,65,20,3600
INF: End Of Noise Report
ALM: 05 07/13/2021 01:12:13.000 Reports Memory Full
ALM: 05 07/13/2021 01:22:13.000 Reports Memory Full
ALM: 05 07/13/2021 01:32:13.000 Reports Memory Full
ALM: 05 07/13/2021 01:42:13.000 Reports Memory Full
ALM: 05 07/13/2021 01:52:13.000 Reports Memory Full
ALM: 05 07/13/2021 02:02:13.000 Reports Memory Full
INF: Start Of Full Status Report
 Reader:
  ID:                                         05
  Model:                                  IS1001
  S/N:                                 2032.3566
  Date:                               07/13/2021
  Time:                                 02:02:14
  Application Firmware Version:            1.7.1
  Operation Mode:                           Scan
  Network Mode:                IS1001 Standalone
  Exciter Sync. Mode:                 Standalone
  Date/Time Sync.:                      Disabled
  Beeper:                               Disabled
  Tag Display Format:                        DEC
  Initiation Delay:                     Disabled
  Auto Standby Voltages:              16 V, 18 V
  Periodic Standby Start Time:              0:00
  Periodic Standby Duration:            Disabled
  Idling Time:                          Disabled
 Alarms:
  Antenna Current Low Alarm:               0.5 A
  Noise High Alarm:                          75%
  Tuning Capacit. High Alarm:                970
  Tuning Capacit. Low Alarm:                  50
  Alarms Unique Delay:                   600 sec
 Antenna/Tuning:
  Exciter Voltage Level:                       5
  Dynamic Tuning:                        Enabled
  Tuning Target Phase:                       391
  Tuning Target Phase Deviation Threshold:     4
 Communication:
  Local Port Speed:                       115200
  Tags To Local Port:                    Enabled
  Alarms To Local Port:                  Enabled
  Messages To Local Port:                Enabled
  Remote Port Protocol:                    ASCII
  Remote Port Transfer Rate:                Full
 Detection:
  HDX Tag Detection:                    Disabled
  Fastag Detection:                     Disabled
  FDXB Tag Signal Level Detection:      Disabled
  BioTherm Tag Temperature Detection:   Disabled
  Detection Counter Enabled:                 Yes
  Unique Mode:                             Delay
  Unique Delay:                           60 sec
  FDXB Detection Scan Time:               120 ms
  VTT Level:                                 128
  Auto VTT Delay:                        720 min
 Measurements:
  Antenna Current Gain:                      115
  Antenna Current Offset:                    110
 Memory:
  Tags Memory Size:                        78583
  Status Reports Memory Size:               1023
  Store Tags To Memory:                  Enabled
  Store VTT To Memory:                   Enabled
  Store Stat. Reports To Memory:         Enabled
 Reports:
  Auto Noise Report Delay:                60 min
  Auto Status Report Delay:              240 min
 Diagnostics:
  Detection Counter:                           0
  Tags In Memory:                      1729 (2%)
  Status Reports In Memory:           1020 (99%)
  Input Voltage:                          24.2 V
  Exciter Voltage:                        20.1 V
  Antenna Tuning:                          Tuned
  Antenna Current:                         5.7 A
  Tuning Capacitors:                         314
  Tuning Phase:                              390
  Tuning Relative Phase:                       1
  FDXB Signal Level:                155 mV (17%)
  Temperature:                            31.9 C
  Sync. Input Present:                       N/A
  Sec. Master Active:                        N/A
 Active Alarms:
  Reports Memory Full
SRP: 05 07/13/2021 02:02:14.600 16,0,0,2,5,1,314,2,99,242,201,57,17,390,319,21,0,0,0,0
INF: End Of Full Status Report
INF: Start Of Noise Report
  Present Noise:                    169 mV (18%)
  Maximum Noise:                    659 mV (73%)
  Average Noise:                    179 mV (19%)
  Time Averaged Over:                    1:00:00
NRP: 05 07/13/2021 02:03:43.000 18,73,19,3600
INF: End Of Noise Report
ALM: 05 07/13/2021 02:12:13.000 Reports Memory Full
ALM: 05 07/13/2021 02:22:13.000 Reports Memory Full
ALM: 05 07/13/2021 02:32:13.000 Reports Memory Full
ALM: 05 07/13/2021 02:42:13.000 Reports Memory Full
ALM: 05 07/13/2021 02:52:13.000 Reports Memory Full
ALM: 05 07/13/2021 03:02:13.000 Reports Memory Full
INF: Start Of Noise Report
  Present Noise:                    172 mV (19%)
  Maximum Noise:                    591 mV (65%)
  Average Noise:                    178 mV (19%)
  Time Averaged Over:                    1:00:00
NRP: 05 07/13/2021 03:03:43.000 19,65,19,3600
INF: End Of Noise Report
ALM: 05 07/13/2021 03:12:13.000 Reports Memory Full
ALM: 05 07/13/2021 03:22:13.000 Reports Memory Full
ALM: 05 07/13/2021 03:32:13.000 Reports Memory Full
ALM: 05 07/13/2021 03:42:13.000 Reports Memory Full
ALM: 05 07/13/2021 03:52:13.000 Reports Memory Full
ALM: 05 07/13/2021 04:02:13.000 Reports Memory Full
INF: Start Of Noise Report
  Present Noise:                    172 mV (19%)
  Maximum Noise:                    434 mV (48%)
  Average Noise:                    178 mV (19%)
  Time Averaged Over:                    1:00:00
NRP: 05 07/13/2021 04:03:43.000 19,48,19,3600
INF: End Of Noise Report
ALM: 05 07/13/2021 04:12:13.000 Reports Memory Full
ALM: 05 07/13/2021 04:22:13.000 Reports Memory Full
MSG: 05 07/13/2021 04:28:22.240 Set Caps = 312, I = 5.5 A, PH = 412, dPH = -21
MSG: 05 07/13/2021 04:28:22.340 Set Caps = 311, I = 5.5 A, PH = 416, dPH = -25
MSG: 05 07/13/2021 04:28:22.440 Set Caps = 310, I = 5.5 A, PH = 409, dPH = -18
ALM: 05 07/13/2021 04:28:22.470 Noise High
MSG: 05 07/13/2021 04:28:22.540 Set Caps = 309, I = 5.5 A, PH = 406, dPH = -15
MSG: 05 07/13/2021 04:28:22.640 Set Caps = 308, I = 5.5 A, PH = 396, dPH = -5
MSG: 05 07/13/2021 04:28:22.740 Set Caps = 307, I = 5.4 A, PH = 392, dPH = -1
MSG: 05 07/13/2021 04:28:22.940 Set Caps = 308, I = 5.4 A, PH = 393, dPH = -2
MSG: 05 07/13/2021 04:28:23.140 Set Caps = 309, I = 5.5 A, PH = 389, dPH = 2
MSG: 05 07/13/2021 04:28:23.770 Noise In Spec.
ALM: 05 07/13/2021 04:28:24.770 Noise High
MSG: 05 07/13/2021 04:28:25.670 Noise In Spec.
MSG: 05 07/13/2021 04:28:26.340 Set Caps = 310, I = 5.6 A, PH = 389, dPH = 2
ALM: 05 07/13/2021 04:28:27.670 Noise High
MSG: 05 07/13/2021 04:28:28.170 Noise In Spec.
MSG: 05 07/13/2021 04:28:28.540 Set Caps = 311, I = 5.6 A, PH = 389, dPH = 2
MSG: 05 07/13/2021 04:28:28.840 Set Caps = 312, I = 5.6 A, PH = 394, dPH = -3
MSG: 05 07/13/2021 04:28:33.140 Set Caps = 313, I = 5.7 A, PH = 390, dPH = 1
ALM: 05 07/13/2021 04:32:13.000 Reports Memory Full
ALM: 05 07/13/2021 04:42:13.000 Reports Memory Full
ALM: 05 07/13/2021 04:52:13.000 Reports Memory Full
ALM: 05 07/13/2021 05:02:13.000 Reports Memory Full
INF: Start Of Noise Report
  Present Noise:                    185 mV (20%)
  Maximum Noise:                    801 mV (89%)
  Average Noise:                    177 mV (19%)
  Time Averaged Over:                    1:00:00
NRP: 05 07/13/2021 05:03:43.000 20,89,19,3600
INF: End Of Noise Report
ALM: 05 07/13/2021 05:12:13.000 Reports Memory Full
ALM: 05 07/13/2021 05:22:13.000 Reports Memory Full
ALM: 05 07/13/2021 05:32:13.000 Reports Memory Full
ALM: 05 07/13/2021 05:42:13.000 Reports Memory Full
ALM: 05 07/13/2021 05:52:13.000 Reports Memory Full
ALM: 05 07/13/2021 06:02:13.000 Reports Memory Full
INF: Start Of Full Status Report
 Reader:
  ID:                                         05
  Model:                                  IS1001
  S/N:                                 2032.3566
  Date:                               07/13/2021
  Time:                                 06:02:14
  Application Firmware Version:            1.7.1
  Operation Mode:                           Scan
  Network Mode:                IS1001 Standalone
  Exciter Sync. Mode:                 Standalone
  Date/Time Sync.:                      Disabled
  Beeper:                               Disabled
  Tag Display Format:                        DEC
  Initiation Delay:                     Disabled
  Auto Standby Voltages:              16 V, 18 V
  Periodic Standby Start Time:              0:00
  Periodic Standby Duration:            Disabled
  Idling Time:                          Disabled
 Alarms:
  Antenna Current Low Alarm:               0.5 A
  Noise High Alarm:                          75%
  Tuning Capacit. High Alarm:                970
  Tuning Capacit. Low Alarm:                  50
  Alarms Unique Delay:                   600 sec
 Antenna/Tuning:
  Exciter Voltage Level:                       5
  Dynamic Tuning:                        Enabled
  Tuning Target Phase:                       391
  Tuning Target Phase Deviation Threshold:     4
 Communication:
  Local Port Speed:                       115200
  Tags To Local Port:                    Enabled
  Alarms To Local Port:                  Enabled
  Messages To Local Port:                Enabled
  Remote Port Protocol:                    ASCII
  Remote Port Transfer Rate:                Full
 Detection:
  HDX Tag Detection:                    Disabled
  Fastag Detection:                     Disabled
  FDXB Tag Signal Level Detection:      Disabled
  BioTherm Tag Temperature Detection:   Disabled
  Detection Counter Enabled:                 Yes
  Unique Mode:                             Delay
  Unique Delay:                           60 sec
  FDXB Detection Scan Time:               120 ms
  VTT Level:                                 128
  Auto VTT Delay:                        720 min
 Measurements:
  Antenna Current Gain:                      115
  Antenna Current Offset:                    110
 Memory:
  Tags Memory Size:                        78583
  Status Reports Memory Size:               1023
  Store Tags To Memory:                  Enabled
  Store VTT To Memory:                   Enabled
  Store Stat. Reports To Memory:         Enabled
 Reports:
  Auto Noise Report Delay:                60 min
  Auto Status Report Delay:              240 min
 Diagnostics:
  Detection Counter:                           0
  Tags In Memory:                      1729 (2%)
  Status Reports In Memory:           1021 (99%)
  Input Voltage:                          24.2 V
  Exciter Voltage:                        20.1 V
  Antenna Tuning:                          Tuned
  Antenna Current:                         5.7 A
  Tuning Capacitors:                         313
  Tuning Phase:                              388
  Tuning Relative Phase:                       3
  FDXB Signal Level:                162 mV (18%)
  Temperature:                            31.7 C
  Sync. Input Present:                       N/A
  Sec. Master Active:                        N/A
 Active Alarms:
  Reports Memory Full
SRP: 05 07/13/2021 06:02:14.600 16,0,0,2,5,3,313,2,99,242,201,57,18,388,317,21,0,0,0,0
INF: End Of Full Status Report
INF: Start Of Noise Report
  Present Noise:                    186 mV (20%)
  Maximum Noise:                    508 mV (56%)
  Average Noise:                    178 mV (19%)
  Time Averaged Over:                    1:00:00
NRP: 05 07/13/2021 06:03:43.000 20,56,19,3600
INF: End Of Noise Report
ALM: 05 07/13/2021 06:12:13.000 Reports Memory Full
ALM: 05 07/13/2021 06:22:13.000 Reports Memory Full
ALM: 05 07/13/2021 06:32:13.000 Reports Memory Full
ALM: 05 07/13/2021 06:42:13.000 Reports Memory Full
ALM: 05 07/13/2021 06:52:13.000 Reports Memory Full
ALM: 05 07/13/2021 07:02:13.000 Reports Memory Full
INF: Start Of Noise Report
  Present Noise:                    187 mV (20%)
  Maximum Noise:                    695 mV (77%)
  Average Noise:                    176 mV (19%)
  Time Averaged Over:                    1:00:00
NRP: 05 07/13/2021 07:03:43.000 20,77,19,3600
INF: End Of Noise Report
ALM: 05 07/13/2021 07:12:13.000 Reports Memory Full
MSG: 05 07/13/2021 07:21:17.140 Set Caps = 312, I = 5.6 A, PH = 404, dPH = -13
MSG: 05 07/13/2021 07:21:17.240 Set Caps = 311, I = 5.5 A, PH = 409, dPH = -18
MSG: 05 07/13/2021 07:21:17.340 Set Caps = 310, I = 5.5 A, PH = 401, dPH = -10
MSG: 05 07/13/2021 07:21:17.440 Set Caps = 309, I = 5.5 A, PH = 402, dPH = -11
MSG: 05 07/13/2021 07:21:17.540 Set Caps = 308, I = 5.5 A, PH = 399, dPH = -8
MSG: 05 07/13/2021 07:21:17.640 Set Caps = 307, I = 5.4 A, PH = 396, dPH = -5
MSG: 05 07/13/2021 07:21:17.740 Set Caps = 306, I = 5.3 A, PH = 393, dPH = -2
MSG: 05 07/13/2021 07:21:18.240 Set Caps = 305, I = 5.3 A, PH = 395, dPH = -4
MSG: 05 07/13/2021 07:21:20.740 Set Caps = 306, I = 5.3 A, PH = 385, dPH = 6
MSG: 05 07/13/2021 07:21:20.840 Set Caps = 307, I = 5.4 A, PH = 385, dPH = 6
MSG: 05 07/13/2021 07:21:20.940 Set Caps = 308, I = 5.5 A, PH = 390, dPH = 1
MSG: 05 07/13/2021 07:21:21.240 Set Caps = 309, I = 5.5 A, PH = 390, dPH = 1
ALM: 05 07/13/2021 07:21:22.170 Noise High
MSG: 05 07/13/2021 07:21:25.370 Noise In Spec.
MSG: 05 07/13/2021 07:21:26.740 Set Caps = 310, I = 5.6 A, PH = 390, dPH = 1
MSG: 05 07/13/2021 07:21:33.240 Set Caps = 311, I = 5.6 A, PH = 390, dPH = 1
MSG: 05 07/13/2021 07:21:38.140 Set Caps = 312, I = 5.6 A, PH = 394, dPH = -3
MSG: 05 07/13/2021 07:21:59.340 Set Caps = 313, I = 5.7 A, PH = 390, dPH = 1
ALM: 05 07/13/2021 07:22:13.000 Reports Memory Full
ALM: 05 07/13/2021 07:32:13.000 Reports Memory Full
ALM: 05 07/13/2021 07:42:13.000 Reports Memory Full
ALM: 05 07/13/2021 07:52:13.000 Reports Memory Full
ALM: 05 07/13/2021 08:02:13.000 Reports Memory Full
INF: Start Of Noise Report
  Present Noise:                    184 mV (20%)
  Maximum Noise:                    790 mV (87%)
  Average Noise:                    180 mV (20%)
  Time Averaged Over:                    1:00:00
NRP: 05 07/13/2021 08:03:43.000 20,87,20,3600
INF: End Of Noise Report
ALM: 05 07/13/2021 08:12:13.000 Reports Memory Full
ALM: 05 07/13/2021 08:22:13.000 Reports Memory Full
ALM: 05 07/13/2021 08:32:13.000 Reports Memory Full
ALM: 05 07/13/2021 08:42:13.000 Reports Memory Full
ALM: 05 07/13/2021 08:52:13.000 Reports Memory Full
ALM: 05 07/13/2021 09:02:13.000 Reports Memory Full
INF: Start Of Noise Report
  Present Noise:                    161 mV (17%)
  Maximum Noise:                    587 mV (65%)
  Average Noise:                    173 mV (19%)
  Time Averaged Over:                    1:00:00
NRP: 05 07/13/2021 09:03:43.000 17,65,19,3600
INF: End Of Noise Report
ALM: 05 07/13/2021 09:12:13.000 Reports Memory Full
ALM: 05 07/13/2021 09:22:13.000 Reports Memory Full
ALM: 05 07/13/2021 09:32:13.000 Reports Memory Full
ALM: 05 07/13/2021 09:42:13.000 Reports Memory Full
ALM: 05 07/13/2021 09:52:13.000 Reports Memory Full
ALM: 05 07/13/2021 10:02:13.000 Reports Memory Full
MSG: 05 07/13/2021 10:02:14.100 Test Tag Single Shot Fired
TAG: 05 07/13/2021 10:02:14.130 999.000000007429
MSG: 05 07/13/2021 10:02:14.130 VTT Test Passed
INF: Start Of Full Status Report
 Reader:
  ID:                                         05
  Model:                                  IS1001
  S/N:                                 2032.3566
  Date:                               07/13/2021
  Time:                                 10:02:24
  Application Firmware Version:            1.7.1
  Operation Mode:                           Scan
  Network Mode:                IS1001 Standalone
  Exciter Sync. Mode:                 Standalone
  Date/Time Sync.:                      Disabled
  Beeper:                               Disabled
  Tag Display Format:                        DEC
  Initiation Delay:                     Disabled
  Auto Standby Voltages:              16 V, 18 V
  Periodic Standby Start Time:              0:00
  Periodic Standby Duration:            Disabled
  Idling Time:                          Disabled
 Alarms:
  Antenna Current Low Alarm:               0.5 A
  Noise High Alarm:                          75%
  Tuning Capacit. High Alarm:                970
  Tuning Capacit. Low Alarm:                  50
  Alarms Unique Delay:                   600 sec
 Antenna/Tuning:
  Exciter Voltage Level:                       5
  Dynamic Tuning:                        Enabled
  Tuning Target Phase:                       391
  Tuning Target Phase Deviation Threshold:     4
 Communication:
  Local Port Speed:                       115200
  Tags To Local Port:                    Enabled
  Alarms To Local Port:                  Enabled
  Messages To Local Port:                Enabled
  Remote Port Protocol:                    ASCII
  Remote Port Transfer Rate:                Full
 Detection:
  HDX Tag Detection:                    Disabled
  Fastag Detection:                     Disabled
  FDXB Tag Signal Level Detection:      Disabled
  BioTherm Tag Temperature Detection:   Disabled
  Detection Counter Enabled:                 Yes
  Unique Mode:                             Delay
  Unique Delay:                           60 sec
  FDXB Detection Scan Time:               120 ms
  VTT Level:                                 128
  Auto VTT Delay:                        720 min
 Measurements:
  Antenna Current Gain:                      115
  Antenna Current Offset:                    110
 Memory:
  Tags Memory Size:                        78583
  Status Reports Memory Size:               1023
  Store Tags To Memory:                  Enabled
  Store VTT To Memory:                   Enabled
  Store Stat. Reports To Memory:         Enabled
 Reports:
  Auto Noise Report Delay:                60 min
  Auto Status Report Delay:              240 min
 Diagnostics:
  Detection Counter:                           0
  Tags In Memory:                      1730 (2%)
  Status Reports In Memory:           1022 (99%)
  Input Voltage:                          24.2 V
  Exciter Voltage:                        20.1 V
  Antenna Tuning:                          Tuned
  Antenna Current:                         5.7 A
  Tuning Capacitors:                         313
  Tuning Phase:                              388
  Tuning Relative Phase:                       3
  FDXB Signal Level:                187 mV (20%)
  Temperature:                            32.5 C
  Sync. Input Present:                       N/A
  Sec. Master Active:                        N/A
 Active Alarms:
  Reports Memory Full
SRP: 05 07/13/2021 10:02:24.100 16,0,0,2,5,3,313,2,99,242,201,57,20,388,325,21,0,0,0,0
INF: End Of Full Status Report
INF: Start Of Noise Report
  Present Noise:                    185 mV (20%)
  Maximum Noise:                    535 mV (59%)
  Average Noise:                    169 mV (18%)
  Time Averaged Over:                    1:00:00
NRP: 05 07/13/2021 10:03:43.000 20,59,18,3600
INF: End Of Noise Report
ALM: 05 07/13/2021 10:12:13.000 Reports Memory Full
MSG: 05 07/13/2021 10:15:39.340 Set Caps = 314, I = 5.6 A, PH = 388, dPH = 3
ALM: 05 07/13/2021 10:22:13.000 Reports Memory Full
ALM: 05 07/13/2021 10:32:13.000 Reports Memory Full
ALM: 05 07/13/2021 10:42:13.000 Reports Memory Full
ALM: 05 07/13/2021 10:52:13.000 Reports Memory Full
ALM: 05 07/13/2021 11:02:13.000 Reports Memory Full
INF: Start Of Noise Report
  Present Noise:                    150 mV (16%)
  Maximum Noise:                    677 mV (75%)
  Average Noise:                    168 mV (18%)
  Time Averaged Over:                    1:00:00
NRP: 05 07/13/2021 11:03:43.000 16,75,18,3600
INF: End Of Noise Report
ALM: 05 07/13/2021 11:12:13.000 Reports Memory Full
ALM: 05 07/13/2021 11:22:13.000 Reports Memory Full
MSG: 05 07/13/2021 11:26:35.340 Set Caps = 313, I = 5.6 A, PH = 401, dPH = -10
ALM: 05 07/13/2021 11:32:13.000 Reports Memory Full
MSG: 05 07/13/2021 11:34:52.340 Set Caps = 314, I = 5.6 A, PH = 390, dPH = 1
ALM: 05 07/13/2021 11:42:13.000 Reports Memory Full
ALM: 05 07/13/2021 11:52:13.000 Reports Memory Full
ALM: 05 07/13/2021 12:02:13.000 Reports Memory Full
INF: Start Of Noise Report
  Present Noise:                    168 mV (18%)
  Maximum Noise:                    697 mV (77%)
  Average Noise:                    167 mV (18%)
  Time Averaged Over:                    1:00:00
NRP: 05 07/13/2021 12:03:43.000 18,77,18,3600
INF: End Of Noise Report
ALM: 05 07/13/2021 12:12:13.000 Reports Memory Full
ALM: 05 07/13/2021 12:22:13.000 Reports Memory Full
ALM: 05 07/13/2021 12:32:13.000 Reports Memory Full
ALM: 05 07/13/2021 12:42:13.000 Reports Memory Full
ALM: 05 07/13/2021 12:52:13.000 Reports Memory Full
ALM: 05 07/13/2021 13:02:13.000 Reports Memory Full
INF: Start Of Noise Report
  Present Noise:                    167 mV (18%)
  Maximum Noise:                    675 mV (75%)
  Average Noise:                    169 mV (18%)
  Time Averaged Over:                    1:00:00
NRP: 05 07/13/2021 13:03:43.000 18,75,18,3600
INF: End Of Noise Report
ALM: 05 07/13/2021 13:12:13.000 Reports Memory Full
ALM: 05 07/13/2021 13:22:13.000 Reports Memory Full
ALM: 05 07/13/2021 13:32:13.000 Reports Memory Full
ALM: 05 07/13/2021 13:42:13.000 Reports Memory Full
MSG: 05 07/13/2021 13:50:41.740 Set Caps = 315, I = 5.6 A, PH = 390, dPH = 1
ALM: 05 07/13/2021 13:52:13.000 Reports Memory Full
ALM: 05 07/13/2021 14:02:13.000 Reports Memory Full
INF: Start Of Full Status Report
 Reader:
  ID:                                         05
  Model:                                  IS1001
  S/N:                                 2032.3566
  Date:                               07/13/2021
  Time:                                 14:02:14
  Application Firmware Version:            1.7.1
  Operation Mode:                           Scan
  Network Mode:                IS1001 Standalone
  Exciter Sync. Mode:                 Standalone
  Date/Time Sync.:                      Disabled
  Beeper:                               Disabled
  Tag Display Format:                        DEC
  Initiation Delay:                     Disabled
  Auto Standby Voltages:              16 V, 18 V
  Periodic Standby Start Time:              0:00
  Periodic Standby Duration:            Disabled
  Idling Time:                          Disabled
 Alarms:
  Antenna Current Low Alarm:               0.5 A
  Noise High Alarm:                          75%
  Tuning Capacit. High Alarm:                970
  Tuning Capacit. Low Alarm:                  50
  Alarms Unique Delay:                   600 sec
 Antenna/Tuning:
  Exciter Voltage Level:                       5
  Dynamic Tuning:                        Enabled
  Tuning Target Phase:                       391
  Tuning Target Phase Deviation Threshold:     4
 Communication:
  Local Port Speed:                       115200
  Tags To Local Port:                    Enabled
  Alarms To Local Port:                  Enabled
  Messages To Local Port:                Enabled
  Remote Port Protocol:                    ASCII
  Remote Port Transfer Rate:                Full
 Detection:
  HDX Tag Detection:                    Disabled
  Fastag Detection:                     Disabled
  FDXB Tag Signal Level Detection:      Disabled
  BioTherm Tag Temperature Detection:   Disabled
  Detection Counter Enabled:                 Yes
  Unique Mode:                             Delay
  Unique Delay:                           60 sec
  FDXB Detection Scan Time:               120 ms
  VTT Level:                                 128
  Auto VTT Delay:                        720 min
 Measurements:
  Antenna Current Gain:                      115
  Antenna Current Offset:                    110
 Memory:
  Tags Memory Size:                        78583
  Status Reports Memory Size:               1023
  Store Tags To Memory:                  Enabled
  Store VTT To Memory:                   Enabled
  Store Stat. Reports To Memory:         Enabled
 Reports:
  Auto Noise Report Delay:                60 min
  Auto Status Report Delay:              240 min
 Diagnostics:
  Detection Counter:                           0
  Tags In Memory:                      1730 (2%)
  Status Reports In Memory:          1023 (100%)
  Input Voltage:                          24.2 V
  Exciter Voltage:                        20.1 V
  Antenna Tuning:                          Tuned
  Antenna Current:                         5.6 A
  Tuning Capacitors:                         315
  Tuning Phase:                              392
  Tuning Relative Phase:                      -1
  FDXB Signal Level:                165 mV (18%)
  Temperature:                            34.3 C
  Sync. Input Present:                       N/A
  Sec. Master Active:                        N/A
 Active Alarms:
  Reports Memory Full
SRP: 05 07/13/2021 14:02:14.600 16,0,0,2,5,-1,315,2,100,242,201,56,18,392,343,21,0,0,0,0
INF: End Of Full Status Report
INF: Start Of Noise Report
  Present Noise:                    163 mV (18%)
  Maximum Noise:                    684 mV (76%)
  Average Noise:                    169 mV (18%)
  Time Averaged Over:                    1:00:00
NRP: 05 07/13/2021 14:03:43.000 18,76,18,3600
INF: End Of Noise Report
ALM: 05 07/13/2021 14:12:13.000 Reports Memory Full
ALM: 05 07/13/2021 14:22:13.000 Reports Memory Full
ALM: 05 07/13/2021 14:32:13.000 Reports Memory Full
ALM: 05 07/13/2021 14:42:13.000 Reports Memory Full
ALM: 05 07/13/2021 14:52:13.000 Reports Memory Full
ALM: 05 07/13/2021 15:02:13.000 Reports Memory Full
INF: Start Of Noise Report
  Present Noise:                    159 mV (17%)
  Maximum Noise:                    683 mV (75%)
  Average Noise:                    167 mV (18%)
  Time Averaged Over:                    1:00:00
NRP: 05 07/13/2021 15:03:43.000 17,75,18,3600
INF: End Of Noise Report
MSG: 05 07/13/2021 15:11:58.640 Set Caps = 314, I = 5.6 A, PH = 393, dPH = -2
ALM: 05 07/13/2021 15:12:13.000 Reports Memory Full
ALM: 05 07/13/2021 15:12:25.470 Noise High
MSG: 05 07/13/2021 15:12:26.370 Noise In Spec.
MSG: 05 07/13/2021 15:12:55.140 Set Caps = 313, I = 5.6 A, PH = 397, dPH = -6
MSG: 05 07/13/2021 15:13:06.640 Set Caps = 312, I = 5.5 A, PH = 401, dPH = -10
MSG: 05 07/13/2021 15:13:06.740 Set Caps = 311, I = 5.5 A, PH = 404, dPH = -13
MSG: 05 07/13/2021 15:13:06.840 Set Caps = 310, I = 5.5 A, PH = 396, dPH = -5
MSG: 05 07/13/2021 15:13:07.240 Set Caps = 309, I = 5.4 A, PH = 400, dPH = -9
ALM: 05 07/13/2021 15:13:07.470 Noise High
MSG: 05 07/13/2021 15:13:07.940 Set Caps = 308, I = 5.4 A, PH = 392, dPH = -1
MSG: 05 07/13/2021 15:13:09.740 Set Caps = 309, I = 5.4 A, PH = 388, dPH = 3
MSG: 05 07/13/2021 15:13:09.840 Set Caps = 310, I = 5.5 A, PH = 389, dPH = 2
MSG: 05 07/13/2021 15:13:10.170 Noise In Spec.
MSG: 05 07/13/2021 15:13:10.240 Set Caps = 311, I = 5.5 A, PH = 390, dPH = 1
MSG: 05 07/13/2021 15:13:13.740 Set Caps = 312, I = 5.5 A, PH = 394, dPH = -3
MSG: 05 07/13/2021 15:13:39.740 Set Caps = 313, I = 5.6 A, PH = 390, dPH = 1
MSG: 05 07/13/2021 15:17:32.240 Set Caps = 314, I = 5.6 A, PH = 390, dPH = 1
ALM: 05 07/13/2021 15:22:13.000 Reports Memory Full
ALM: 05 07/13/2021 15:23:06.070 Noise High
MSG: 05 07/13/2021 15:23:27.370 Noise In Spec.
MSG: 05 07/13/2021 15:23:36.540 Set Caps = 313, I = 5.6 A, PH = 394, dPH = -3
MSG: 05 07/13/2021 15:26:32.940 Set Caps = 314, I = 5.6 A, PH = 390, dPH = 1
ALM: 05 07/13/2021 15:32:13.000 Reports Memory Full
ALM: 05 07/13/2021 15:42:13.000 Reports Memory Full
MSG: 05 07/13/2021 15:44:48.440 Set Caps = 315, I = 5.6 A, PH = 389, dPH = 2
MSG: 05 07/13/2021 15:51:28.340 Set Caps = 314, I = 5.6 A, PH = 391, dPH = 0
ALM: 05 07/13/2021 15:52:13.000 Reports Memory Full
ALM: 05 07/13/2021 16:02:13.000 Reports Memory Full
INF: Start Of Noise Report
  Present Noise:                    150 mV (16%)
  Maximum Noise:                    798 mV (88%)
  Average Noise:                    188 mV (20%)
  Time Averaged Over:                    1:00:00
NRP: 05 07/13/2021 16:03:43.000 16,88,20,3600
INF: End Of Noise Report
ALM: 05 07/13/2021 16:12:13.000 Reports Memory Full
ALM: 05 07/13/2021 16:22:13.000 Reports Memory Full
ALM: 05 07/13/2021 16:32:13.000 Reports Memory Full
ALM: 05 07/13/2021 16:42:13.000 Reports Memory Full
MSG: 05 07/13/2021 16:48:53.440 Set Caps = 315, I = 5.6 A, PH = 390, dPH = 1
ALM: 05 07/13/2021 16:52:13.000 Reports Memory Full
ALM: 05 07/13/2021 17:02:13.000 Reports Memory Full
INF: Start Of Noise Report
  Present Noise:                    159 mV (17%)
  Maximum Noise:                    668 mV (74%)
  Average Noise:                    166 mV (18%)
  Time Averaged Over:                    1:00:00
NRP: 05 07/13/2021 17:03:43.000 17,74,18,3600
INF: End Of Noise Report
ALM: 05 07/13/2021 17:12:13.000 Reports Memory Full
ALM: 05 07/13/2021 17:22:13.000 Reports Memory Full
ALM: 05 07/13/2021 17:32:13.000 Reports Memory Full
ALM: 05 07/13/2021 17:42:13.000 Reports Memory Full
ALM: 05 07/13/2021 17:52:13.000 Reports Memory Full
MSG: 05 07/13/2021 17:58:35.640 Set Caps = 314, I = 5.6 A, PH = 401, dPH = -10
ALM: 05 07/13/2021 18:02:13.000 Reports Memory Full
INF: Start Of Full Status Report
 Reader:
  ID:                                         05
  Model:                                  IS1001
  S/N:                                 2032.3566
  Date:                               07/13/2021
  Time:                                 18:02:14
  Application Firmware Version:            1.7.1
  Operation Mode:                           Scan
  Network Mode:                IS1001 Standalone
  Exciter Sync. Mode:                 Standalone
  Date/Time Sync.:                      Disabled
  Beeper:                               Disabled
  Tag Display Format:                        DEC
  Initiation Delay:                     Disabled
  Auto Standby Voltages:              16 V, 18 V
  Periodic Standby Start Time:              0:00
  Periodic Standby Duration:            Disabled
  Idling Time:                          Disabled
 Alarms:
  Antenna Current Low Alarm:               0.5 A
  Noise High Alarm:                          75%
  Tuning Capacit. High Alarm:                970
  Tuning Capacit. Low Alarm:                  50
  Alarms Unique Delay:                   600 sec
 Antenna/Tuning:
  Exciter Voltage Level:                       5
  Dynamic Tuning:                        Enabled
  Tuning Target Phase:                       391
  Tuning Target Phase Deviation Threshold:     4
 Communication:
  Local Port Speed:                       115200
  Tags To Local Port:                    Enabled
  Alarms To Local Port:                  Enabled
  Messages To Local Port:                Enabled
  Remote Port Protocol:                    ASCII
  Remote Port Transfer Rate:                Full
 Detection:
  HDX Tag Detection:                    Disabled
  Fastag Detection:                     Disabled
  FDXB Tag Signal Level Detection:      Disabled
  BioTherm Tag Temperature Detection:   Disabled
  Detection Counter Enabled:                 Yes
  Unique Mode:                             Delay
  Unique Delay:                           60 sec
  FDXB Detection Scan Time:               120 ms
  VTT Level:                                 128
  Auto VTT Delay:                        720 min
 Measurements:
  Antenna Current Gain:                      115
  Antenna Current Offset:                    110
 Memory:
  Tags Memory Size:                        78583
  Status Reports Memory Size:               1023
  Store Tags To Memory:                  Enabled
  Store VTT To Memory:                   Enabled
  Store Stat. Reports To Memory:         Enabled
 Reports:
  Auto Noise Report Delay:                60 min
  Auto Status Report Delay:              240 min
 Diagnostics:
  Detection Counter:                           0
  Tags In Memory:                      1730 (2%)
  Status Reports In Memory:           1020 (99%)
  Input Voltage:                          24.3 V
  Exciter Voltage:                        20.1 V
  Antenna Tuning:                          Tuned
  Antenna Current:                         5.6 A
  Tuning Capacitors:                         314
  Tuning Phase:                              388
  Tuning Relative Phase:                       3
  FDXB Signal Level:                165 mV (18%)
  Temperature:                            34.5 C
  Sync. Input Present:                       N/A
  Sec. Master Active:                        N/A
 Active Alarms:
  Reports Memory Full
SRP: 05 07/13/2021 18:02:14.600 16,0,0,2,5,3,314,2,99,243,201,56,18,388,345,21,0,0,0,0
INF: End Of Full Status Report
ALM: 05 07/13/2021 18:02:38.670 Noise High
MSG: 05 07/13/2021 18:02:39.570 Noise In Spec.
MSG: 05 07/13/2021 18:02:39.740 Set Caps = 313, I = 5.6 A, PH = 394, dPH = -3
ALM: 05 07/13/2021 18:02:40.470 Noise High
MSG: 05 07/13/2021 18:02:42.970 Noise In Spec.
MSG: 05 07/13/2021 18:02:53.840 Set Caps = 314, I = 5.6 A, PH = 389, dPH = 2
INF: Start Of Noise Report
  Present Noise:                    163 mV (18%)
  Maximum Noise:                    793 mV (88%)
  Average Noise:                    186 mV (20%)
  Time Averaged Over:                    1:00:00
NRP: 05 07/13/2021 18:03:43.000 18,88,20,3600
INF: End Of Noise Report
MSG: 05 07/13/2021 18:04:36.240 Set Caps = 315, I = 5.6 A, PH = 390, dPH = 1
ALM: 05 07/13/2021 18:12:13.000 Reports Memory Full
ALM: 05 07/13/2021 18:22:13.000 Reports Memory Full
ALM: 05 07/13/2021 18:32:13.000 Reports Memory Full
ALM: 05 07/13/2021 18:42:13.000 Reports Memory Full
MSG: 05 07/13/2021 18:52:01.540 Set Caps = 316, I = 5.6 A, PH = 398, dPH = -7
MSG: 05 07/13/2021 18:52:01.740 Set Caps = 315, I = 5.6 A, PH = 394, dPH = -3
ALM: 05 07/13/2021 18:52:13.000 Reports Memory Full
ALM: 05 07/13/2021 19:02:13.000 Reports Memory Full
INF: Start Of Noise Report
  Present Noise:                    152 mV (16%)
  Maximum Noise:                    575 mV (63%)
  Average Noise:                    165 mV (18%)
  Time Averaged Over:                    1:00:00
NRP: 05 07/13/2021 19:03:43.000 16,63,18,3600
INF: End Of Noise Report
ALM: 05 07/13/2021 19:12:13.000 Reports Memory Full
MSG: 05 07/13/2021 19:17:02.340 Set Caps = 316, I = 5.6 A, PH = 393, dPH = -2
MSG: 05 07/13/2021 19:17:02.740 Set Caps = 315, I = 5.6 A, PH = 394, dPH = -3
ALM: 05 07/13/2021 19:22:13.000 Reports Memory Full
ALM: 05 07/13/2021 19:32:13.000 Reports Memory Full
ALM: 05 07/13/2021 19:42:13.000 Reports Memory Full
ALM: 05 07/13/2021 19:52:13.000 Reports Memory Full
MSG: 05 07/13/2021 20:01:52.140 Set Caps = 317, I = 5.6 A, PH = 382, dPH = 9
MSG: 05 07/13/2021 20:01:52.240 Set Caps = 316, I = 5.6 A, PH = 397, dPH = -6
MSG: 05 07/13/2021 20:01:52.340 Set Caps = 315, I = 5.6 A, PH = 393, dPH = -2
ALM: 05 07/13/2021 20:02:13.000 Reports Memory Full
INF: Start Of Noise Report
  Present Noise:                    163 mV (18%)
  Maximum Noise:                    729 mV (81%)
  Average Noise:                    167 mV (18%)
  Time Averaged Over:                    1:00:00
NRP: 05 07/13/2021 20:03:43.000 18,81,18,3600
INF: End Of Noise Report
ALM: 05 07/13/2021 20:12:13.000 Reports Memory Full
ALM: 05 07/13/2021 20:22:13.000 Reports Memory Full
ALM: 05 07/13/2021 20:32:13.000 Reports Memory Full
ALM: 05 07/13/2021 20:42:13.000 Reports Memory Full
ALM: 05 07/13/2021 20:52:13.000 Reports Memory Full
MSG: 05 07/13/2021 20:52:24.240 Set Caps = 314, I = 5.7 A, PH = 393, dPH = -2
ALM: 05 07/13/2021 21:02:13.000 Reports Memory Full
INF: Start Of Noise Report
  Present Noise:                    150 mV (16%)
  Maximum Noise:                    796 mV (88%)
  Average Noise:                    172 mV (19%)
  Time Averaged Over:                    1:00:00
NRP: 05 07/13/2021 21:03:43.000 16,88,19,3600
INF: End Of Noise Report
ALM: 05 07/13/2021 21:12:13.000 Reports Memory Full
ALM: 05 07/13/2021 21:22:13.000 Reports Memory Full
ALM: 05 07/13/2021 21:32:13.000 Reports Memory Full
ALM: 05 07/13/2021 21:42:13.000 Reports Memory Full
ALM: 05 07/13/2021 21:52:13.000 Reports Memory Full
ALM: 05 07/13/2021 22:02:13.000 Reports Memory Full
MSG: 05 07/13/2021 22:02:14.100 Test Tag Single Shot Fired
TAG: 05 07/13/2021 22:02:14.130 999.000000007429
MSG: 05 07/13/2021 22:02:14.130 VTT Test Passed
INF: Start Of Full Status Report
 Reader:
  ID:                                         05
  Model:                                  IS1001
  S/N:                                 2032.3566
  Date:                               07/13/2021
  Time:                                 22:02:24
  Application Firmware Version:            1.7.1
  Operation Mode:                           Scan
  Network Mode:                IS1001 Standalone
  Exciter Sync. Mode:                 Standalone
  Date/Time Sync.:                      Disabled
  Beeper:                               Disabled
  Tag Display Format:                        DEC
  Initiation Delay:                     Disabled
  Auto Standby Voltages:              16 V, 18 V
  Periodic Standby Start Time:              0:00
  Periodic Standby Duration:            Disabled
  Idling Time:                          Disabled
 Alarms:
  Antenna Current Low Alarm:               0.5 A
  Noise High Alarm:                          75%
  Tuning Capacit. High Alarm:                970
  Tuning Capacit. Low Alarm:                  50
  Alarms Unique Delay:                   600 sec
 Antenna/Tuning:
  Exciter Voltage Level:                       5
  Dynamic Tuning:                        Enabled
  Tuning Target Phase:                       391
  Tuning Target Phase Deviation Threshold:     4
 Communication:
  Local Port Speed:                       115200
  Tags To Local Port:                    Enabled
  Alarms To Local Port:                  Enabled
  Messages To Local Port:                Enabled
  Remote Port Protocol:                    ASCII
  Remote Port Transfer Rate:                Full
 Detection:
  HDX Tag Detection:                    Disabled
  Fastag Detection:                     Disabled
  FDXB Tag Signal Level Detection:      Disabled
  BioTherm Tag Temperature Detection:   Disabled
  Detection Counter Enabled:                 Yes
  Unique Mode:                             Delay
  Unique Delay:                           60 sec
  FDXB Detection Scan Time:               120 ms
  VTT Level:                                 128
  Auto VTT Delay:                        720 min
 Measurements:
  Antenna Current Gain:                      115
  Antenna Current Offset:                    110
 Memory:
  Tags Memory Size:                        78583
  Status Reports Memory Size:               1023
  Store Tags To Memory:                  Enabled
  Store VTT To Memory:                   Enabled
  Store Stat. Reports To Memory:         Enabled
 Reports:
  Auto Noise Report Delay:                60 min
  Auto Status Report Delay:              240 min
 Diagnostics:
  Detection Counter:                           0
  Tags In Memory:                      1731 (2%)
  Status Reports In Memory:           1021 (99%)
  Input Voltage:                          24.2 V
  Exciter Voltage:                        20.1 V
  Antenna Tuning:                          Tuned
  Antenna Current:                         5.7 A
  Tuning Capacitors:                         314
  Tuning Phase:                              389
  Tuning Relative Phase:                       2
  FDXB Signal Level:                167 mV (18%)
  Temperature:                            33.0 C
  Sync. Input Present:                       N/A
  Sec. Master Active:                        N/A
 Active Alarms:
  Reports Memory Full
SRP: 05 07/13/2021 22:02:24.100 16,0,0,2,5,2,314,2,99,242,201,57,18,389,330,21,0,0,0,0
INF: End Of Full Status Report
INF: Start Of Noise Report
  Present Noise:                    173 mV (19%)
  Maximum Noise:                    611 mV (67%)
  Average Noise:                    167 mV (18%)
  Time Averaged Over:                    1:00:00
NRP: 05 07/13/2021 22:03:43.000 19,67,18,3600
INF: End Of Noise Report
ALM: 05 07/13/2021 22:12:13.000 Reports Memory Full
ALM: 05 07/13/2021 22:22:13.000 Reports Memory Full
MSG: 05 07/13/2021 22:25:42.240 Set Caps = 315, I = 5.7 A, PH = 389, dPH = 2
ALM: 05 07/13/2021 22:32:13.000 Reports Memory Full
ALM: 05 07/13/2021 22:42:13.000 Reports Memory Full
ALM: 05 07/13/2021 22:52:13.000 Reports Memory Full
ALM: 05 07/13/2021 23:02:13.000 Reports Memory Full
INF: Start Of Noise Report
  Present Noise:                    153 mV (17%)
  Maximum Noise:                    707 mV (78%)
  Average Noise:                    169 mV (18%)
  Time Averaged Over:                    1:00:00
NRP: 05 07/13/2021 23:03:43.000 17,78,18,3600
INF: End Of Noise Report
ALM: 05 07/13/2021 23:12:13.000 Reports Memory Full
ALM: 05 07/13/2021 23:22:13.000 Reports Memory Full
ALM: 05 07/13/2021 23:32:13.000 Reports Memory Full
ALM: 05 07/13/2021 23:42:13.000 Reports Memory Full
ALM: 05 07/13/2021 23:52:13.000 Reports Memory Full
